Performing C SOURCE FILE Test CMAKE_HAVE_LIBC_PTHREAD failed with the following output:
Change Dir: /home/ak/org/libbaresip-android/ZRTPCPP/build/CMakeFiles/CMakeScratch/TryCompile-MXGlnF

Run Build Command(s):/usr/bin/gmake -f Makefile cmTC_9f4fe/fast && gmake[1]: Entering directory '/home/ak/org/libbaresip-android/ZRTPCPP/build/CMakeFiles/CMakeScratch/TryCompile-MXGlnF'
/usr/bin/gmake  -f CMakeFiles/cmTC_9f4fe.dir/build.make CMakeFiles/cmTC_9f4fe.dir/build
gmake[2]: Entering directory '/home/ak/org/libbaresip-android/ZRTPCPP/build/CMakeFiles/CMakeScratch/TryCompile-MXGlnF'
Building C object CMakeFiles/cmTC_9f4fe.dir/src.c.o
/home/ak/Android/Sdk/ndk/26.0.10792818/toolchains/llvm/prebuilt/linux-x86_64/bin/aarch64-linux-android23-clang -DCMAKE_HAVE_LIBC_PTHREAD   -MD -MT CMakeFiles/cmTC_9f4fe.dir/src.c.o -MF CMakeFiles/cmTC_9f4fe.dir/src.c.o.d -o CMakeFiles/cmTC_9f4fe.dir/src.c.o -c /home/ak/org/libbaresip-android/ZRTPCPP/build/CMakeFiles/CMakeScratch/TryCompile-MXGlnF/src.c
/home/ak/org/libbaresip-android/ZRTPCPP/build/CMakeFiles/CMakeScratch/TryCompile-MXGlnF/src.c:13:3: error: call to undeclared function 'pthread_cancel'; ISO C99 and later do not support implicit function declarations [-Wimplicit-function-declaration]
  pthread_cancel(thread);
  ^
/home/ak/org/libbaresip-android/ZRTPCPP/build/CMakeFiles/CMakeScratch/TryCompile-MXGlnF/src.c:13:3: note: did you mean 'pthread_once'?
/home/ak/Android/Sdk/ndk/26.0.10792818/toolchains/llvm/prebuilt/linux-x86_64/bin/../sysroot/usr/include/pthread.h:258:5: note: 'pthread_once' declared here
int pthread_once(pthread_once_t* _Nonnull __once, void (* _Nonnull __init_routine)(void));
    ^
1 error generated.
gmake[2]: *** [CMakeFiles/cmTC_9f4fe.dir/build.make:79: CMakeFiles/cmTC_9f4fe.dir/src.c.o] Error 1
gmake[2]: Leaving directory '/home/ak/org/libbaresip-android/ZRTPCPP/build/CMakeFiles/CMakeScratch/TryCompile-MXGlnF'
gmake[1]: *** [Makefile:127: cmTC_9f4fe/fast] Error 2
gmake[1]: Leaving directory '/home/ak/org/libbaresip-android/ZRTPCPP/build/CMakeFiles/CMakeScratch/TryCompile-MXGlnF'


Source file was:
#include <pthread.h>

static void* test_func(void* data)
{
  return data;
}

int main(void)
{
  pthread_t thread;
  pthread_create(&thread, NULL, test_func, NULL);
  pthread_detach(thread);
  pthread_cancel(thread);
  pthread_join(thread, NULL);
  pthread_atfork(NULL, NULL, NULL);
  pthread_exit(NULL);

  return 0;
}


Determining if the function pthread_create exists in the pthreads failed with the following output:
Change Dir: /home/ak/org/libbaresip-android/ZRTPCPP/build/CMakeFiles/CMakeScratch/TryCompile-fwNomn

Run Build Command(s):/usr/bin/gmake -f Makefile cmTC_1c08d/fast && gmake[1]: Entering directory '/home/ak/org/libbaresip-android/ZRTPCPP/build/CMakeFiles/CMakeScratch/TryCompile-fwNomn'
/usr/bin/gmake  -f CMakeFiles/cmTC_1c08d.dir/build.make CMakeFiles/cmTC_1c08d.dir/build
gmake[2]: Entering directory '/home/ak/org/libbaresip-android/ZRTPCPP/build/CMakeFiles/CMakeScratch/TryCompile-fwNomn'
Building C object CMakeFiles/cmTC_1c08d.dir/CheckFunctionExists.c.o
/home/ak/Android/Sdk/ndk/26.0.10792818/toolchains/llvm/prebuilt/linux-x86_64/bin/aarch64-linux-android23-clang   -DCHECK_FUNCTION_EXISTS=pthread_create -MD -MT CMakeFiles/cmTC_1c08d.dir/CheckFunctionExists.c.o -MF CMakeFiles/cmTC_1c08d.dir/CheckFunctionExists.c.o.d -o CMakeFiles/cmTC_1c08d.dir/CheckFunctionExists.c.o -c /home/ak/org/libbaresip-android/ZRTPCPP/build/CMakeFiles/CMakeScratch/TryCompile-fwNomn/CheckFunctionExists.c
Linking C executable cmTC_1c08d
/usr/bin/cmake -E cmake_link_script CMakeFiles/cmTC_1c08d.dir/link.txt --verbose=1
/home/ak/Android/Sdk/ndk/26.0.10792818/toolchains/llvm/prebuilt/linux-x86_64/bin/aarch64-linux-android23-clang  -DCHECK_FUNCTION_EXISTS=pthread_create CMakeFiles/cmTC_1c08d.dir/CheckFunctionExists.c.o -o cmTC_1c08d  -lpthreads 
ld.lld: error: unable to find library -lpthreads
clang-17: error: linker command failed with exit code 1 (use -v to see invocation)
gmake[2]: *** [CMakeFiles/cmTC_1c08d.dir/build.make:100: cmTC_1c08d] Error 1
gmake[2]: Leaving directory '/home/ak/org/libbaresip-android/ZRTPCPP/build/CMakeFiles/CMakeScratch/TryCompile-fwNomn'
gmake[1]: *** [Makefile:127: cmTC_1c08d/fast] Error 2
gmake[1]: Leaving directory '/home/ak/org/libbaresip-android/ZRTPCPP/build/CMakeFiles/CMakeScratch/TryCompile-fwNomn'



Determining if the function pthread_create exists in the pthread failed with the following output:
Change Dir: /home/ak/org/libbaresip-android/ZRTPCPP/build/CMakeFiles/CMakeScratch/TryCompile-rBWg45

Run Build Command(s):/usr/bin/gmake -f Makefile cmTC_7dd2c/fast && gmake[1]: Entering directory '/home/ak/org/libbaresip-android/ZRTPCPP/build/CMakeFiles/CMakeScratch/TryCompile-rBWg45'
/usr/bin/gmake  -f CMakeFiles/cmTC_7dd2c.dir/build.make CMakeFiles/cmTC_7dd2c.dir/build
gmake[2]: Entering directory '/home/ak/org/libbaresip-android/ZRTPCPP/build/CMakeFiles/CMakeScratch/TryCompile-rBWg45'
Building C object CMakeFiles/cmTC_7dd2c.dir/CheckFunctionExists.c.o
/home/ak/Android/Sdk/ndk/26.0.10792818/toolchains/llvm/prebuilt/linux-x86_64/bin/aarch64-linux-android23-clang   -DCHECK_FUNCTION_EXISTS=pthread_create -MD -MT CMakeFiles/cmTC_7dd2c.dir/CheckFunctionExists.c.o -MF CMakeFiles/cmTC_7dd2c.dir/CheckFunctionExists.c.o.d -o CMakeFiles/cmTC_7dd2c.dir/CheckFunctionExists.c.o -c /home/ak/org/libbaresip-android/ZRTPCPP/build/CMakeFiles/CMakeScratch/TryCompile-rBWg45/CheckFunctionExists.c
Linking C executable cmTC_7dd2c
/usr/bin/cmake -E cmake_link_script CMakeFiles/cmTC_7dd2c.dir/link.txt --verbose=1
/home/ak/Android/Sdk/ndk/26.0.10792818/toolchains/llvm/prebuilt/linux-x86_64/bin/aarch64-linux-android23-clang  -DCHECK_FUNCTION_EXISTS=pthread_create CMakeFiles/cmTC_7dd2c.dir/CheckFunctionExists.c.o -o cmTC_7dd2c  -lpthread 
ld.lld: error: unable to find library -lpthread
clang-17: error: linker command failed with exit code 1 (use -v to see invocation)
gmake[2]: *** [CMakeFiles/cmTC_7dd2c.dir/build.make:100: cmTC_7dd2c] Error 1
gmake[2]: Leaving directory '/home/ak/org/libbaresip-android/ZRTPCPP/build/CMakeFiles/CMakeScratch/TryCompile-rBWg45'
gmake[1]: *** [Makefile:127: cmTC_7dd2c/fast] Error 2
gmake[1]: Leaving directory '/home/ak/org/libbaresip-android/ZRTPCPP/build/CMakeFiles/CMakeScratch/TryCompile-rBWg45'



