This file contains any messages produced by compilers while
running configure, to aid debugging if configure makes a mistake.

It was created by opencore-amr configure 0.1.6, which was
generated by GNU Autoconf 2.69.  Invocation command line was

  $ ./configure --host=aarch64-linux-android --disable-shared CXXFLAGS=-fPIC --prefix=/home/ak/org/libbaresip-android/amr

## --------- ##
## Platform. ##
## --------- ##

hostname = mx
uname -m = x86_64
uname -r = 4.19.0-6-amd64
uname -s = Linux
uname -v = #1 SMP Debian 4.19.67-2+deb10u2 (2019-11-11)

/usr/bin/uname -p = unknown
/bin/uname -X     = unknown

/bin/arch              = x86_64
/usr/bin/arch -k       = unknown
/usr/convex/getsysinfo = unknown
/usr/bin/hostinfo      = unknown
/bin/machine           = unknown
/usr/bin/oslevel       = unknown
/bin/universe          = unknown

PATH: /home/ak/Android/Sdk/ndk/26.0.10792818/toolchains/llvm/prebuilt/linux-x86_64/bin
PATH: /usr/bin
PATH: /bin
PATH: /usr/local/bin
PATH: /opt/homebrew/bin


## ----------- ##
## Core tests. ##
## ----------- ##

configure:2615: checking for a BSD-compatible install
configure:2683: result: /usr/bin/install -c
configure:2694: checking whether build environment is sane
configure:2749: result: yes
configure:2801: checking for aarch64-linux-android-strip
configure:2831: result: no
configure:2841: checking for strip
configure:2857: found /usr/bin/strip
configure:2868: result: strip
configure:2893: checking for a thread-safe mkdir -p
configure:2932: result: /usr/bin/mkdir -p
configure:2939: checking for gawk
configure:2955: found /usr/bin/gawk
configure:2966: result: gawk
configure:2977: checking whether make sets $(MAKE)
configure:2999: result: yes
configure:3028: checking whether make supports nested variables
configure:3045: result: yes
configure:3134: checking whether UID '1000' is supported by ustar format
configure:3137: result: yes
configure:3144: checking whether GID '1000' is supported by ustar format
configure:3147: result: yes
configure:3155: checking how to create a ustar tar archive
configure:3166: tar --version
tar (GNU tar) 1.30
Copyright (C) 2017 Free Software Foundation, Inc.
License GPLv3+: GNU GPL version 3 or later <https://gnu.org/licenses/gpl.html>.
This is free software: you are free to change and redistribute it.
There is NO WARRANTY, to the extent permitted by law.

Written by John Gilmore and Jay Fenlason.
configure:3169: $? = 0
configure:3209: tardir=conftest.dir && eval tar --format=ustar -chf - "$tardir" >conftest.tar
configure:3212: $? = 0
configure:3216: tar -xf - <conftest.tar
configure:3219: $? = 0
configure:3221: cat conftest.dir/file
GrepMe
configure:3224: $? = 0
configure:3237: result: gnutar
configure:3298: checking whether make supports nested variables
configure:3315: result: yes
configure:3327: checking whether to enable maintainer-specific portions of Makefiles
configure:3336: result: no
configure:3539: checking for C++ compiler version
configure:3548: aarch64-linux-android23-clang++ --version >&5
Android (10087095, +pgo, +bolt, +lto, -mlgo, based on r487747c) clang version 17.0.2 (https://android.googlesource.com/toolchain/llvm-project d9f89f4d16663d5012e5c09495f3b30ece3d2362)
Target: aarch64-unknown-linux-android23
Thread model: posix
InstalledDir: /home/ak/Android/Sdk/ndk/26.0.10792818/toolchains/llvm/prebuilt/linux-x86_64/bin
configure:3559: $? = 0
configure:3548: aarch64-linux-android23-clang++ -v >&5
Android (10087095, +pgo, +bolt, +lto, -mlgo, based on r487747c) clang version 17.0.2 (https://android.googlesource.com/toolchain/llvm-project d9f89f4d16663d5012e5c09495f3b30ece3d2362)
Target: aarch64-unknown-linux-android23
Thread model: posix
InstalledDir: /home/ak/Android/Sdk/ndk/26.0.10792818/toolchains/llvm/prebuilt/linux-x86_64/bin
configure:3559: $? = 0
configure:3548: aarch64-linux-android23-clang++ -V >&5
clang-17: error: argument to '-V' is missing (expected 1 value)
clang-17: error: no input files
configure:3559: $? = 1
configure:3548: aarch64-linux-android23-clang++ -qversion >&5
clang-17: error: unknown argument '-qversion'; did you mean '--version'?
clang-17: error: no input files
configure:3559: $? = 1
configure:3579: checking whether the C++ compiler works
configure:3601: aarch64-linux-android23-clang++ -fPIC   conftest.cpp  >&5
configure:3605: $? = 0
configure:3653: result: yes
configure:3656: checking for C++ compiler default output file name
configure:3658: result: a.out
configure:3664: checking for suffix of executables
configure:3671: aarch64-linux-android23-clang++ -o conftest -fPIC   conftest.cpp  >&5
configure:3675: $? = 0
configure:3697: result: 
configure:3719: checking whether we are cross compiling
configure:3727: aarch64-linux-android23-clang++ -o conftest -fPIC   conftest.cpp  >&5
configure:3731: $? = 0
configure:3738: ./conftest
./configure: line 3740: ./conftest: cannot execute binary file: Exec format error
configure:3742: $? = 126
configure:3730: result: yes
configure:3735: checking for suffix of object files
configure:3757: aarch64-linux-android23-clang++ -c -fPIC  conftest.cpp >&5
configure:3761: $? = 0
configure:3782: result: o
configure:3786: checking whether we are using the GNU C++ compiler
configure:3805: aarch64-linux-android23-clang++ -c -fPIC  conftest.cpp >&5
configure:3805: $? = 0
configure:3814: result: yes
configure:3823: checking whether aarch64-linux-android23-clang++ accepts -g
configure:3843: aarch64-linux-android23-clang++ -c -g  conftest.cpp >&5
configure:3843: $? = 0
configure:3884: result: yes
configure:3910: checking whether make supports the include directive
configure:3925: make -f confmf.GNU && cat confinc.out
make[1]: Entering directory '/home/ak/org/libbaresip-android/amr'
make[1]: Leaving directory '/home/ak/org/libbaresip-android/amr'
this is the am__doit target
configure:3928: $? = 0
configure:3947: result: yes (GNU style)
configure:3972: checking dependency style of aarch64-linux-android23-clang++
configure:4083: result: gcc3
configure:4106: checking for aarch64-linux-android-gcc
configure:4133: result: aarch64-linux-android23-clang --sysroot /home/ak/Android/Sdk/ndk/26.0.10792818/toolchains/llvm/prebuilt/linux-x86_64/sysroot
configure:4402: checking for C compiler version
configure:4411: aarch64-linux-android23-clang --sysroot /home/ak/Android/Sdk/ndk/26.0.10792818/toolchains/llvm/prebuilt/linux-x86_64/sysroot --version >&5
Android (10087095, +pgo, +bolt, +lto, -mlgo, based on r487747c) clang version 17.0.2 (https://android.googlesource.com/toolchain/llvm-project d9f89f4d16663d5012e5c09495f3b30ece3d2362)
Target: aarch64-unknown-linux-android23
Thread model: posix
InstalledDir: /home/ak/Android/Sdk/ndk/26.0.10792818/toolchains/llvm/prebuilt/linux-x86_64/bin
configure:4422: $? = 0
configure:4411: aarch64-linux-android23-clang --sysroot /home/ak/Android/Sdk/ndk/26.0.10792818/toolchains/llvm/prebuilt/linux-x86_64/sysroot -v >&5
Android (10087095, +pgo, +bolt, +lto, -mlgo, based on r487747c) clang version 17.0.2 (https://android.googlesource.com/toolchain/llvm-project d9f89f4d16663d5012e5c09495f3b30ece3d2362)
Target: aarch64-unknown-linux-android23
Thread model: posix
InstalledDir: /home/ak/Android/Sdk/ndk/26.0.10792818/toolchains/llvm/prebuilt/linux-x86_64/bin
configure:4422: $? = 0
configure:4411: aarch64-linux-android23-clang --sysroot /home/ak/Android/Sdk/ndk/26.0.10792818/toolchains/llvm/prebuilt/linux-x86_64/sysroot -V >&5
clang-17: error: argument to '-V' is missing (expected 1 value)
clang-17: error: no input files
configure:4422: $? = 1
configure:4411: aarch64-linux-android23-clang --sysroot /home/ak/Android/Sdk/ndk/26.0.10792818/toolchains/llvm/prebuilt/linux-x86_64/sysroot -qversion >&5
clang-17: error: unknown argument '-qversion'; did you mean '--version'?
clang-17: error: no input files
configure:4422: $? = 1
configure:4426: checking whether we are using the GNU C compiler
configure:4445: aarch64-linux-android23-clang --sysroot /home/ak/Android/Sdk/ndk/26.0.10792818/toolchains/llvm/prebuilt/linux-x86_64/sysroot -c   conftest.c >&5
configure:4445: $? = 0
configure:4454: result: yes
configure:4463: checking whether aarch64-linux-android23-clang --sysroot /home/ak/Android/Sdk/ndk/26.0.10792818/toolchains/llvm/prebuilt/linux-x86_64/sysroot accepts -g
configure:4483: aarch64-linux-android23-clang --sysroot /home/ak/Android/Sdk/ndk/26.0.10792818/toolchains/llvm/prebuilt/linux-x86_64/sysroot -c -g  conftest.c >&5
configure:4483: $? = 0
configure:4524: result: yes
configure:4541: checking for aarch64-linux-android23-clang --sysroot /home/ak/Android/Sdk/ndk/26.0.10792818/toolchains/llvm/prebuilt/linux-x86_64/sysroot option to accept ISO C89
configure:4604: aarch64-linux-android23-clang --sysroot /home/ak/Android/Sdk/ndk/26.0.10792818/toolchains/llvm/prebuilt/linux-x86_64/sysroot  -c -g -O2  conftest.c >&5
conftest.c:17:14: warning: a function definition without a prototype is deprecated in all versions of C and is not supported in C2x [-Wdeprecated-non-prototype]
static char *e (p, i)
             ^
1 warning generated.
configure:4604: $? = 0
configure:4617: result: none needed
configure:4642: checking whether aarch64-linux-android23-clang --sysroot /home/ak/Android/Sdk/ndk/26.0.10792818/toolchains/llvm/prebuilt/linux-x86_64/sysroot understands -c and -o together
configure:4664: aarch64-linux-android23-clang --sysroot /home/ak/Android/Sdk/ndk/26.0.10792818/toolchains/llvm/prebuilt/linux-x86_64/sysroot -c conftest.c -o conftest2.o
configure:4667: $? = 0
configure:4664: aarch64-linux-android23-clang --sysroot /home/ak/Android/Sdk/ndk/26.0.10792818/toolchains/llvm/prebuilt/linux-x86_64/sysroot -c conftest.c -o conftest2.o
configure:4667: $? = 0
configure:4679: result: yes
configure:4698: checking dependency style of aarch64-linux-android23-clang --sysroot /home/ak/Android/Sdk/ndk/26.0.10792818/toolchains/llvm/prebuilt/linux-x86_64/sysroot
configure:4809: result: gcc3
configure:4825: checking whether ln -s works
configure:4829: result: yes
configure:4836: checking whether make sets $(MAKE)
configure:4858: result: yes
configure:4897: checking build system type
configure:4911: result: x86_64-pc-linux-gnu
configure:4931: checking host system type
configure:4944: result: aarch64-unknown-linux-android
configure:4985: checking how to print strings
configure:5012: result: printf
configure:5033: checking for a sed that does not truncate output
configure:5097: result: /usr/bin/sed
configure:5115: checking for grep that handles long lines and -e
configure:5173: result: /usr/bin/grep
configure:5178: checking for egrep
configure:5240: result: /usr/bin/grep -E
configure:5245: checking for fgrep
configure:5307: result: /usr/bin/grep -F
configure:5342: checking for ld used by aarch64-linux-android23-clang --sysroot /home/ak/Android/Sdk/ndk/26.0.10792818/toolchains/llvm/prebuilt/linux-x86_64/sysroot
configure:5409: result: /home/ak/Android/Sdk/ndk/26.0.10792818/toolchains/llvm/prebuilt/linux-x86_64/bin/ld
configure:5416: checking if the linker (/home/ak/Android/Sdk/ndk/26.0.10792818/toolchains/llvm/prebuilt/linux-x86_64/bin/ld) is GNU ld
configure:5431: result: yes
configure:5443: checking for BSD- or MS-compatible name lister (nm)
configure:5497: result: no
configure:5511: checking for aarch64-linux-android-dumpbin
configure:5541: result: no
configure:5511: checking for aarch64-linux-android-link
configure:5541: result: no
configure:5555: checking for dumpbin
configure:5585: result: no
configure:5555: checking for link
configure:5571: found /usr/bin/link
configure:5582: result: link -dump
configure:5598: WARNING: using cross tools not prefixed with host triplet
configure:5627: checking the name lister (nm) interface
configure:5634: aarch64-linux-android23-clang --sysroot /home/ak/Android/Sdk/ndk/26.0.10792818/toolchains/llvm/prebuilt/linux-x86_64/sysroot -c -g -O2  conftest.c >&5
configure:5637: nm "conftest.o"
configure:5640: output
0000000000000000 b $d.0
0000000000000000 N $d.1
0000000000000000 N $d.2
0000000000000000 N $d.3
0000000000000000 n $d.4
0000000000000000 N $d.5
0000000000000000 B some_variable
configure:5641: result: BSD nm
configure:5645: checking the maximum length of command line arguments
configure:5776: result: 1572864
configure:5824: checking how to convert x86_64-pc-linux-gnu file names to aarch64-unknown-linux-android format
configure:5864: result: func_convert_file_noop
configure:5871: checking how to convert x86_64-pc-linux-gnu file names to toolchain format
configure:5891: result: func_convert_file_noop
configure:5898: checking for /home/ak/Android/Sdk/ndk/26.0.10792818/toolchains/llvm/prebuilt/linux-x86_64/bin/ld option to reload object files
configure:5905: result: -r
configure:5939: checking for aarch64-linux-android-objdump
configure:5969: result: no
configure:5979: checking for objdump
configure:5995: found /usr/bin/objdump
configure:6006: result: objdump
configure:6038: checking how to recognize dependent libraries
configure:6238: result: pass_all
configure:6283: checking for aarch64-linux-android-dlltool
configure:6313: result: no
configure:6323: checking for dlltool
configure:6353: result: no
configure:6383: checking how to associate runtime and link libraries
configure:6410: result: printf %s\n
configure:6427: checking for aarch64-linux-android-ar
configure:6454: result: llvm-ar
configure:6535: checking for archiver @FILE support
configure:6552: aarch64-linux-android23-clang --sysroot /home/ak/Android/Sdk/ndk/26.0.10792818/toolchains/llvm/prebuilt/linux-x86_64/sysroot -c -g -O2  conftest.c >&5
configure:6552: $? = 0
configure:6555: llvm-ar cr libconftest.a @conftest.lst >&5
configure:6558: $? = 0
configure:6563: llvm-ar cr libconftest.a @conftest.lst >&5
llvm-ar: error: conftest.o: No such file or directory
configure:6566: $? = 1
configure:6565: result: @
configure:6583: checking for aarch64-linux-android-strip
configure:6610: result: strip
configure:6682: checking for aarch64-linux-android-ranlib
configure:6709: result: llvm-ranlib
configure:6851: checking command to parse nm output from aarch64-linux-android23-clang --sysroot /home/ak/Android/Sdk/ndk/26.0.10792818/toolchains/llvm/prebuilt/linux-x86_64/sysroot object
configure:7004: aarch64-linux-android23-clang --sysroot /home/ak/Android/Sdk/ndk/26.0.10792818/toolchains/llvm/prebuilt/linux-x86_64/sysroot -c -g -O2  conftest.c >&5
configure:7007: $? = 0
configure:7011: nm conftest.o | sed -n -e 's/^.*[	 ]\([ABCDGIRSTW][ABCDGIRSTW]*\)[	 ][	 ]*\([_A-Za-z][_A-Za-z0-9]*\)$/\1 \2 \2/p' | sed '/ __gnu_lto/d' > conftest.nm
configure:7077: aarch64-linux-android23-clang --sysroot /home/ak/Android/Sdk/ndk/26.0.10792818/toolchains/llvm/prebuilt/linux-x86_64/sysroot -o conftest -g -O2   conftest.c conftstm.o >&5
configure:7080: $? = 0
configure:7118: result: ok
configure:7165: checking for sysroot
configure:7195: result: no
configure:7202: checking for a working dd
configure:7240: result: /usr/bin/dd
configure:7244: checking how to truncate binary pipes
configure:7259: result: /usr/bin/dd bs=4096 count=1
configure:7548: checking for aarch64-linux-android-mt
configure:7578: result: no
configure:7588: checking for mt
configure:7604: found /usr/bin/mt
configure:7615: result: mt
configure:7638: checking if mt is a manifest tool
configure:7644: mt '-?'
configure:7652: result: no
configure:8329: checking how to run the C preprocessor
configure:8360: aarch64-linux-android23-clang --sysroot /home/ak/Android/Sdk/ndk/26.0.10792818/toolchains/llvm/prebuilt/linux-x86_64/sysroot -E  conftest.c
configure:8360: $? = 0
configure:8374: aarch64-linux-android23-clang --sysroot /home/ak/Android/Sdk/ndk/26.0.10792818/toolchains/llvm/prebuilt/linux-x86_64/sysroot -E  conftest.c
conftest.c:11:10: fatal error: 'ac_nonexistent.h' file not found
#include <ac_nonexistent.h>
         ^~~~~~~~~~~~~~~~~~
1 error generated.
configure:8374: $? = 1
configure: failed program was:
| /* confdefs.h */
| #define PACKAGE_NAME "opencore-amr"
| #define PACKAGE_TARNAME "opencore-amr"
| #define PACKAGE_VERSION "0.1.6"
| #define PACKAGE_STRING "opencore-amr 0.1.6"
| #define PACKAGE_BUGREPORT "http://sourceforge.net/projects/opencore-amr/"
| #define PACKAGE_URL ""
| #define PACKAGE "opencore-amr"
| #define VERSION "0.1.6"
| /* end confdefs.h.  */
| #include <ac_nonexistent.h>
configure:8399: result: aarch64-linux-android23-clang --sysroot /home/ak/Android/Sdk/ndk/26.0.10792818/toolchains/llvm/prebuilt/linux-x86_64/sysroot -E
configure:8419: aarch64-linux-android23-clang --sysroot /home/ak/Android/Sdk/ndk/26.0.10792818/toolchains/llvm/prebuilt/linux-x86_64/sysroot -E  conftest.c
configure:8419: $? = 0
configure:8433: aarch64-linux-android23-clang --sysroot /home/ak/Android/Sdk/ndk/26.0.10792818/toolchains/llvm/prebuilt/linux-x86_64/sysroot -E  conftest.c
conftest.c:11:10: fatal error: 'ac_nonexistent.h' file not found
#include <ac_nonexistent.h>
         ^~~~~~~~~~~~~~~~~~
1 error generated.
configure:8433: $? = 1
configure: failed program was:
| /* confdefs.h */
| #define PACKAGE_NAME "opencore-amr"
| #define PACKAGE_TARNAME "opencore-amr"
| #define PACKAGE_VERSION "0.1.6"
| #define PACKAGE_STRING "opencore-amr 0.1.6"
| #define PACKAGE_BUGREPORT "http://sourceforge.net/projects/opencore-amr/"
| #define PACKAGE_URL ""
| #define PACKAGE "opencore-amr"
| #define VERSION "0.1.6"
| /* end confdefs.h.  */
| #include <ac_nonexistent.h>
configure:8462: checking for ANSI C header files
configure:8482: aarch64-linux-android23-clang --sysroot /home/ak/Android/Sdk/ndk/26.0.10792818/toolchains/llvm/prebuilt/linux-x86_64/sysroot -c -g -O2  conftest.c >&5
configure:8482: $? = 0
configure:8566: result: yes
configure:8579: checking for sys/types.h
configure:8579: aarch64-linux-android23-clang --sysroot /home/ak/Android/Sdk/ndk/26.0.10792818/toolchains/llvm/prebuilt/linux-x86_64/sysroot -c -g -O2  conftest.c >&5
configure:8579: $? = 0
configure:8579: result: yes
configure:8579: checking for sys/stat.h
configure:8579: aarch64-linux-android23-clang --sysroot /home/ak/Android/Sdk/ndk/26.0.10792818/toolchains/llvm/prebuilt/linux-x86_64/sysroot -c -g -O2  conftest.c >&5
configure:8579: $? = 0
configure:8579: result: yes
configure:8579: checking for stdlib.h
configure:8579: aarch64-linux-android23-clang --sysroot /home/ak/Android/Sdk/ndk/26.0.10792818/toolchains/llvm/prebuilt/linux-x86_64/sysroot -c -g -O2  conftest.c >&5
configure:8579: $? = 0
configure:8579: result: yes
configure:8579: checking for string.h
configure:8579: aarch64-linux-android23-clang --sysroot /home/ak/Android/Sdk/ndk/26.0.10792818/toolchains/llvm/prebuilt/linux-x86_64/sysroot -c -g -O2  conftest.c >&5
configure:8579: $? = 0
configure:8579: result: yes
configure:8579: checking for memory.h
configure:8579: aarch64-linux-android23-clang --sysroot /home/ak/Android/Sdk/ndk/26.0.10792818/toolchains/llvm/prebuilt/linux-x86_64/sysroot -c -g -O2  conftest.c >&5
configure:8579: $? = 0
configure:8579: result: yes
configure:8579: checking for strings.h
configure:8579: aarch64-linux-android23-clang --sysroot /home/ak/Android/Sdk/ndk/26.0.10792818/toolchains/llvm/prebuilt/linux-x86_64/sysroot -c -g -O2  conftest.c >&5
configure:8579: $? = 0
configure:8579: result: yes
configure:8579: checking for inttypes.h
configure:8579: aarch64-linux-android23-clang --sysroot /home/ak/Android/Sdk/ndk/26.0.10792818/toolchains/llvm/prebuilt/linux-x86_64/sysroot -c -g -O2  conftest.c >&5
configure:8579: $? = 0
configure:8579: result: yes
configure:8579: checking for stdint.h
configure:8579: aarch64-linux-android23-clang --sysroot /home/ak/Android/Sdk/ndk/26.0.10792818/toolchains/llvm/prebuilt/linux-x86_64/sysroot -c -g -O2  conftest.c >&5
configure:8579: $? = 0
configure:8579: result: yes
configure:8579: checking for unistd.h
configure:8579: aarch64-linux-android23-clang --sysroot /home/ak/Android/Sdk/ndk/26.0.10792818/toolchains/llvm/prebuilt/linux-x86_64/sysroot -c -g -O2  conftest.c >&5
configure:8579: $? = 0
configure:8579: result: yes
configure:8593: checking for dlfcn.h
configure:8593: aarch64-linux-android23-clang --sysroot /home/ak/Android/Sdk/ndk/26.0.10792818/toolchains/llvm/prebuilt/linux-x86_64/sysroot -c -g -O2  conftest.c >&5
configure:8593: $? = 0
configure:8593: result: yes
configure:8860: checking for objdir
configure:8875: result: .libs
configure:9139: checking if aarch64-linux-android23-clang --sysroot /home/ak/Android/Sdk/ndk/26.0.10792818/toolchains/llvm/prebuilt/linux-x86_64/sysroot supports -fno-rtti -fno-exceptions
configure:9157: aarch64-linux-android23-clang --sysroot /home/ak/Android/Sdk/ndk/26.0.10792818/toolchains/llvm/prebuilt/linux-x86_64/sysroot -c -g -O2  -fno-rtti -fno-exceptions conftest.c >&5
configure:9161: $? = 0
configure:9174: result: yes
configure:9538: checking for aarch64-linux-android23-clang --sysroot /home/ak/Android/Sdk/ndk/26.0.10792818/toolchains/llvm/prebuilt/linux-x86_64/sysroot option to produce PIC
configure:9545: result: -fPIC -DPIC
configure:9553: checking if aarch64-linux-android23-clang --sysroot /home/ak/Android/Sdk/ndk/26.0.10792818/toolchains/llvm/prebuilt/linux-x86_64/sysroot PIC flag -fPIC -DPIC works
configure:9571: aarch64-linux-android23-clang --sysroot /home/ak/Android/Sdk/ndk/26.0.10792818/toolchains/llvm/prebuilt/linux-x86_64/sysroot -c -g -O2  -fPIC -DPIC -DPIC conftest.c >&5
configure:9575: $? = 0
configure:9588: result: yes
configure:9617: checking if aarch64-linux-android23-clang --sysroot /home/ak/Android/Sdk/ndk/26.0.10792818/toolchains/llvm/prebuilt/linux-x86_64/sysroot static flag -static works
configure:9645: result: yes
configure:9660: checking if aarch64-linux-android23-clang --sysroot /home/ak/Android/Sdk/ndk/26.0.10792818/toolchains/llvm/prebuilt/linux-x86_64/sysroot supports -c -o file.o
configure:9681: aarch64-linux-android23-clang --sysroot /home/ak/Android/Sdk/ndk/26.0.10792818/toolchains/llvm/prebuilt/linux-x86_64/sysroot -c -g -O2  -o out/conftest2.o conftest.c >&5
configure:9685: $? = 0
configure:9707: result: yes
configure:9715: checking if aarch64-linux-android23-clang --sysroot /home/ak/Android/Sdk/ndk/26.0.10792818/toolchains/llvm/prebuilt/linux-x86_64/sysroot supports -c -o file.o
configure:9762: result: yes
configure:9795: checking whether the aarch64-linux-android23-clang --sysroot /home/ak/Android/Sdk/ndk/26.0.10792818/toolchains/llvm/prebuilt/linux-x86_64/sysroot linker (/home/ak/Android/Sdk/ndk/26.0.10792818/toolchains/llvm/prebuilt/linux-x86_64/bin/ld) supports shared libraries
configure:11058: result: yes
configure:11298: checking dynamic linker characteristics
configure:12128: result: Android linker
configure:12250: checking how to hardcode library paths into programs
configure:12275: result: immediate
configure:12823: checking whether stripping libraries is possible
configure:12828: result: yes
configure:12863: checking if libtool supports shared libraries
configure:12865: result: yes
configure:12868: checking whether to build shared libraries
configure:12893: result: no
configure:12896: checking whether to build static libraries
configure:12900: result: yes
configure:9699: checking how to run the C++ preprocessor
configure:9726: aarch64-linux-android23-clang++ -E  conftest.cpp
configure:9726: $? = 0
configure:9740: aarch64-linux-android23-clang++ -E  conftest.cpp
conftest.cpp:23:10: fatal error: 'ac_nonexistent.h' file not found
#include <ac_nonexistent.h>
         ^~~~~~~~~~~~~~~~~~
1 error generated.
configure:9740: $? = 1
configure: failed program was:
| /* confdefs.h */
| #define PACKAGE_NAME "opencore-amr"
| #define PACKAGE_TARNAME "opencore-amr"
| #define PACKAGE_VERSION "0.1.6"
| #define PACKAGE_STRING "opencore-amr 0.1.6"
| #define PACKAGE_BUGREPORT "http://sourceforge.net/projects/opencore-amr/"
| #define PACKAGE_URL ""
| #define PACKAGE "opencore-amr"
| #define VERSION "0.1.6"
| #define STDC_HEADERS 1
| #define HAVE_SYS_TYPES_H 1
| #define HAVE_SYS_STAT_H 1
| #define HAVE_STDLIB_H 1
| #define HAVE_STRING_H 1
| #define HAVE_MEMORY_H 1
| #define HAVE_STRINGS_H 1
| #define HAVE_INTTYPES_H 1
| #define HAVE_STDINT_H 1
| #define HAVE_UNISTD_H 1
| #define HAVE_DLFCN_H 1
| #define LT_OBJDIR ".libs/"
| /* end confdefs.h.  */
| #include <ac_nonexistent.h>
configure:9765: result: aarch64-linux-android23-clang++ -E
configure:9785: aarch64-linux-android23-clang++ -E  conftest.cpp
configure:9785: $? = 0
configure:9799: aarch64-linux-android23-clang++ -E  conftest.cpp
conftest.cpp:23:10: fatal error: 'ac_nonexistent.h' file not found
#include <ac_nonexistent.h>
         ^~~~~~~~~~~~~~~~~~
1 error generated.
configure:9799: $? = 1
configure: failed program was:
| /* confdefs.h */
| #define PACKAGE_NAME "opencore-amr"
| #define PACKAGE_TARNAME "opencore-amr"
| #define PACKAGE_VERSION "0.1.6"
| #define PACKAGE_STRING "opencore-amr 0.1.6"
| #define PACKAGE_BUGREPORT "http://sourceforge.net/projects/opencore-amr/"
| #define PACKAGE_URL ""
| #define PACKAGE "opencore-amr"
| #define VERSION "0.1.6"
| #define STDC_HEADERS 1
| #define HAVE_SYS_TYPES_H 1
| #define HAVE_SYS_STAT_H 1
| #define HAVE_STDLIB_H 1
| #define HAVE_STRING_H 1
| #define HAVE_MEMORY_H 1
| #define HAVE_STRINGS_H 1
| #define HAVE_INTTYPES_H 1
| #define HAVE_STDINT_H 1
| #define HAVE_UNISTD_H 1
| #define HAVE_DLFCN_H 1
| #define LT_OBJDIR ".libs/"
| /* end confdefs.h.  */
| #include <ac_nonexistent.h>
configure:9961: checking for ld used by aarch64-linux-android23-clang++
configure:10028: result: /home/ak/Android/Sdk/ndk/26.0.10792818/toolchains/llvm/prebuilt/linux-x86_64/bin/ld
configure:10035: checking if the linker (/home/ak/Android/Sdk/ndk/26.0.10792818/toolchains/llvm/prebuilt/linux-x86_64/bin/ld) is GNU ld
configure:10050: result: yes
configure:10105: checking whether the aarch64-linux-android23-clang++ linker (/home/ak/Android/Sdk/ndk/26.0.10792818/toolchains/llvm/prebuilt/linux-x86_64/bin/ld) supports shared libraries
configure:11178: result: yes
configure:11214: aarch64-linux-android23-clang++ -c -fPIC  conftest.cpp >&5
configure:11217: $? = 0
configure:11698: checking for aarch64-linux-android23-clang++ option to produce PIC
configure:11705: result: -fPIC -DPIC
configure:11713: checking if aarch64-linux-android23-clang++ PIC flag -fPIC -DPIC works
configure:11731: aarch64-linux-android23-clang++ -c -fPIC  -fPIC -DPIC -DPIC conftest.cpp >&5
configure:11735: $? = 0
configure:11748: result: yes
configure:11771: checking if aarch64-linux-android23-clang++ static flag -static works
configure:11799: result: yes
configure:11811: checking if aarch64-linux-android23-clang++ supports -c -o file.o
configure:11832: aarch64-linux-android23-clang++ -c -fPIC  -o out/conftest2.o conftest.cpp >&5
configure:11836: $? = 0
configure:11858: result: yes
configure:11863: checking if aarch64-linux-android23-clang++ supports -c -o file.o
configure:11910: result: yes
configure:11940: checking whether the aarch64-linux-android23-clang++ linker (/home/ak/Android/Sdk/ndk/26.0.10792818/toolchains/llvm/prebuilt/linux-x86_64/bin/ld) supports shared libraries
configure:11983: result: yes
configure:12124: checking dynamic linker characteristics
configure:12881: result: Android linker
configure:12946: checking how to hardcode library paths into programs
configure:12971: result: immediate
configure:11864: checking for main in -lm
configure:11883: aarch64-linux-android23-clang --sysroot /home/ak/Android/Sdk/ndk/26.0.10792818/toolchains/llvm/prebuilt/linux-x86_64/sysroot -o conftest -g -O2   conftest.c -lm   >&5
configure:11883: $? = 0
configure:11892: result: yes
configure:11907: checking for stdint.h
configure:11907: result: yes
configure:11907: checking for stdlib.h
configure:11907: result: yes
configure:11907: checking for string.h
configure:11907: result: yes
configure:11918: checking for stdbool.h that conforms to C99
configure:11985: aarch64-linux-android23-clang --sysroot /home/ak/Android/Sdk/ndk/26.0.10792818/toolchains/llvm/prebuilt/linux-x86_64/sysroot -c -g -O2  conftest.c >&5
conftest.c:76:24: warning: address of 's' will always evaluate to 'true' [-Wpointer-bool-conversion]
             bool e = &s;
                  ~    ^
conftest.c:81:40: warning: address of array 'p' will always evaluate to 'true' [-Wpointer-bool-conversion]
                                      ~^
conftest.c:81:35: warning: address of array 'o' will always evaluate to 'true' [-Wpointer-bool-conversion]
                                 ~^
conftest.c:81:30: warning: address of array 'n' will always evaluate to 'true' [-Wpointer-bool-conversion]
                            ~^
conftest.c:80:63: warning: address of array 'i' will always evaluate to 'true' [-Wpointer-bool-conversion]
             return (!a + !b + !c + !d + !e + !f + !g + !h + !i + !!j + !k + !!l
                                                             ~^
conftest.c:80:58: warning: address of array 'h' will always evaluate to 'true' [-Wpointer-bool-conversion]
             return (!a + !b + !c + !d + !e + !f + !g + !h + !i + !!j + !k + !!l
                                                        ~^
conftest.c:80:53: warning: address of array 'g' will always evaluate to 'true' [-Wpointer-bool-conversion]
             return (!a + !b + !c + !d + !e + !f + !g + !h + !i + !!j + !k + !!l
                                                   ~^
conftest.c:80:48: warning: address of array 'f' will always evaluate to 'true' [-Wpointer-bool-conversion]
             return (!a + !b + !c + !d + !e + !f + !g + !h + !i + !!j + !k + !!l
                                              ~^
conftest.c:80:38: warning: address of array 'd' will always evaluate to 'true' [-Wpointer-bool-conversion]
             return (!a + !b + !c + !d + !e + !f + !g + !h + !i + !!j + !k + !!l
                                    ~^
conftest.c:80:33: warning: address of array 'c' will always evaluate to 'true' [-Wpointer-bool-conversion]
             return (!a + !b + !c + !d + !e + !f + !g + !h + !i + !!j + !k + !!l
                               ~^
conftest.c:80:28: warning: address of array 'b' will always evaluate to 'true' [-Wpointer-bool-conversion]
             return (!a + !b + !c + !d + !e + !f + !g + !h + !i + !!j + !k + !!l
                          ~^
conftest.c:80:23: warning: address of array 'a' will always evaluate to 'true' [-Wpointer-bool-conversion]
             return (!a + !b + !c + !d + !e + !f + !g + !h + !i + !!j + !k + !!l
                     ~^
12 warnings generated.
configure:11985: $? = 0
configure:11992: result: yes
configure:11994: checking for _Bool
configure:11994: aarch64-linux-android23-clang --sysroot /home/ak/Android/Sdk/ndk/26.0.10792818/toolchains/llvm/prebuilt/linux-x86_64/sysroot -c -g -O2  conftest.c >&5
configure:11994: $? = 0
configure:11994: aarch64-linux-android23-clang --sysroot /home/ak/Android/Sdk/ndk/26.0.10792818/toolchains/llvm/prebuilt/linux-x86_64/sysroot -c -g -O2  conftest.c >&5
conftest.c:63:20: error: expected expression
if (sizeof ((_Bool)))
                   ^
1 error generated.
configure:11994: $? = 1
configure: failed program was:
| /* confdefs.h */
| #define PACKAGE_NAME "opencore-amr"
| #define PACKAGE_TARNAME "opencore-amr"
| #define PACKAGE_VERSION "0.1.6"
| #define PACKAGE_STRING "opencore-amr 0.1.6"
| #define PACKAGE_BUGREPORT "http://sourceforge.net/projects/opencore-amr/"
| #define PACKAGE_URL ""
| #define PACKAGE "opencore-amr"
| #define VERSION "0.1.6"
| #define STDC_HEADERS 1
| #define HAVE_SYS_TYPES_H 1
| #define HAVE_SYS_STAT_H 1
| #define HAVE_STDLIB_H 1
| #define HAVE_STRING_H 1
| #define HAVE_MEMORY_H 1
| #define HAVE_STRINGS_H 1
| #define HAVE_INTTYPES_H 1
| #define HAVE_STDINT_H 1
| #define HAVE_UNISTD_H 1
| #define HAVE_DLFCN_H 1
| #define LT_OBJDIR ".libs/"
| #define HAVE_LIBM 1
| #define HAVE_STDINT_H 1
| #define HAVE_STDLIB_H 1
| #define HAVE_STRING_H 1
| /* end confdefs.h.  */
| #include <stdio.h>
| #ifdef HAVE_SYS_TYPES_H
| # include <sys/types.h>
| #endif
| #ifdef HAVE_SYS_STAT_H
| # include <sys/stat.h>
| #endif
| #ifdef STDC_HEADERS
| # include <stdlib.h>
| # include <stddef.h>
| #else
| # ifdef HAVE_STDLIB_H
| #  include <stdlib.h>
| # endif
| #endif
| #ifdef HAVE_STRING_H
| # if !defined STDC_HEADERS && defined HAVE_MEMORY_H
| #  include <memory.h>
| # endif
| # include <string.h>
| #endif
| #ifdef HAVE_STRINGS_H
| # include <strings.h>
| #endif
| #ifdef HAVE_INTTYPES_H
| # include <inttypes.h>
| #endif
| #ifdef HAVE_STDINT_H
| # include <stdint.h>
| #endif
| #ifdef HAVE_UNISTD_H
| # include <unistd.h>
| #endif
| int
| main ()
| {
| if (sizeof ((_Bool)))
| 	    return 0;
|   ;
|   return 0;
| }
configure:11994: result: yes
configure:12011: checking for inline
configure:12027: aarch64-linux-android23-clang --sysroot /home/ak/Android/Sdk/ndk/26.0.10792818/toolchains/llvm/prebuilt/linux-x86_64/sysroot -c -g -O2  conftest.c >&5
configure:12027: $? = 0
configure:12035: result: inline
configure:12053: checking for int16_t
configure:12053: aarch64-linux-android23-clang --sysroot /home/ak/Android/Sdk/ndk/26.0.10792818/toolchains/llvm/prebuilt/linux-x86_64/sysroot -c -g -O2  conftest.c >&5
configure:12053: $? = 0
configure:12053: aarch64-linux-android23-clang --sysroot /home/ak/Android/Sdk/ndk/26.0.10792818/toolchains/llvm/prebuilt/linux-x86_64/sysroot -c -g -O2  conftest.c >&5
conftest.c:66:24: error: 'test_array' declared as an array with a negative size
static int test_array [1 - 2 * !((int16_t) (((((int16_t) 1 << N) << N) - 1) * 2 + 1)
                       ^~~~~~~~~~~~~~~~~~~~~~~~~~~~~~~~~~~~~~~~~~~~~~~~~~~~~~~~~~~~~
1 error generated.
configure:12053: $? = 1
configure: failed program was:
| /* confdefs.h */
| #define PACKAGE_NAME "opencore-amr"
| #define PACKAGE_TARNAME "opencore-amr"
| #define PACKAGE_VERSION "0.1.6"
| #define PACKAGE_STRING "opencore-amr 0.1.6"
| #define PACKAGE_BUGREPORT "http://sourceforge.net/projects/opencore-amr/"
| #define PACKAGE_URL ""
| #define PACKAGE "opencore-amr"
| #define VERSION "0.1.6"
| #define STDC_HEADERS 1
| #define HAVE_SYS_TYPES_H 1
| #define HAVE_SYS_STAT_H 1
| #define HAVE_STDLIB_H 1
| #define HAVE_STRING_H 1
| #define HAVE_MEMORY_H 1
| #define HAVE_STRINGS_H 1
| #define HAVE_INTTYPES_H 1
| #define HAVE_STDINT_H 1
| #define HAVE_UNISTD_H 1
| #define HAVE_DLFCN_H 1
| #define LT_OBJDIR ".libs/"
| #define HAVE_LIBM 1
| #define HAVE_STDINT_H 1
| #define HAVE_STDLIB_H 1
| #define HAVE_STRING_H 1
| #define HAVE__BOOL 1
| #define HAVE_STDBOOL_H 1
| /* end confdefs.h.  */
| #include <stdio.h>
| #ifdef HAVE_SYS_TYPES_H
| # include <sys/types.h>
| #endif
| #ifdef HAVE_SYS_STAT_H
| # include <sys/stat.h>
| #endif
| #ifdef STDC_HEADERS
| # include <stdlib.h>
| # include <stddef.h>
| #else
| # ifdef HAVE_STDLIB_H
| #  include <stdlib.h>
| # endif
| #endif
| #ifdef HAVE_STRING_H
| # if !defined STDC_HEADERS && defined HAVE_MEMORY_H
| #  include <memory.h>
| # endif
| # include <string.h>
| #endif
| #ifdef HAVE_STRINGS_H
| # include <strings.h>
| #endif
| #ifdef HAVE_INTTYPES_H
| # include <inttypes.h>
| #endif
| #ifdef HAVE_STDINT_H
| # include <stdint.h>
| #endif
| #ifdef HAVE_UNISTD_H
| # include <unistd.h>
| #endif
| 	        enum { N = 16 / 2 - 1 };
| int
| main ()
| {
| static int test_array [1 - 2 * !((int16_t) (((((int16_t) 1 << N) << N) - 1) * 2 + 1)
| 		 < (int16_t) (((((int16_t) 1 << N) << N) - 1) * 2 + 2))];
| test_array [0] = 0;
| return test_array [0];
| 
|   ;
|   return 0;
| }
configure:12053: result: yes
configure:12064: checking for int32_t
configure:12064: aarch64-linux-android23-clang --sysroot /home/ak/Android/Sdk/ndk/26.0.10792818/toolchains/llvm/prebuilt/linux-x86_64/sysroot -c -g -O2  conftest.c >&5
configure:12064: $? = 0
configure:12064: aarch64-linux-android23-clang --sysroot /home/ak/Android/Sdk/ndk/26.0.10792818/toolchains/llvm/prebuilt/linux-x86_64/sysroot -c -g -O2  conftest.c >&5
conftest.c:67:53: warning: overflow in expression; result is -2147483648 with type 'int' [-Winteger-overflow]
                 < (int32_t) (((((int32_t) 1 << N) << N) - 1) * 2 + 2))];
                                                                  ^
conftest.c:66:24: error: 'test_array' declared as an array with a negative size
static int test_array [1 - 2 * !((int32_t) (((((int32_t) 1 << N) << N) - 1) * 2 + 1)
                       ^~~~~~~~~~~~~~~~~~~~~~~~~~~~~~~~~~~~~~~~~~~~~~~~~~~~~~~~~~~~~
1 warning and 1 error generated.
configure:12064: $? = 1
configure: failed program was:
| /* confdefs.h */
| #define PACKAGE_NAME "opencore-amr"
| #define PACKAGE_TARNAME "opencore-amr"
| #define PACKAGE_VERSION "0.1.6"
| #define PACKAGE_STRING "opencore-amr 0.1.6"
| #define PACKAGE_BUGREPORT "http://sourceforge.net/projects/opencore-amr/"
| #define PACKAGE_URL ""
| #define PACKAGE "opencore-amr"
| #define VERSION "0.1.6"
| #define STDC_HEADERS 1
| #define HAVE_SYS_TYPES_H 1
| #define HAVE_SYS_STAT_H 1
| #define HAVE_STDLIB_H 1
| #define HAVE_STRING_H 1
| #define HAVE_MEMORY_H 1
| #define HAVE_STRINGS_H 1
| #define HAVE_INTTYPES_H 1
| #define HAVE_STDINT_H 1
| #define HAVE_UNISTD_H 1
| #define HAVE_DLFCN_H 1
| #define LT_OBJDIR ".libs/"
| #define HAVE_LIBM 1
| #define HAVE_STDINT_H 1
| #define HAVE_STDLIB_H 1
| #define HAVE_STRING_H 1
| #define HAVE__BOOL 1
| #define HAVE_STDBOOL_H 1
| /* end confdefs.h.  */
| #include <stdio.h>
| #ifdef HAVE_SYS_TYPES_H
| # include <sys/types.h>
| #endif
| #ifdef HAVE_SYS_STAT_H
| # include <sys/stat.h>
| #endif
| #ifdef STDC_HEADERS
| # include <stdlib.h>
| # include <stddef.h>
| #else
| # ifdef HAVE_STDLIB_H
| #  include <stdlib.h>
| # endif
| #endif
| #ifdef HAVE_STRING_H
| # if !defined STDC_HEADERS && defined HAVE_MEMORY_H
| #  include <memory.h>
| # endif
| # include <string.h>
| #endif
| #ifdef HAVE_STRINGS_H
| # include <strings.h>
| #endif
| #ifdef HAVE_INTTYPES_H
| # include <inttypes.h>
| #endif
| #ifdef HAVE_STDINT_H
| # include <stdint.h>
| #endif
| #ifdef HAVE_UNISTD_H
| # include <unistd.h>
| #endif
| 	        enum { N = 32 / 2 - 1 };
| int
| main ()
| {
| static int test_array [1 - 2 * !((int32_t) (((((int32_t) 1 << N) << N) - 1) * 2 + 1)
| 		 < (int32_t) (((((int32_t) 1 << N) << N) - 1) * 2 + 2))];
| test_array [0] = 0;
| return test_array [0];
| 
|   ;
|   return 0;
| }
configure:12064: result: yes
configure:12075: checking for int64_t
configure:12075: aarch64-linux-android23-clang --sysroot /home/ak/Android/Sdk/ndk/26.0.10792818/toolchains/llvm/prebuilt/linux-x86_64/sysroot -c -g -O2  conftest.c >&5
configure:12075: $? = 0
configure:12075: aarch64-linux-android23-clang --sysroot /home/ak/Android/Sdk/ndk/26.0.10792818/toolchains/llvm/prebuilt/linux-x86_64/sysroot -c -g -O2  conftest.c >&5
conftest.c:67:53: warning: overflow in expression; result is -9223372036854775808 with type 'int64_t' (aka 'long') [-Winteger-overflow]
                 < (int64_t) (((((int64_t) 1 << N) << N) - 1) * 2 + 2))];
                                                                  ^
conftest.c:66:24: error: 'test_array' declared as an array with a negative size
static int test_array [1 - 2 * !((int64_t) (((((int64_t) 1 << N) << N) - 1) * 2 + 1)
                       ^~~~~~~~~~~~~~~~~~~~~~~~~~~~~~~~~~~~~~~~~~~~~~~~~~~~~~~~~~~~~
1 warning and 1 error generated.
configure:12075: $? = 1
configure: failed program was:
| /* confdefs.h */
| #define PACKAGE_NAME "opencore-amr"
| #define PACKAGE_TARNAME "opencore-amr"
| #define PACKAGE_VERSION "0.1.6"
| #define PACKAGE_STRING "opencore-amr 0.1.6"
| #define PACKAGE_BUGREPORT "http://sourceforge.net/projects/opencore-amr/"
| #define PACKAGE_URL ""
| #define PACKAGE "opencore-amr"
| #define VERSION "0.1.6"
| #define STDC_HEADERS 1
| #define HAVE_SYS_TYPES_H 1
| #define HAVE_SYS_STAT_H 1
| #define HAVE_STDLIB_H 1
| #define HAVE_STRING_H 1
| #define HAVE_MEMORY_H 1
| #define HAVE_STRINGS_H 1
| #define HAVE_INTTYPES_H 1
| #define HAVE_STDINT_H 1
| #define HAVE_UNISTD_H 1
| #define HAVE_DLFCN_H 1
| #define LT_OBJDIR ".libs/"
| #define HAVE_LIBM 1
| #define HAVE_STDINT_H 1
| #define HAVE_STDLIB_H 1
| #define HAVE_STRING_H 1
| #define HAVE__BOOL 1
| #define HAVE_STDBOOL_H 1
| /* end confdefs.h.  */
| #include <stdio.h>
| #ifdef HAVE_SYS_TYPES_H
| # include <sys/types.h>
| #endif
| #ifdef HAVE_SYS_STAT_H
| # include <sys/stat.h>
| #endif
| #ifdef STDC_HEADERS
| # include <stdlib.h>
| # include <stddef.h>
| #else
| # ifdef HAVE_STDLIB_H
| #  include <stdlib.h>
| # endif
| #endif
| #ifdef HAVE_STRING_H
| # if !defined STDC_HEADERS && defined HAVE_MEMORY_H
| #  include <memory.h>
| # endif
| # include <string.h>
| #endif
| #ifdef HAVE_STRINGS_H
| # include <strings.h>
| #endif
| #ifdef HAVE_INTTYPES_H
| # include <inttypes.h>
| #endif
| #ifdef HAVE_STDINT_H
| # include <stdint.h>
| #endif
| #ifdef HAVE_UNISTD_H
| # include <unistd.h>
| #endif
| 	        enum { N = 64 / 2 - 1 };
| int
| main ()
| {
| static int test_array [1 - 2 * !((int64_t) (((((int64_t) 1 << N) << N) - 1) * 2 + 1)
| 		 < (int64_t) (((((int64_t) 1 << N) << N) - 1) * 2 + 2))];
| test_array [0] = 0;
| return test_array [0];
| 
|   ;
|   return 0;
| }
configure:12075: result: yes
configure:12086: checking for int8_t
configure:12086: aarch64-linux-android23-clang --sysroot /home/ak/Android/Sdk/ndk/26.0.10792818/toolchains/llvm/prebuilt/linux-x86_64/sysroot -c -g -O2  conftest.c >&5
configure:12086: $? = 0
configure:12086: aarch64-linux-android23-clang --sysroot /home/ak/Android/Sdk/ndk/26.0.10792818/toolchains/llvm/prebuilt/linux-x86_64/sysroot -c -g -O2  conftest.c >&5
conftest.c:66:24: error: 'test_array' declared as an array with a negative size
static int test_array [1 - 2 * !((int8_t) (((((int8_t) 1 << N) << N) - 1) * 2 + 1)
                       ^~~~~~~~~~~~~~~~~~~~~~~~~~~~~~~~~~~~~~~~~~~~~~~~~~~~~~~~~~~
1 error generated.
configure:12086: $? = 1
configure: failed program was:
| /* confdefs.h */
| #define PACKAGE_NAME "opencore-amr"
| #define PACKAGE_TARNAME "opencore-amr"
| #define PACKAGE_VERSION "0.1.6"
| #define PACKAGE_STRING "opencore-amr 0.1.6"
| #define PACKAGE_BUGREPORT "http://sourceforge.net/projects/opencore-amr/"
| #define PACKAGE_URL ""
| #define PACKAGE "opencore-amr"
| #define VERSION "0.1.6"
| #define STDC_HEADERS 1
| #define HAVE_SYS_TYPES_H 1
| #define HAVE_SYS_STAT_H 1
| #define HAVE_STDLIB_H 1
| #define HAVE_STRING_H 1
| #define HAVE_MEMORY_H 1
| #define HAVE_STRINGS_H 1
| #define HAVE_INTTYPES_H 1
| #define HAVE_STDINT_H 1
| #define HAVE_UNISTD_H 1
| #define HAVE_DLFCN_H 1
| #define LT_OBJDIR ".libs/"
| #define HAVE_LIBM 1
| #define HAVE_STDINT_H 1
| #define HAVE_STDLIB_H 1
| #define HAVE_STRING_H 1
| #define HAVE__BOOL 1
| #define HAVE_STDBOOL_H 1
| /* end confdefs.h.  */
| #include <stdio.h>
| #ifdef HAVE_SYS_TYPES_H
| # include <sys/types.h>
| #endif
| #ifdef HAVE_SYS_STAT_H
| # include <sys/stat.h>
| #endif
| #ifdef STDC_HEADERS
| # include <stdlib.h>
| # include <stddef.h>
| #else
| # ifdef HAVE_STDLIB_H
| #  include <stdlib.h>
| # endif
| #endif
| #ifdef HAVE_STRING_H
| # if !defined STDC_HEADERS && defined HAVE_MEMORY_H
| #  include <memory.h>
| # endif
| # include <string.h>
| #endif
| #ifdef HAVE_STRINGS_H
| # include <strings.h>
| #endif
| #ifdef HAVE_INTTYPES_H
| # include <inttypes.h>
| #endif
| #ifdef HAVE_STDINT_H
| # include <stdint.h>
| #endif
| #ifdef HAVE_UNISTD_H
| # include <unistd.h>
| #endif
| 	        enum { N = 8 / 2 - 1 };
| int
| main ()
| {
| static int test_array [1 - 2 * !((int8_t) (((((int8_t) 1 << N) << N) - 1) * 2 + 1)
| 		 < (int8_t) (((((int8_t) 1 << N) << N) - 1) * 2 + 2))];
| test_array [0] = 0;
| return test_array [0];
| 
|   ;
|   return 0;
| }
configure:12086: result: yes
configure:12097: checking for uint16_t
configure:12097: aarch64-linux-android23-clang --sysroot /home/ak/Android/Sdk/ndk/26.0.10792818/toolchains/llvm/prebuilt/linux-x86_64/sysroot -c -g -O2  conftest.c >&5
configure:12097: $? = 0
configure:12097: result: yes
configure:12109: checking for uint32_t
configure:12109: aarch64-linux-android23-clang --sysroot /home/ak/Android/Sdk/ndk/26.0.10792818/toolchains/llvm/prebuilt/linux-x86_64/sysroot -c -g -O2  conftest.c >&5
configure:12109: $? = 0
configure:12109: result: yes
configure:12123: checking for uint64_t
configure:12123: aarch64-linux-android23-clang --sysroot /home/ak/Android/Sdk/ndk/26.0.10792818/toolchains/llvm/prebuilt/linux-x86_64/sysroot -c -g -O2  conftest.c >&5
configure:12123: $? = 0
configure:12123: result: yes
configure:12137: checking for uint8_t
configure:12137: aarch64-linux-android23-clang --sysroot /home/ak/Android/Sdk/ndk/26.0.10792818/toolchains/llvm/prebuilt/linux-x86_64/sysroot -c -g -O2  conftest.c >&5
configure:12137: $? = 0
configure:12137: result: yes
configure:12154: checking for memset
configure:12154: aarch64-linux-android23-clang --sysroot /home/ak/Android/Sdk/ndk/26.0.10792818/toolchains/llvm/prebuilt/linux-x86_64/sysroot -o conftest -g -O2   conftest.c -lm  >&5
conftest.c:52:6: warning: incompatible redeclaration of library function 'memset' [-Wincompatible-library-redeclaration]
char memset ();
     ^
conftest.c:52:6: note: 'memset' is a builtin with type 'void *(void *, int, unsigned long)'
1 warning generated.
configure:12154: $? = 0
configure:12154: result: yes
configure:12308: checking that generated files are newer than configure
configure:12314: result: done
configure:12365: creating ./config.status

## ---------------------- ##
## Running config.status. ##
## ---------------------- ##

This file was extended by opencore-amr config.status 0.1.6, which was
generated by GNU Autoconf 2.69.  Invocation command line was

  CONFIG_FILES    = 
  CONFIG_HEADERS  = 
  CONFIG_LINKS    = 
  CONFIG_COMMANDS = 
  $ ./config.status 

on mx

config.status:1087: creating Makefile
config.status:1087: creating amrnb/Makefile
config.status:1087: creating amrwb/Makefile
config.status:1087: creating test/Makefile
config.status:1087: creating amrnb/opencore-amrnb.pc
config.status:1087: creating amrwb/opencore-amrwb.pc
config.status:1259: executing depfiles commands
config.status:1336: cd amrnb       && sed -e '/# am--include-marker/d' Makefile         | make -f - am--depfiles
make[1]: Entering directory '/home/ak/org/libbaresip-android/amr/amrnb'
make[1]: Nothing to be done for 'am--depfiles'.
make[1]: Leaving directory '/home/ak/org/libbaresip-android/amr/amrnb'
config.status:1341: $? = 0
config.status:1336: cd amrwb       && sed -e '/# am--include-marker/d' Makefile         | make -f - am--depfiles
make[1]: Entering directory '/home/ak/org/libbaresip-android/amr/amrwb'
make[1]: Nothing to be done for 'am--depfiles'.
make[1]: Leaving directory '/home/ak/org/libbaresip-android/amr/amrwb'
config.status:1341: $? = 0
config.status:1336: cd test       && sed -e '/# am--include-marker/d' Makefile         | make -f - am--depfiles
make[1]: Entering directory '/home/ak/org/libbaresip-android/amr/test'
make[1]: Nothing to be done for 'am--depfiles'.
make[1]: Leaving directory '/home/ak/org/libbaresip-android/amr/test'
config.status:1341: $? = 0
config.status:1259: executing libtool commands

## ---------------- ##
## Cache variables. ##
## ---------------- ##

ac_cv_build=x86_64-pc-linux-gnu
ac_cv_c_compiler_gnu=yes
ac_cv_c_inline=inline
ac_cv_c_int16_t=yes
ac_cv_c_int32_t=yes
ac_cv_c_int64_t=yes
ac_cv_c_int8_t=yes
ac_cv_c_uint16_t=yes
ac_cv_c_uint32_t=yes
ac_cv_c_uint64_t=yes
ac_cv_c_uint8_t=yes
ac_cv_cxx_compiler_gnu=yes
ac_cv_env_CCC_set=
ac_cv_env_CCC_value=
ac_cv_env_CC_set=set
ac_cv_env_CC_value='aarch64-linux-android23-clang --sysroot /home/ak/Android/Sdk/ndk/26.0.10792818/toolchains/llvm/prebuilt/linux-x86_64/sysroot'
ac_cv_env_CFLAGS_set=
ac_cv_env_CFLAGS_value=
ac_cv_env_CPPFLAGS_set=
ac_cv_env_CPPFLAGS_value=
ac_cv_env_CPP_set=
ac_cv_env_CPP_value=
ac_cv_env_CXXCPP_set=
ac_cv_env_CXXCPP_value=
ac_cv_env_CXXFLAGS_set=set
ac_cv_env_CXXFLAGS_value=-fPIC
ac_cv_env_CXX_set=set
ac_cv_env_CXX_value=aarch64-linux-android23-clang++
ac_cv_env_LDFLAGS_set=
ac_cv_env_LDFLAGS_value=
ac_cv_env_LIBS_set=
ac_cv_env_LIBS_value=
ac_cv_env_LT_SYS_LIBRARY_PATH_set=
ac_cv_env_LT_SYS_LIBRARY_PATH_value=
ac_cv_env_build_alias_set=
ac_cv_env_build_alias_value=
ac_cv_env_host_alias_set=set
ac_cv_env_host_alias_value=aarch64-linux-android
ac_cv_env_target_alias_set=
ac_cv_env_target_alias_value=
ac_cv_func_memset=yes
ac_cv_header_dlfcn_h=yes
ac_cv_header_inttypes_h=yes
ac_cv_header_memory_h=yes
ac_cv_header_stdbool_h=yes
ac_cv_header_stdc=yes
ac_cv_header_stdint_h=yes
ac_cv_header_stdlib_h=yes
ac_cv_header_string_h=yes
ac_cv_header_strings_h=yes
ac_cv_header_sys_stat_h=yes
ac_cv_header_sys_types_h=yes
ac_cv_header_unistd_h=yes
ac_cv_host=aarch64-unknown-linux-android
ac_cv_lib_m_main=yes
ac_cv_objext=o
ac_cv_path_EGREP='/usr/bin/grep -E'
ac_cv_path_FGREP='/usr/bin/grep -F'
ac_cv_path_GREP=/usr/bin/grep
ac_cv_path_SED=/usr/bin/sed
ac_cv_path_install='/usr/bin/install -c'
ac_cv_path_lt_DD=/usr/bin/dd
ac_cv_path_mkdir=/usr/bin/mkdir
ac_cv_prog_AR=llvm-ar
ac_cv_prog_AWK=gawk
ac_cv_prog_CC='aarch64-linux-android23-clang --sysroot /home/ak/Android/Sdk/ndk/26.0.10792818/toolchains/llvm/prebuilt/linux-x86_64/sysroot'
ac_cv_prog_CPP='aarch64-linux-android23-clang --sysroot /home/ak/Android/Sdk/ndk/26.0.10792818/toolchains/llvm/prebuilt/linux-x86_64/sysroot -E'
ac_cv_prog_CXXCPP='aarch64-linux-android23-clang++ -E'
ac_cv_prog_RANLIB=llvm-ranlib
ac_cv_prog_STRIP=strip
ac_cv_prog_ac_ct_DUMPBIN='link -dump'
ac_cv_prog_ac_ct_MANIFEST_TOOL=mt
ac_cv_prog_ac_ct_OBJDUMP=objdump
ac_cv_prog_ac_ct_STRIP=strip
ac_cv_prog_cc_c89=
ac_cv_prog_cc_g=yes
ac_cv_prog_cxx_g=yes
ac_cv_prog_make_make_set=yes
ac_cv_type__Bool=yes
am_cv_CC_dependencies_compiler_type=gcc3
am_cv_CXX_dependencies_compiler_type=gcc3
am_cv_make_support_nested_variables=yes
am_cv_prog_cc_c_o=yes
am_cv_prog_tar_ustar=gnutar
lt_cv_ar_at_file=@
lt_cv_deplibs_check_method=pass_all
lt_cv_file_magic_cmd='$MAGIC_CMD'
lt_cv_file_magic_test_file=
lt_cv_ld_reload_flag=-r
lt_cv_nm_interface='BSD nm'
lt_cv_objdir=.libs
lt_cv_path_LD=/home/ak/Android/Sdk/ndk/26.0.10792818/toolchains/llvm/prebuilt/linux-x86_64/bin/ld
lt_cv_path_LDCXX=/home/ak/Android/Sdk/ndk/26.0.10792818/toolchains/llvm/prebuilt/linux-x86_64/bin/ld
lt_cv_path_NM=no
lt_cv_path_mainfest_tool=no
lt_cv_prog_compiler_c_o=yes
lt_cv_prog_compiler_c_o_CXX=yes
lt_cv_prog_compiler_pic='-fPIC -DPIC'
lt_cv_prog_compiler_pic_CXX='-fPIC -DPIC'
lt_cv_prog_compiler_pic_works=yes
lt_cv_prog_compiler_pic_works_CXX=yes
lt_cv_prog_compiler_rtti_exceptions=yes
lt_cv_prog_compiler_static_works=yes
lt_cv_prog_compiler_static_works_CXX=yes
lt_cv_prog_gnu_ld=yes
lt_cv_prog_gnu_ldcxx=yes
lt_cv_sharedlib_from_linklib_cmd='printf %s\n'
lt_cv_sys_global_symbol_pipe='sed -n -e '\''s/^.*[	 ]\([ABCDGIRSTW][ABCDGIRSTW]*\)[	 ][	 ]*\([_A-Za-z][_A-Za-z0-9]*\)$/\1 \2 \2/p'\'' | sed '\''/ __gnu_lto/d'\'''
lt_cv_sys_global_symbol_to_c_name_address='sed -n -e '\''s/^: \(.*\) .*$/  {"\1", (void *) 0},/p'\'' -e '\''s/^[ABCDGIRSTW][ABCDGIRSTW]* .* \(.*\)$/  {"\1", (void *) \&\1},/p'\'''
lt_cv_sys_global_symbol_to_c_name_address_lib_prefix='sed -n -e '\''s/^: \(.*\) .*$/  {"\1", (void *) 0},/p'\'' -e '\''s/^[ABCDGIRSTW][ABCDGIRSTW]* .* \(lib.*\)$/  {"\1", (void *) \&\1},/p'\'' -e '\''s/^[ABCDGIRSTW][ABCDGIRSTW]* .* \(.*\)$/  {"lib\1", (void *) \&\1},/p'\'''
lt_cv_sys_global_symbol_to_cdecl='sed -n -e '\''s/^T .* \(.*\)$/extern int \1();/p'\'' -e '\''s/^[ABCDGIRSTW][ABCDGIRSTW]* .* \(.*\)$/extern char \1;/p'\'''
lt_cv_sys_global_symbol_to_import=
lt_cv_sys_max_cmd_len=1572864
lt_cv_to_host_file_cmd=func_convert_file_noop
lt_cv_to_tool_file_cmd=func_convert_file_noop
lt_cv_truncate_bin='/usr/bin/dd bs=4096 count=1'

## ----------------- ##
## Output variables. ##
## ----------------- ##

ACLOCAL='${SHELL} '\''/home/ak/org/libbaresip-android/amr/missing'\'' aclocal-1.16'
AMDEPBACKSLASH='\'
AMDEP_FALSE='#'
AMDEP_TRUE=''
AMRNB_DECODER_FALSE='#'
AMRNB_DECODER_TRUE=''
AMRNB_ENCODER_FALSE='#'
AMRNB_ENCODER_TRUE=''
AMTAR='$${TAR-tar}'
AM_BACKSLASH='\'
AM_DEFAULT_V='$(AM_DEFAULT_VERBOSITY)'
AM_DEFAULT_VERBOSITY='0'
AM_V='$(V)'
AR='llvm-ar'
AUTOCONF='${SHELL} '\''/home/ak/org/libbaresip-android/amr/missing'\'' autoconf'
AUTOHEADER='${SHELL} '\''/home/ak/org/libbaresip-android/amr/missing'\'' autoheader'
AUTOMAKE='${SHELL} '\''/home/ak/org/libbaresip-android/amr/missing'\'' automake-1.16'
AWK='gawk'
CC='aarch64-linux-android23-clang --sysroot /home/ak/Android/Sdk/ndk/26.0.10792818/toolchains/llvm/prebuilt/linux-x86_64/sysroot'
CCDEPMODE='depmode=gcc3'
CFLAGS='-g -O2'
COMPILE_AS_C_FALSE='#'
COMPILE_AS_C_TRUE=''
CPP='aarch64-linux-android23-clang --sysroot /home/ak/Android/Sdk/ndk/26.0.10792818/toolchains/llvm/prebuilt/linux-x86_64/sysroot -E'
CPPFLAGS=''
CXX='aarch64-linux-android23-clang++'
CXXCPP='aarch64-linux-android23-clang++ -E'
CXXDEPMODE='depmode=gcc3'
CXXFLAGS='-fPIC'
CYGPATH_W='echo'
DEFS='-DPACKAGE_NAME=\"opencore-amr\" -DPACKAGE_TARNAME=\"opencore-amr\" -DPACKAGE_VERSION=\"0.1.6\" -DPACKAGE_STRING=\"opencore-amr\ 0.1.6\" -DPACKAGE_BUGREPORT=\"http://sourceforge.net/projects/opencore-amr/\" -DPACKAGE_URL=\"\" -DPACKAGE=\"opencore-amr\" -DVERSION=\"0.1.6\" -DSTDC_HEADERS=1 -DHAVE_SYS_TYPES_H=1 -DHAVE_SYS_STAT_H=1 -DHAVE_STDLIB_H=1 -DHAVE_STRING_H=1 -DHAVE_MEMORY_H=1 -DHAVE_STRINGS_H=1 -DHAVE_INTTYPES_H=1 -DHAVE_STDINT_H=1 -DHAVE_UNISTD_H=1 -DHAVE_DLFCN_H=1 -DLT_OBJDIR=\".libs/\" -DHAVE_LIBM=1 -DHAVE_STDINT_H=1 -DHAVE_STDLIB_H=1 -DHAVE_STRING_H=1 -DHAVE__BOOL=1 -DHAVE_STDBOOL_H=1 -DHAVE_MEMSET=1'
DEPDIR='.deps'
DLLTOOL='false'
DSYMUTIL=''
DUMPBIN=':'
ECHO_C=''
ECHO_N='-n'
ECHO_T=''
EGREP='/usr/bin/grep -E'
EXAMPLES_FALSE=''
EXAMPLES_TRUE='#'
EXEEXT=''
FGREP='/usr/bin/grep -F'
GCC_ARMV5_FALSE=''
GCC_ARMV5_TRUE='#'
GREP='/usr/bin/grep'
INSTALL_DATA='${INSTALL} -m 644'
INSTALL_PROGRAM='${INSTALL}'
INSTALL_SCRIPT='${INSTALL}'
INSTALL_STRIP_PROGRAM='$(install_sh) -c -s'
LD='/home/ak/Android/Sdk/ndk/26.0.10792818/toolchains/llvm/prebuilt/linux-x86_64/bin/ld'
LDFLAGS=''
LIBOBJS=''
LIBS='-lm '
LIBTOOL='$(SHELL) $(top_builddir)/libtool'
LIPO=''
LN_S='ln -s'
LTLIBOBJS=''
LT_SYS_LIBRARY_PATH=''
MAINT='#'
MAINTAINER_MODE_FALSE=''
MAINTAINER_MODE_TRUE='#'
MAKEINFO='${SHELL} '\''/home/ak/org/libbaresip-android/amr/missing'\'' makeinfo'
MANIFEST_TOOL=':'
MKDIR_P='/usr/bin/mkdir -p'
NM='nm'
NMEDIT=''
OBJDUMP='objdump'
OBJEXT='o'
OPENCORE_AMRNB_VERSION='0:5:0'
OPENCORE_AMRWB_VERSION='0:5:0'
OTOOL64=''
OTOOL=''
PACKAGE='opencore-amr'
PACKAGE_BUGREPORT='http://sourceforge.net/projects/opencore-amr/'
PACKAGE_NAME='opencore-amr'
PACKAGE_STRING='opencore-amr 0.1.6'
PACKAGE_TARNAME='opencore-amr'
PACKAGE_URL=''
PACKAGE_VERSION='0.1.6'
PATH_SEPARATOR=':'
RANLIB='llvm-ranlib'
SED='/usr/bin/sed'
SET_MAKE=''
SHELL='/bin/bash'
STRIP='strip'
VERSION='0.1.6'
ac_ct_AR=''
ac_ct_CC=''
ac_ct_CXX=''
ac_ct_DUMPBIN='link -dump'
am__EXEEXT_FALSE=''
am__EXEEXT_TRUE='#'
am__fastdepCC_FALSE='#'
am__fastdepCC_TRUE=''
am__fastdepCXX_FALSE='#'
am__fastdepCXX_TRUE=''
am__include='include'
am__isrc=''
am__leading_dot='.'
am__nodep='_no'
am__quote=''
am__tar='tar --format=ustar -chf - "$$tardir"'
am__untar='tar -xf -'
bindir='${exec_prefix}/bin'
build='x86_64-pc-linux-gnu'
build_alias=''
build_cpu='x86_64'
build_os='linux-gnu'
build_vendor='pc'
datadir='${datarootdir}'
datarootdir='${prefix}/share'
docdir='${datarootdir}/doc/${PACKAGE_TARNAME}'
dvidir='${docdir}'
exec_prefix='${prefix}'
host='aarch64-unknown-linux-android'
host_alias='aarch64-linux-android'
host_cpu='aarch64'
host_os='linux-android'
host_vendor='unknown'
htmldir='${docdir}'
includedir='${prefix}/include'
infodir='${datarootdir}/info'
install_sh='${SHELL} /home/ak/org/libbaresip-android/amr/install-sh'
libdir='${exec_prefix}/lib'
libexecdir='${exec_prefix}/libexec'
localedir='${datarootdir}/locale'
localstatedir='${prefix}/var'
mandir='${datarootdir}/man'
mkdir_p='$(MKDIR_P)'
oldincludedir='/usr/include'
pdfdir='${docdir}'
prefix='/home/ak/org/libbaresip-android/amr'
program_transform_name='s,x,x,'
psdir='${docdir}'
runstatedir='${localstatedir}/run'
sbindir='${exec_prefix}/sbin'
sharedstatedir='${prefix}/com'
sysconfdir='${prefix}/etc'
target_alias=''

## ----------- ##
## confdefs.h. ##
## ----------- ##

/* confdefs.h */
#define PACKAGE_NAME "opencore-amr"
#define PACKAGE_TARNAME "opencore-amr"
#define PACKAGE_VERSION "0.1.6"
#define PACKAGE_STRING "opencore-amr 0.1.6"
#define PACKAGE_BUGREPORT "http://sourceforge.net/projects/opencore-amr/"
#define PACKAGE_URL ""
#define PACKAGE "opencore-amr"
#define VERSION "0.1.6"
#define STDC_HEADERS 1
#define HAVE_SYS_TYPES_H 1
#define HAVE_SYS_STAT_H 1
#define HAVE_STDLIB_H 1
#define HAVE_STRING_H 1
#define HAVE_MEMORY_H 1
#define HAVE_STRINGS_H 1
#define HAVE_INTTYPES_H 1
#define HAVE_STDINT_H 1
#define HAVE_UNISTD_H 1
#define HAVE_DLFCN_H 1
#define LT_OBJDIR ".libs/"
#define HAVE_LIBM 1
#define HAVE_STDINT_H 1
#define HAVE_STDLIB_H 1
#define HAVE_STRING_H 1
#define HAVE__BOOL 1
#define HAVE_STDBOOL_H 1
#define HAVE_MEMSET 1

configure: exit 0
