Determining if the backtrace exist failed with the following output:
Change Dir: /home/ak/org/libbaresip-android/baresip/build/CMakeFiles/CMakeScratch/TryCompile-zFNSOl

Run Build Command(s):/usr/bin/gmake -f Makefile cmTC_835ae/fast && gmake[1]: Entering directory '/home/ak/org/libbaresip-android/baresip/build/CMakeFiles/CMakeScratch/TryCompile-zFNSOl'
/usr/bin/gmake  -f CMakeFiles/cmTC_835ae.dir/build.make CMakeFiles/cmTC_835ae.dir/build
gmake[2]: Entering directory '/home/ak/org/libbaresip-android/baresip/build/CMakeFiles/CMakeScratch/TryCompile-zFNSOl'
Building C object CMakeFiles/cmTC_835ae.dir/CheckSymbolExists.c.o
/home/ak/Android/Sdk/ndk/26.0.10792818/toolchains/llvm/prebuilt/linux-x86_64/bin/clang --target=aarch64-none-linux-android23 --sysroot=/home/ak/Android/Sdk/ndk/26.0.10792818/toolchains/llvm/prebuilt/linux-x86_64/sysroot   -g -DANDROID -fdata-sections -ffunction-sections -funwind-tables -fstack-protector-strong -no-canonical-prefixes -D_FORTIFY_SOURCE=2 -Wformat   -fPIE -std=gnu11 -MD -MT CMakeFiles/cmTC_835ae.dir/CheckSymbolExists.c.o -MF CMakeFiles/cmTC_835ae.dir/CheckSymbolExists.c.o.d -o CMakeFiles/cmTC_835ae.dir/CheckSymbolExists.c.o -c /home/ak/org/libbaresip-android/baresip/build/CMakeFiles/CMakeScratch/TryCompile-zFNSOl/CheckSymbolExists.c
/home/ak/org/libbaresip-android/baresip/build/CMakeFiles/CMakeScratch/TryCompile-zFNSOl/CheckSymbolExists.c:8:19: error: use of undeclared identifier 'backtrace'
  return ((int*)(&backtrace))[argc];
                  ^
1 error generated.
gmake[2]: *** [CMakeFiles/cmTC_835ae.dir/build.make:79: CMakeFiles/cmTC_835ae.dir/CheckSymbolExists.c.o] Error 1
gmake[2]: Leaving directory '/home/ak/org/libbaresip-android/baresip/build/CMakeFiles/CMakeScratch/TryCompile-zFNSOl'
gmake[1]: *** [Makefile:127: cmTC_835ae/fast] Error 2
gmake[1]: Leaving directory '/home/ak/org/libbaresip-android/baresip/build/CMakeFiles/CMakeScratch/TryCompile-zFNSOl'


File CheckSymbolExists.c:
/* */
#include <execinfo.h>

int main(int argc, char** argv)
{
  (void)argv;
#ifndef backtrace
  return ((int*)(&backtrace))[argc];
#else
  (void)argc;
  return 0;
#endif
}
Performing C SOURCE FILE Test CMAKE_HAVE_LIBC_PTHREAD failed with the following output:
Change Dir: /home/ak/org/libbaresip-android/baresip/build/CMakeFiles/CMakeScratch/TryCompile-lMUwkW

Run Build Command(s):/usr/bin/gmake -f Makefile cmTC_881e1/fast && gmake[1]: Entering directory '/home/ak/org/libbaresip-android/baresip/build/CMakeFiles/CMakeScratch/TryCompile-lMUwkW'
/usr/bin/gmake  -f CMakeFiles/cmTC_881e1.dir/build.make CMakeFiles/cmTC_881e1.dir/build
gmake[2]: Entering directory '/home/ak/org/libbaresip-android/baresip/build/CMakeFiles/CMakeScratch/TryCompile-lMUwkW'
Building C object CMakeFiles/cmTC_881e1.dir/src.c.o
/home/ak/Android/Sdk/ndk/26.0.10792818/toolchains/llvm/prebuilt/linux-x86_64/bin/clang --target=aarch64-none-linux-android23 --sysroot=/home/ak/Android/Sdk/ndk/26.0.10792818/toolchains/llvm/prebuilt/linux-x86_64/sysroot -DCMAKE_HAVE_LIBC_PTHREAD  -g -DANDROID -fdata-sections -ffunction-sections -funwind-tables -fstack-protector-strong -no-canonical-prefixes -D_FORTIFY_SOURCE=2 -Wformat -Werror=format-security   -fPIE -std=gnu11 -MD -MT CMakeFiles/cmTC_881e1.dir/src.c.o -MF CMakeFiles/cmTC_881e1.dir/src.c.o.d -o CMakeFiles/cmTC_881e1.dir/src.c.o -c /home/ak/org/libbaresip-android/baresip/build/CMakeFiles/CMakeScratch/TryCompile-lMUwkW/src.c
/home/ak/org/libbaresip-android/baresip/build/CMakeFiles/CMakeScratch/TryCompile-lMUwkW/src.c:13:3: error: call to undeclared function 'pthread_cancel'; ISO C99 and later do not support implicit function declarations [-Wimplicit-function-declaration]
  pthread_cancel(thread);
  ^
/home/ak/org/libbaresip-android/baresip/build/CMakeFiles/CMakeScratch/TryCompile-lMUwkW/src.c:13:3: note: did you mean 'pthread_once'?
/home/ak/Android/Sdk/ndk/26.0.10792818/toolchains/llvm/prebuilt/linux-x86_64/sysroot/usr/include/pthread.h:258:5: note: 'pthread_once' declared here
int pthread_once(pthread_once_t* _Nonnull __once, void (* _Nonnull __init_routine)(void));
    ^
1 error generated.
gmake[2]: *** [CMakeFiles/cmTC_881e1.dir/build.make:79: CMakeFiles/cmTC_881e1.dir/src.c.o] Error 1
gmake[2]: Leaving directory '/home/ak/org/libbaresip-android/baresip/build/CMakeFiles/CMakeScratch/TryCompile-lMUwkW'
gmake[1]: *** [Makefile:127: cmTC_881e1/fast] Error 2
gmake[1]: Leaving directory '/home/ak/org/libbaresip-android/baresip/build/CMakeFiles/CMakeScratch/TryCompile-lMUwkW'


Source file was:
#include <pthread.h>

static void* test_func(void* data)
{
  return data;
}

int main(void)
{
  pthread_t thread;
  pthread_create(&thread, NULL, test_func, NULL);
  pthread_detach(thread);
  pthread_cancel(thread);
  pthread_join(thread, NULL);
  pthread_atfork(NULL, NULL, NULL);
  pthread_exit(NULL);

  return 0;
}


Determining if the function pthread_create exists in the pthreads failed with the following output:
Change Dir: /home/ak/org/libbaresip-android/baresip/build/CMakeFiles/CMakeScratch/TryCompile-Bp1Acx

Run Build Command(s):/usr/bin/gmake -f Makefile cmTC_afb9a/fast && gmake[1]: Entering directory '/home/ak/org/libbaresip-android/baresip/build/CMakeFiles/CMakeScratch/TryCompile-Bp1Acx'
/usr/bin/gmake  -f CMakeFiles/cmTC_afb9a.dir/build.make CMakeFiles/cmTC_afb9a.dir/build
gmake[2]: Entering directory '/home/ak/org/libbaresip-android/baresip/build/CMakeFiles/CMakeScratch/TryCompile-Bp1Acx'
Building C object CMakeFiles/cmTC_afb9a.dir/CheckFunctionExists.c.o
/home/ak/Android/Sdk/ndk/26.0.10792818/toolchains/llvm/prebuilt/linux-x86_64/bin/clang --target=aarch64-none-linux-android23 --sysroot=/home/ak/Android/Sdk/ndk/26.0.10792818/toolchains/llvm/prebuilt/linux-x86_64/sysroot   -g -DANDROID -fdata-sections -ffunction-sections -funwind-tables -fstack-protector-strong -no-canonical-prefixes -D_FORTIFY_SOURCE=2 -Wformat -Werror=format-security  -DCHECK_FUNCTION_EXISTS=pthread_create -fPIE -std=gnu11 -MD -MT CMakeFiles/cmTC_afb9a.dir/CheckFunctionExists.c.o -MF CMakeFiles/cmTC_afb9a.dir/CheckFunctionExists.c.o.d -o CMakeFiles/cmTC_afb9a.dir/CheckFunctionExists.c.o -c /home/ak/org/libbaresip-android/baresip/build/CMakeFiles/CMakeScratch/TryCompile-Bp1Acx/CheckFunctionExists.c
Linking C executable cmTC_afb9a
/usr/bin/cmake -E cmake_link_script CMakeFiles/cmTC_afb9a.dir/link.txt --verbose=1
/home/ak/Android/Sdk/ndk/26.0.10792818/toolchains/llvm/prebuilt/linux-x86_64/bin/clang --target=aarch64-none-linux-android23 --sysroot=/home/ak/Android/Sdk/ndk/26.0.10792818/toolchains/llvm/prebuilt/linux-x86_64/sysroot -g -DANDROID -fdata-sections -ffunction-sections -funwind-tables -fstack-protector-strong -no-canonical-prefixes -D_FORTIFY_SOURCE=2 -Wformat -Werror=format-security  -DCHECK_FUNCTION_EXISTS=pthread_create -static-libstdc++ -Wl,--build-id=sha1 -Wl,--no-rosegment -Wl,--no-undefined-version -Wl,--fatal-warnings -Wl,--no-undefined -Qunused-arguments    CMakeFiles/cmTC_afb9a.dir/CheckFunctionExists.c.o -o cmTC_afb9a  -lpthreads -latomic -lm 
ld.lld: error: unable to find library -lpthreads
clang: error: linker command failed with exit code 1 (use -v to see invocation)
gmake[2]: *** [CMakeFiles/cmTC_afb9a.dir/build.make:100: cmTC_afb9a] Error 1
gmake[2]: Leaving directory '/home/ak/org/libbaresip-android/baresip/build/CMakeFiles/CMakeScratch/TryCompile-Bp1Acx'
gmake[1]: *** [Makefile:127: cmTC_afb9a/fast] Error 2
gmake[1]: Leaving directory '/home/ak/org/libbaresip-android/baresip/build/CMakeFiles/CMakeScratch/TryCompile-Bp1Acx'



Determining if the function pthread_create exists in the pthread failed with the following output:
Change Dir: /home/ak/org/libbaresip-android/baresip/build/CMakeFiles/CMakeScratch/TryCompile-gV07I8

Run Build Command(s):/usr/bin/gmake -f Makefile cmTC_550dd/fast && gmake[1]: Entering directory '/home/ak/org/libbaresip-android/baresip/build/CMakeFiles/CMakeScratch/TryCompile-gV07I8'
/usr/bin/gmake  -f CMakeFiles/cmTC_550dd.dir/build.make CMakeFiles/cmTC_550dd.dir/build
gmake[2]: Entering directory '/home/ak/org/libbaresip-android/baresip/build/CMakeFiles/CMakeScratch/TryCompile-gV07I8'
Building C object CMakeFiles/cmTC_550dd.dir/CheckFunctionExists.c.o
/home/ak/Android/Sdk/ndk/26.0.10792818/toolchains/llvm/prebuilt/linux-x86_64/bin/clang --target=aarch64-none-linux-android23 --sysroot=/home/ak/Android/Sdk/ndk/26.0.10792818/toolchains/llvm/prebuilt/linux-x86_64/sysroot   -g -DANDROID -fdata-sections -ffunction-sections -funwind-tables -fstack-protector-strong -no-canonical-prefixes -D_FORTIFY_SOURCE=2 -Wformat -Werror=format-security  -DCHECK_FUNCTION_EXISTS=pthread_create -fPIE -std=gnu11 -MD -MT CMakeFiles/cmTC_550dd.dir/CheckFunctionExists.c.o -MF CMakeFiles/cmTC_550dd.dir/CheckFunctionExists.c.o.d -o CMakeFiles/cmTC_550dd.dir/CheckFunctionExists.c.o -c /home/ak/org/libbaresip-android/baresip/build/CMakeFiles/CMakeScratch/TryCompile-gV07I8/CheckFunctionExists.c
Linking C executable cmTC_550dd
/usr/bin/cmake -E cmake_link_script CMakeFiles/cmTC_550dd.dir/link.txt --verbose=1
/home/ak/Android/Sdk/ndk/26.0.10792818/toolchains/llvm/prebuilt/linux-x86_64/bin/clang --target=aarch64-none-linux-android23 --sysroot=/home/ak/Android/Sdk/ndk/26.0.10792818/toolchains/llvm/prebuilt/linux-x86_64/sysroot -g -DANDROID -fdata-sections -ffunction-sections -funwind-tables -fstack-protector-strong -no-canonical-prefixes -D_FORTIFY_SOURCE=2 -Wformat -Werror=format-security  -DCHECK_FUNCTION_EXISTS=pthread_create -static-libstdc++ -Wl,--build-id=sha1 -Wl,--no-rosegment -Wl,--no-undefined-version -Wl,--fatal-warnings -Wl,--no-undefined -Qunused-arguments    CMakeFiles/cmTC_550dd.dir/CheckFunctionExists.c.o -o cmTC_550dd  -lpthread -latomic -lm 
ld.lld: error: unable to find library -lpthread
clang: error: linker command failed with exit code 1 (use -v to see invocation)
gmake[2]: *** [CMakeFiles/cmTC_550dd.dir/build.make:100: cmTC_550dd] Error 1
gmake[2]: Leaving directory '/home/ak/org/libbaresip-android/baresip/build/CMakeFiles/CMakeScratch/TryCompile-gV07I8'
gmake[1]: *** [Makefile:127: cmTC_550dd/fast] Error 2
gmake[1]: Leaving directory '/home/ak/org/libbaresip-android/baresip/build/CMakeFiles/CMakeScratch/TryCompile-gV07I8'



Determining if the res_ninit exist failed with the following output:
Change Dir: /home/ak/org/libbaresip-android/baresip/build/CMakeFiles/CMakeScratch/TryCompile-H2cRP7

Run Build Command(s):/usr/bin/gmake -f Makefile cmTC_a2bd1/fast && gmake[1]: Entering directory '/home/ak/org/libbaresip-android/baresip/build/CMakeFiles/CMakeScratch/TryCompile-H2cRP7'
/usr/bin/gmake  -f CMakeFiles/cmTC_a2bd1.dir/build.make CMakeFiles/cmTC_a2bd1.dir/build
gmake[2]: Entering directory '/home/ak/org/libbaresip-android/baresip/build/CMakeFiles/CMakeScratch/TryCompile-H2cRP7'
Building C object CMakeFiles/cmTC_a2bd1.dir/CheckSymbolExists.c.o
/home/ak/Android/Sdk/ndk/26.0.10792818/toolchains/llvm/prebuilt/linux-x86_64/bin/clang --target=aarch64-none-linux-android23 --sysroot=/home/ak/Android/Sdk/ndk/26.0.10792818/toolchains/llvm/prebuilt/linux-x86_64/sysroot   -g -DANDROID -fdata-sections -ffunction-sections -funwind-tables -fstack-protector-strong -no-canonical-prefixes -D_FORTIFY_SOURCE=2 -Wformat   -fPIE -std=gnu11 -MD -MT CMakeFiles/cmTC_a2bd1.dir/CheckSymbolExists.c.o -MF CMakeFiles/cmTC_a2bd1.dir/CheckSymbolExists.c.o.d -o CMakeFiles/cmTC_a2bd1.dir/CheckSymbolExists.c.o -c /home/ak/org/libbaresip-android/baresip/build/CMakeFiles/CMakeScratch/TryCompile-H2cRP7/CheckSymbolExists.c
/home/ak/org/libbaresip-android/baresip/build/CMakeFiles/CMakeScratch/TryCompile-H2cRP7/CheckSymbolExists.c:8:19: error: use of undeclared identifier 'res_ninit'; did you mean 'res_init'?
  return ((int*)(&res_ninit))[argc];
                  ^~~~~~~~~
                  res_init
/home/ak/Android/Sdk/ndk/26.0.10792818/toolchains/llvm/prebuilt/linux-x86_64/sysroot/usr/include/resolv.h:57:5: note: 'res_init' declared here
int res_init(void);
    ^
1 error generated.
gmake[2]: *** [CMakeFiles/cmTC_a2bd1.dir/build.make:79: CMakeFiles/cmTC_a2bd1.dir/CheckSymbolExists.c.o] Error 1
gmake[2]: Leaving directory '/home/ak/org/libbaresip-android/baresip/build/CMakeFiles/CMakeScratch/TryCompile-H2cRP7'
gmake[1]: *** [Makefile:127: cmTC_a2bd1/fast] Error 2
gmake[1]: Leaving directory '/home/ak/org/libbaresip-android/baresip/build/CMakeFiles/CMakeScratch/TryCompile-H2cRP7'


File CheckSymbolExists.c:
/* */
#include <resolv.h>

int main(int argc, char** argv)
{
  (void)argv;
#ifndef res_ninit
  return ((int*)(&res_ninit))[argc];
#else
  (void)argc;
  return 0;
#endif
}
Determining if the function thrd_create exists failed with the following output:
Change Dir: /home/ak/org/libbaresip-android/baresip/build/CMakeFiles/CMakeScratch/TryCompile-hBgQ9O

Run Build Command(s):/usr/bin/gmake -f Makefile cmTC_9142a/fast && gmake[1]: Entering directory '/home/ak/org/libbaresip-android/baresip/build/CMakeFiles/CMakeScratch/TryCompile-hBgQ9O'
/usr/bin/gmake  -f CMakeFiles/cmTC_9142a.dir/build.make CMakeFiles/cmTC_9142a.dir/build
gmake[2]: Entering directory '/home/ak/org/libbaresip-android/baresip/build/CMakeFiles/CMakeScratch/TryCompile-hBgQ9O'
Building C object CMakeFiles/cmTC_9142a.dir/CheckFunctionExists.c.o
/home/ak/Android/Sdk/ndk/26.0.10792818/toolchains/llvm/prebuilt/linux-x86_64/bin/clang --target=aarch64-none-linux-android23 --sysroot=/home/ak/Android/Sdk/ndk/26.0.10792818/toolchains/llvm/prebuilt/linux-x86_64/sysroot   -g -DANDROID -fdata-sections -ffunction-sections -funwind-tables -fstack-protector-strong -no-canonical-prefixes -D_FORTIFY_SOURCE=2 -Wformat -Werror=format-security  -DCHECK_FUNCTION_EXISTS=thrd_create -fPIE -std=gnu11 -MD -MT CMakeFiles/cmTC_9142a.dir/CheckFunctionExists.c.o -MF CMakeFiles/cmTC_9142a.dir/CheckFunctionExists.c.o.d -o CMakeFiles/cmTC_9142a.dir/CheckFunctionExists.c.o -c /home/ak/org/libbaresip-android/baresip/build/CMakeFiles/CMakeScratch/TryCompile-hBgQ9O/CheckFunctionExists.c
Linking C executable cmTC_9142a
/usr/bin/cmake -E cmake_link_script CMakeFiles/cmTC_9142a.dir/link.txt --verbose=1
/home/ak/Android/Sdk/ndk/26.0.10792818/toolchains/llvm/prebuilt/linux-x86_64/bin/clang --target=aarch64-none-linux-android23 --sysroot=/home/ak/Android/Sdk/ndk/26.0.10792818/toolchains/llvm/prebuilt/linux-x86_64/sysroot -g -DANDROID -fdata-sections -ffunction-sections -funwind-tables -fstack-protector-strong -no-canonical-prefixes -D_FORTIFY_SOURCE=2 -Wformat -Werror=format-security  -DCHECK_FUNCTION_EXISTS=thrd_create -static-libstdc++ -Wl,--build-id=sha1 -Wl,--no-rosegment -Wl,--no-undefined-version -Wl,--fatal-warnings -Wl,--no-undefined -Qunused-arguments    CMakeFiles/cmTC_9142a.dir/CheckFunctionExists.c.o -o cmTC_9142a  -latomic -lm 
ld.lld: error: undefined symbol: thrd_create
>>> referenced by CheckFunctionExists.c:17
>>>               CMakeFiles/cmTC_9142a.dir/CheckFunctionExists.c.o:(main)
clang: error: linker command failed with exit code 1 (use -v to see invocation)
gmake[2]: *** [CMakeFiles/cmTC_9142a.dir/build.make:100: cmTC_9142a] Error 1
gmake[2]: Leaving directory '/home/ak/org/libbaresip-android/baresip/build/CMakeFiles/CMakeScratch/TryCompile-hBgQ9O'
gmake[1]: *** [Makefile:127: cmTC_9142a/fast] Error 2
gmake[1]: Leaving directory '/home/ak/org/libbaresip-android/baresip/build/CMakeFiles/CMakeScratch/TryCompile-hBgQ9O'



Determining if the kqueue exist failed with the following output:
Change Dir: /home/ak/org/libbaresip-android/baresip/build/CMakeFiles/CMakeScratch/TryCompile-jxI9sJ

Run Build Command(s):/usr/bin/gmake -f Makefile cmTC_3d1dc/fast && gmake[1]: Entering directory '/home/ak/org/libbaresip-android/baresip/build/CMakeFiles/CMakeScratch/TryCompile-jxI9sJ'
/usr/bin/gmake  -f CMakeFiles/cmTC_3d1dc.dir/build.make CMakeFiles/cmTC_3d1dc.dir/build
gmake[2]: Entering directory '/home/ak/org/libbaresip-android/baresip/build/CMakeFiles/CMakeScratch/TryCompile-jxI9sJ'
Building C object CMakeFiles/cmTC_3d1dc.dir/CheckSymbolExists.c.o
/home/ak/Android/Sdk/ndk/26.0.10792818/toolchains/llvm/prebuilt/linux-x86_64/bin/clang --target=aarch64-none-linux-android23 --sysroot=/home/ak/Android/Sdk/ndk/26.0.10792818/toolchains/llvm/prebuilt/linux-x86_64/sysroot   -g -DANDROID -fdata-sections -ffunction-sections -funwind-tables -fstack-protector-strong -no-canonical-prefixes -D_FORTIFY_SOURCE=2 -Wformat   -fPIE -std=gnu11 -MD -MT CMakeFiles/cmTC_3d1dc.dir/CheckSymbolExists.c.o -MF CMakeFiles/cmTC_3d1dc.dir/CheckSymbolExists.c.o.d -o CMakeFiles/cmTC_3d1dc.dir/CheckSymbolExists.c.o -c /home/ak/org/libbaresip-android/baresip/build/CMakeFiles/CMakeScratch/TryCompile-jxI9sJ/CheckSymbolExists.c
/home/ak/org/libbaresip-android/baresip/build/CMakeFiles/CMakeScratch/TryCompile-jxI9sJ/CheckSymbolExists.c:3:10: fatal error: 'sys/event.h' file not found
#include <sys/event.h>
         ^~~~~~~~~~~~~
1 error generated.
gmake[2]: *** [CMakeFiles/cmTC_3d1dc.dir/build.make:79: CMakeFiles/cmTC_3d1dc.dir/CheckSymbolExists.c.o] Error 1
gmake[2]: Leaving directory '/home/ak/org/libbaresip-android/baresip/build/CMakeFiles/CMakeScratch/TryCompile-jxI9sJ'
gmake[1]: *** [Makefile:127: cmTC_3d1dc/fast] Error 2
gmake[1]: Leaving directory '/home/ak/org/libbaresip-android/baresip/build/CMakeFiles/CMakeScratch/TryCompile-jxI9sJ'


File CheckSymbolExists.c:
/* */
#include <sys/types.h>
#include <sys/event.h>

int main(int argc, char** argv)
{
  (void)argv;
#ifndef kqueue
  return ((int*)(&kqueue))[argc];
#else
  (void)argc;
  return 0;
#endif
}
