Determining if the include file direct.h exists failed with the following output:
Change Dir: /home/ak/org/libbaresip-android/sndfile/build/CMakeFiles/CMakeScratch/TryCompile-A59PML

Run Build Command(s):/usr/bin/gmake -f Makefile cmTC_11eaa/fast && gmake[1]: Entering directory '/home/ak/org/libbaresip-android/sndfile/build/CMakeFiles/CMakeScratch/TryCompile-A59PML'
/usr/bin/gmake  -f CMakeFiles/cmTC_11eaa.dir/build.make CMakeFiles/cmTC_11eaa.dir/build
gmake[2]: Entering directory '/home/ak/org/libbaresip-android/sndfile/build/CMakeFiles/CMakeScratch/TryCompile-A59PML'
Building C object CMakeFiles/cmTC_11eaa.dir/CheckIncludeFile.c.o
/home/ak/Android/Sdk/ndk/26.0.10792818/toolchains/llvm/prebuilt/linux-x86_64/bin/clang --target=aarch64-none-linux-android23 --sysroot=/home/ak/Android/Sdk/ndk/26.0.10792818/toolchains/llvm/prebuilt/linux-x86_64/sysroot   -g -DANDROID -fdata-sections -ffunction-sections -funwind-tables -fstack-protector-strong -no-canonical-prefixes -D_FORTIFY_SOURCE=2 -Wformat -Werror=format-security   -fPIE -MD -MT CMakeFiles/cmTC_11eaa.dir/CheckIncludeFile.c.o -MF CMakeFiles/cmTC_11eaa.dir/CheckIncludeFile.c.o.d -o CMakeFiles/cmTC_11eaa.dir/CheckIncludeFile.c.o -c /home/ak/org/libbaresip-android/sndfile/build/CMakeFiles/CMakeScratch/TryCompile-A59PML/CheckIncludeFile.c
/home/ak/org/libbaresip-android/sndfile/build/CMakeFiles/CMakeScratch/TryCompile-A59PML/CheckIncludeFile.c:1:10: fatal error: 'direct.h' file not found
#include <direct.h>
         ^~~~~~~~~~
1 error generated.
gmake[2]: *** [CMakeFiles/cmTC_11eaa.dir/build.make:79: CMakeFiles/cmTC_11eaa.dir/CheckIncludeFile.c.o] Error 1
gmake[2]: Leaving directory '/home/ak/org/libbaresip-android/sndfile/build/CMakeFiles/CMakeScratch/TryCompile-A59PML'
gmake[1]: *** [Makefile:127: cmTC_11eaa/fast] Error 2
gmake[1]: Leaving directory '/home/ak/org/libbaresip-android/sndfile/build/CMakeFiles/CMakeScratch/TryCompile-A59PML'



Determining if the include file io.h exists failed with the following output:
Change Dir: /home/ak/org/libbaresip-android/sndfile/build/CMakeFiles/CMakeScratch/TryCompile-efwlfE

Run Build Command(s):/usr/bin/gmake -f Makefile cmTC_69515/fast && gmake[1]: Entering directory '/home/ak/org/libbaresip-android/sndfile/build/CMakeFiles/CMakeScratch/TryCompile-efwlfE'
/usr/bin/gmake  -f CMakeFiles/cmTC_69515.dir/build.make CMakeFiles/cmTC_69515.dir/build
gmake[2]: Entering directory '/home/ak/org/libbaresip-android/sndfile/build/CMakeFiles/CMakeScratch/TryCompile-efwlfE'
Building C object CMakeFiles/cmTC_69515.dir/CheckIncludeFile.c.o
/home/ak/Android/Sdk/ndk/26.0.10792818/toolchains/llvm/prebuilt/linux-x86_64/bin/clang --target=aarch64-none-linux-android23 --sysroot=/home/ak/Android/Sdk/ndk/26.0.10792818/toolchains/llvm/prebuilt/linux-x86_64/sysroot   -g -DANDROID -fdata-sections -ffunction-sections -funwind-tables -fstack-protector-strong -no-canonical-prefixes -D_FORTIFY_SOURCE=2 -Wformat -Werror=format-security   -fPIE -MD -MT CMakeFiles/cmTC_69515.dir/CheckIncludeFile.c.o -MF CMakeFiles/cmTC_69515.dir/CheckIncludeFile.c.o.d -o CMakeFiles/cmTC_69515.dir/CheckIncludeFile.c.o -c /home/ak/org/libbaresip-android/sndfile/build/CMakeFiles/CMakeScratch/TryCompile-efwlfE/CheckIncludeFile.c
/home/ak/org/libbaresip-android/sndfile/build/CMakeFiles/CMakeScratch/TryCompile-efwlfE/CheckIncludeFile.c:1:10: fatal error: 'io.h' file not found
#include <io.h>
         ^~~~~~
1 error generated.
gmake[2]: *** [CMakeFiles/cmTC_69515.dir/build.make:79: CMakeFiles/cmTC_69515.dir/CheckIncludeFile.c.o] Error 1
gmake[2]: Leaving directory '/home/ak/org/libbaresip-android/sndfile/build/CMakeFiles/CMakeScratch/TryCompile-efwlfE'
gmake[1]: *** [Makefile:127: cmTC_69515/fast] Error 2
gmake[1]: Leaving directory '/home/ak/org/libbaresip-android/sndfile/build/CMakeFiles/CMakeScratch/TryCompile-efwlfE'



Determining if the include file immintrin.h exists failed with the following output:
Change Dir: /home/ak/org/libbaresip-android/sndfile/build/CMakeFiles/CMakeScratch/TryCompile-g9oWRC

Run Build Command(s):/usr/bin/gmake -f Makefile cmTC_9be09/fast && gmake[1]: Entering directory '/home/ak/org/libbaresip-android/sndfile/build/CMakeFiles/CMakeScratch/TryCompile-g9oWRC'
/usr/bin/gmake  -f CMakeFiles/cmTC_9be09.dir/build.make CMakeFiles/cmTC_9be09.dir/build
gmake[2]: Entering directory '/home/ak/org/libbaresip-android/sndfile/build/CMakeFiles/CMakeScratch/TryCompile-g9oWRC'
Building C object CMakeFiles/cmTC_9be09.dir/CheckIncludeFile.c.o
/home/ak/Android/Sdk/ndk/26.0.10792818/toolchains/llvm/prebuilt/linux-x86_64/bin/clang --target=aarch64-none-linux-android23 --sysroot=/home/ak/Android/Sdk/ndk/26.0.10792818/toolchains/llvm/prebuilt/linux-x86_64/sysroot   -g -DANDROID -fdata-sections -ffunction-sections -funwind-tables -fstack-protector-strong -no-canonical-prefixes -D_FORTIFY_SOURCE=2 -Wformat -Werror=format-security   -fPIE -MD -MT CMakeFiles/cmTC_9be09.dir/CheckIncludeFile.c.o -MF CMakeFiles/cmTC_9be09.dir/CheckIncludeFile.c.o.d -o CMakeFiles/cmTC_9be09.dir/CheckIncludeFile.c.o -c /home/ak/org/libbaresip-android/sndfile/build/CMakeFiles/CMakeScratch/TryCompile-g9oWRC/CheckIncludeFile.c
In file included from /home/ak/org/libbaresip-android/sndfile/build/CMakeFiles/CMakeScratch/TryCompile-g9oWRC/CheckIncludeFile.c:1:
/home/ak/Android/Sdk/ndk/26.0.10792818/toolchains/llvm/prebuilt/linux-x86_64/lib/clang/17/include/immintrin.h:14:2: error: "This header is only meant to be used on x86 and x64 architecture"
#error "This header is only meant to be used on x86 and x64 architecture"
 ^
In file included from /home/ak/org/libbaresip-android/sndfile/build/CMakeFiles/CMakeScratch/TryCompile-g9oWRC/CheckIncludeFile.c:1:
In file included from /home/ak/Android/Sdk/ndk/26.0.10792818/toolchains/llvm/prebuilt/linux-x86_64/lib/clang/17/include/immintrin.h:17:
In file included from /home/ak/Android/Sdk/ndk/26.0.10792818/toolchains/llvm/prebuilt/linux-x86_64/lib/clang/17/include/x86gprintrin.h:15:
/home/ak/Android/Sdk/ndk/26.0.10792818/toolchains/llvm/prebuilt/linux-x86_64/lib/clang/17/include/hresetintrin.h:42:27: error: invalid input constraint 'a' in asm
  __asm__ ("hreset $0" :: "a"(__eax));
                          ^
In file included from /home/ak/org/libbaresip-android/sndfile/build/CMakeFiles/CMakeScratch/TryCompile-g9oWRC/CheckIncludeFile.c:1:
In file included from /home/ak/Android/Sdk/ndk/26.0.10792818/toolchains/llvm/prebuilt/linux-x86_64/lib/clang/17/include/immintrin.h:21:
/home/ak/Android/Sdk/ndk/26.0.10792818/toolchains/llvm/prebuilt/linux-x86_64/lib/clang/17/include/mmintrin.h:14:2: error: "This header is only meant to be used on x86 and x64 architecture"
#error "This header is only meant to be used on x86 and x64 architecture"
 ^
/home/ak/Android/Sdk/ndk/26.0.10792818/toolchains/llvm/prebuilt/linux-x86_64/lib/clang/17/include/mmintrin.h:54:12: error: invalid conversion between vector type '__m64' (vector of 1 'long long' value) and integer type 'int' of different size
    return (__m64)__builtin_ia32_vec_init_v2si(__i, 0);
           ^~~~~~~~~~~~~~~~~~~~~~~~~~~~~~~~~~~~~~~~~~~
/home/ak/Android/Sdk/ndk/26.0.10792818/toolchains/llvm/prebuilt/linux-x86_64/lib/clang/17/include/mmintrin.h:133:12: error: invalid conversion between vector type '__m64' (vector of 1 'long long' value) and integer type 'int' of different size
    return (__m64)__builtin_ia32_packsswb((__v4hi)__m1, (__v4hi)__m2);
           ^~~~~~~~~~~~~~~~~~~~~~~~~~~~~~~~~~~~~~~~~~~~~~~~~~~~~~~~~~
/home/ak/Android/Sdk/ndk/26.0.10792818/toolchains/llvm/prebuilt/linux-x86_64/lib/clang/17/include/mmintrin.h:163:12: error: invalid conversion between vector type '__m64' (vector of 1 'long long' value) and integer type 'int' of different size
    return (__m64)__builtin_ia32_packssdw((__v2si)__m1, (__v2si)__m2);
           ^~~~~~~~~~~~~~~~~~~~~~~~~~~~~~~~~~~~~~~~~~~~~~~~~~~~~~~~~~
/home/ak/Android/Sdk/ndk/26.0.10792818/toolchains/llvm/prebuilt/linux-x86_64/lib/clang/17/include/mmintrin.h:193:12: error: invalid conversion between vector type '__m64' (vector of 1 'long long' value) and integer type 'int' of different size
    return (__m64)__builtin_ia32_packuswb((__v4hi)__m1, (__v4hi)__m2);
           ^~~~~~~~~~~~~~~~~~~~~~~~~~~~~~~~~~~~~~~~~~~~~~~~~~~~~~~~~~
/home/ak/Android/Sdk/ndk/26.0.10792818/toolchains/llvm/prebuilt/linux-x86_64/lib/clang/17/include/mmintrin.h:220:12: error: invalid conversion between vector type '__m64' (vector of 1 'long long' value) and integer type 'int' of different size
    return (__m64)__builtin_ia32_punpckhbw((__v8qi)__m1, (__v8qi)__m2);
           ^~~~~~~~~~~~~~~~~~~~~~~~~~~~~~~~~~~~~~~~~~~~~~~~~~~~~~~~~~~
/home/ak/Android/Sdk/ndk/26.0.10792818/toolchains/llvm/prebuilt/linux-x86_64/lib/clang/17/include/mmintrin.h:243:12: error: invalid conversion between vector type '__m64' (vector of 1 'long long' value) and integer type 'int' of different size
    return (__m64)__builtin_ia32_punpckhwd((__v4hi)__m1, (__v4hi)__m2);
           ^~~~~~~~~~~~~~~~~~~~~~~~~~~~~~~~~~~~~~~~~~~~~~~~~~~~~~~~~~~
/home/ak/Android/Sdk/ndk/26.0.10792818/toolchains/llvm/prebuilt/linux-x86_64/lib/clang/17/include/mmintrin.h:264:12: error: invalid conversion between vector type '__m64' (vector of 1 'long long' value) and integer type 'int' of different size
    return (__m64)__builtin_ia32_punpckhdq((__v2si)__m1, (__v2si)__m2);
           ^~~~~~~~~~~~~~~~~~~~~~~~~~~~~~~~~~~~~~~~~~~~~~~~~~~~~~~~~~~
/home/ak/Android/Sdk/ndk/26.0.10792818/toolchains/llvm/prebuilt/linux-x86_64/lib/clang/17/include/mmintrin.h:291:12: error: invalid conversion between vector type '__m64' (vector of 1 'long long' value) and integer type 'int' of different size
    return (__m64)__builtin_ia32_punpcklbw((__v8qi)__m1, (__v8qi)__m2);
           ^~~~~~~~~~~~~~~~~~~~~~~~~~~~~~~~~~~~~~~~~~~~~~~~~~~~~~~~~~~
/home/ak/Android/Sdk/ndk/26.0.10792818/toolchains/llvm/prebuilt/linux-x86_64/lib/clang/17/include/mmintrin.h:314:12: error: invalid conversion between vector type '__m64' (vector of 1 'long long' value) and integer type 'int' of different size
    return (__m64)__builtin_ia32_punpcklwd((__v4hi)__m1, (__v4hi)__m2);
           ^~~~~~~~~~~~~~~~~~~~~~~~~~~~~~~~~~~~~~~~~~~~~~~~~~~~~~~~~~~
/home/ak/Android/Sdk/ndk/26.0.10792818/toolchains/llvm/prebuilt/linux-x86_64/lib/clang/17/include/mmintrin.h:335:12: error: invalid conversion between vector type '__m64' (vector of 1 'long long' value) and integer type 'int' of different size
    return (__m64)__builtin_ia32_punpckldq((__v2si)__m1, (__v2si)__m2);
           ^~~~~~~~~~~~~~~~~~~~~~~~~~~~~~~~~~~~~~~~~~~~~~~~~~~~~~~~~~~
/home/ak/Android/Sdk/ndk/26.0.10792818/toolchains/llvm/prebuilt/linux-x86_64/lib/clang/17/include/mmintrin.h:356:12: error: invalid conversion between vector type '__m64' (vector of 1 'long long' value) and integer type 'int' of different size
    return (__m64)__builtin_ia32_paddb((__v8qi)__m1, (__v8qi)__m2);
           ^~~~~~~~~~~~~~~~~~~~~~~~~~~~~~~~~~~~~~~~~~~~~~~~~~~~~~~
/home/ak/Android/Sdk/ndk/26.0.10792818/toolchains/llvm/prebuilt/linux-x86_64/lib/clang/17/include/mmintrin.h:377:12: error: invalid conversion between vector type '__m64' (vector of 1 'long long' value) and integer type 'int' of different size
    return (__m64)__builtin_ia32_paddw((__v4hi)__m1, (__v4hi)__m2);
           ^~~~~~~~~~~~~~~~~~~~~~~~~~~~~~~~~~~~~~~~~~~~~~~~~~~~~~~
/home/ak/Android/Sdk/ndk/26.0.10792818/toolchains/llvm/prebuilt/linux-x86_64/lib/clang/17/include/mmintrin.h:398:12: error: invalid conversion between vector type '__m64' (vector of 1 'long long' value) and integer type 'int' of different size
    return (__m64)__builtin_ia32_paddd((__v2si)__m1, (__v2si)__m2);
           ^~~~~~~~~~~~~~~~~~~~~~~~~~~~~~~~~~~~~~~~~~~~~~~~~~~~~~~
/home/ak/Android/Sdk/ndk/26.0.10792818/toolchains/llvm/prebuilt/linux-x86_64/lib/clang/17/include/mmintrin.h:420:12: error: invalid conversion between vector type '__m64' (vector of 1 'long long' value) and integer type 'int' of different size
    return (__m64)__builtin_ia32_paddsb((__v8qi)__m1, (__v8qi)__m2);
           ^~~~~~~~~~~~~~~~~~~~~~~~~~~~~~~~~~~~~~~~~~~~~~~~~~~~~~~~
/home/ak/Android/Sdk/ndk/26.0.10792818/toolchains/llvm/prebuilt/linux-x86_64/lib/clang/17/include/mmintrin.h:443:12: error: invalid conversion between vector type '__m64' (vector of 1 'long long' value) and integer type 'int' of different size
    return (__m64)__builtin_ia32_paddsw((__v4hi)__m1, (__v4hi)__m2);
           ^~~~~~~~~~~~~~~~~~~~~~~~~~~~~~~~~~~~~~~~~~~~~~~~~~~~~~~~
/home/ak/Android/Sdk/ndk/26.0.10792818/toolchains/llvm/prebuilt/linux-x86_64/lib/clang/17/include/mmintrin.h:465:12: error: invalid conversion between vector type '__m64' (vector of 1 'long long' value) and integer type 'int' of different size
    return (__m64)__builtin_ia32_paddusb((__v8qi)__m1, (__v8qi)__m2);
           ^~~~~~~~~~~~~~~~~~~~~~~~~~~~~~~~~~~~~~~~~~~~~~~~~~~~~~~~~
fatal error: too many errors emitted, stopping now [-ferror-limit=]
20 errors generated.
gmake[2]: *** [CMakeFiles/cmTC_9be09.dir/build.make:79: CMakeFiles/cmTC_9be09.dir/CheckIncludeFile.c.o] Error 1
gmake[2]: Leaving directory '/home/ak/org/libbaresip-android/sndfile/build/CMakeFiles/CMakeScratch/TryCompile-g9oWRC'
gmake[1]: *** [Makefile:127: cmTC_9be09/fast] Error 2
gmake[1]: Leaving directory '/home/ak/org/libbaresip-android/sndfile/build/CMakeFiles/CMakeScratch/TryCompile-g9oWRC'



Determining if the function sqlite3_close exists in the sqlite3 failed with the following output:
Change Dir: /home/ak/org/libbaresip-android/sndfile/build/CMakeFiles/CMakeScratch/TryCompile-QMaIUy

Run Build Command(s):/usr/bin/gmake -f Makefile cmTC_cbef7/fast && gmake[1]: Entering directory '/home/ak/org/libbaresip-android/sndfile/build/CMakeFiles/CMakeScratch/TryCompile-QMaIUy'
/usr/bin/gmake  -f CMakeFiles/cmTC_cbef7.dir/build.make CMakeFiles/cmTC_cbef7.dir/build
gmake[2]: Entering directory '/home/ak/org/libbaresip-android/sndfile/build/CMakeFiles/CMakeScratch/TryCompile-QMaIUy'
Building C object CMakeFiles/cmTC_cbef7.dir/CheckFunctionExists.c.o
/home/ak/Android/Sdk/ndk/26.0.10792818/toolchains/llvm/prebuilt/linux-x86_64/bin/clang --target=aarch64-none-linux-android23 --sysroot=/home/ak/Android/Sdk/ndk/26.0.10792818/toolchains/llvm/prebuilt/linux-x86_64/sysroot   -g -DANDROID -fdata-sections -ffunction-sections -funwind-tables -fstack-protector-strong -no-canonical-prefixes -D_FORTIFY_SOURCE=2 -Wformat -Werror=format-security  -DCHECK_FUNCTION_EXISTS=sqlite3_close -fPIE -MD -MT CMakeFiles/cmTC_cbef7.dir/CheckFunctionExists.c.o -MF CMakeFiles/cmTC_cbef7.dir/CheckFunctionExists.c.o.d -o CMakeFiles/cmTC_cbef7.dir/CheckFunctionExists.c.o -c /home/ak/org/libbaresip-android/sndfile/build/CMakeFiles/CMakeScratch/TryCompile-QMaIUy/CheckFunctionExists.c
Linking C executable cmTC_cbef7
/usr/bin/cmake -E cmake_link_script CMakeFiles/cmTC_cbef7.dir/link.txt --verbose=1
/home/ak/Android/Sdk/ndk/26.0.10792818/toolchains/llvm/prebuilt/linux-x86_64/bin/clang --target=aarch64-none-linux-android23 --sysroot=/home/ak/Android/Sdk/ndk/26.0.10792818/toolchains/llvm/prebuilt/linux-x86_64/sysroot -g -DANDROID -fdata-sections -ffunction-sections -funwind-tables -fstack-protector-strong -no-canonical-prefixes -D_FORTIFY_SOURCE=2 -Wformat -Werror=format-security  -DCHECK_FUNCTION_EXISTS=sqlite3_close -static-libstdc++ -Wl,--build-id=sha1 -Wl,--no-rosegment -Wl,--no-undefined-version -Wl,--fatal-warnings -Wl,--no-undefined -Qunused-arguments    CMakeFiles/cmTC_cbef7.dir/CheckFunctionExists.c.o -o cmTC_cbef7  -lsqlite3 -lm -latomic -lm 
ld.lld: error: unable to find library -lsqlite3
clang: error: linker command failed with exit code 1 (use -v to see invocation)
gmake[2]: *** [CMakeFiles/cmTC_cbef7.dir/build.make:100: cmTC_cbef7] Error 1
gmake[2]: Leaving directory '/home/ak/org/libbaresip-android/sndfile/build/CMakeFiles/CMakeScratch/TryCompile-QMaIUy'
gmake[1]: *** [Makefile:127: cmTC_cbef7/fast] Error 2
gmake[1]: Leaving directory '/home/ak/org/libbaresip-android/sndfile/build/CMakeFiles/CMakeScratch/TryCompile-QMaIUy'



