This file contains any messages produced by compilers while
running configure, to aid debugging if configure makes a mistake.

It was created by vo-amrwbenc configure 0.1.3, which was
generated by GNU Autoconf 2.69.  Invocation command line was

  $ ./configure --host=aarch64-linux-android --disable-shared CFLAGS=-fPIC CXXFLAGS=-fPIC --prefix=/home/ak/org/libbaresip-android/vo-amrwbenc

## --------- ##
## Platform. ##
## --------- ##

hostname = mx
uname -m = x86_64
uname -r = 4.19.0-6-amd64
uname -s = Linux
uname -v = #1 SMP Debian 4.19.67-2+deb10u2 (2019-11-11)

/usr/bin/uname -p = unknown
/bin/uname -X     = unknown

/bin/arch              = x86_64
/usr/bin/arch -k       = unknown
/usr/convex/getsysinfo = unknown
/usr/bin/hostinfo      = unknown
/bin/machine           = unknown
/usr/bin/oslevel       = unknown
/bin/universe          = unknown

PATH: /home/ak/Android/Sdk/ndk/26.0.10792818/toolchains/llvm/prebuilt/linux-x86_64/bin
PATH: /usr/bin
PATH: /bin
PATH: /usr/local/bin
PATH: /opt/homebrew/bin


## ----------- ##
## Core tests. ##
## ----------- ##

configure:2204: checking for a BSD-compatible install
configure:2272: result: /usr/bin/install -c
configure:2283: checking whether build environment is sane
configure:2338: result: yes
configure:2390: checking for aarch64-linux-android-strip
configure:2420: result: no
configure:2430: checking for strip
configure:2446: found /usr/bin/strip
configure:2457: result: strip
configure:2482: checking for a thread-safe mkdir -p
configure:2521: result: /usr/bin/mkdir -p
configure:2528: checking for gawk
configure:2544: found /usr/bin/gawk
configure:2555: result: gawk
configure:2566: checking whether make sets $(MAKE)
configure:2588: result: yes
configure:2617: checking whether make supports nested variables
configure:2634: result: yes
configure:2723: checking whether UID '1000' is supported by ustar format
configure:2726: result: yes
configure:2733: checking whether GID '1000' is supported by ustar format
configure:2736: result: yes
configure:2744: checking how to create a ustar tar archive
configure:2755: tar --version
tar (GNU tar) 1.30
Copyright (C) 2017 Free Software Foundation, Inc.
License GPLv3+: GNU GPL version 3 or later <https://gnu.org/licenses/gpl.html>.
This is free software: you are free to change and redistribute it.
There is NO WARRANTY, to the extent permitted by law.

Written by John Gilmore and Jay Fenlason.
configure:2758: $? = 0
configure:2798: tardir=conftest.dir && eval tar --format=ustar -chf - "$tardir" >conftest.tar
configure:2801: $? = 0
configure:2805: tar -xf - <conftest.tar
configure:2808: $? = 0
configure:2810: cat conftest.dir/file
GrepMe
configure:2813: $? = 0
configure:2826: result: gnutar
configure:2887: checking whether make supports nested variables
configure:2904: result: yes
configure:2916: checking whether to enable maintainer-specific portions of Makefiles
configure:2925: result: no
configure:2990: checking whether make supports the include directive
configure:3005: make -f confmf.GNU && cat confinc.out
make[1]: Entering directory '/home/ak/org/libbaresip-android/vo-amrwbenc'
make[1]: Leaving directory '/home/ak/org/libbaresip-android/vo-amrwbenc'
this is the am__doit target
configure:3008: $? = 0
configure:3027: result: yes (GNU style)
configure:3057: checking for aarch64-linux-android-gcc
configure:3084: result: aarch64-linux-android23-clang
configure:3353: checking for C compiler version
configure:3362: aarch64-linux-android23-clang --version >&5
Android (10087095, +pgo, +bolt, +lto, -mlgo, based on r487747c) clang version 17.0.2 (https://android.googlesource.com/toolchain/llvm-project d9f89f4d16663d5012e5c09495f3b30ece3d2362)
Target: aarch64-unknown-linux-android23
Thread model: posix
InstalledDir: /home/ak/Android/Sdk/ndk/26.0.10792818/toolchains/llvm/prebuilt/linux-x86_64/bin
configure:3373: $? = 0
configure:3362: aarch64-linux-android23-clang -v >&5
Android (10087095, +pgo, +bolt, +lto, -mlgo, based on r487747c) clang version 17.0.2 (https://android.googlesource.com/toolchain/llvm-project d9f89f4d16663d5012e5c09495f3b30ece3d2362)
Target: aarch64-unknown-linux-android23
Thread model: posix
InstalledDir: /home/ak/Android/Sdk/ndk/26.0.10792818/toolchains/llvm/prebuilt/linux-x86_64/bin
configure:3373: $? = 0
configure:3362: aarch64-linux-android23-clang -V >&5
clang-17: error: argument to '-V' is missing (expected 1 value)
clang-17: error: no input files
configure:3373: $? = 1
configure:3362: aarch64-linux-android23-clang -qversion >&5
clang-17: error: unknown argument '-qversion'; did you mean '--version'?
clang-17: error: no input files
configure:3373: $? = 1
configure:3393: checking whether the C compiler works
configure:3415: aarch64-linux-android23-clang -fPIC   conftest.c  >&5
configure:3419: $? = 0
configure:3467: result: yes
configure:3470: checking for C compiler default output file name
configure:3472: result: a.out
configure:3478: checking for suffix of executables
configure:3485: aarch64-linux-android23-clang -o conftest -fPIC   conftest.c  >&5
configure:3489: $? = 0
configure:3511: result: 
configure:3533: checking whether we are cross compiling
configure:3541: aarch64-linux-android23-clang -o conftest -fPIC   conftest.c  >&5
configure:3545: $? = 0
configure:3552: ./conftest
./configure: line 3554: ./conftest: cannot execute binary file: Exec format error
configure:3556: $? = 126
configure:3544: result: yes
configure:3549: checking for suffix of object files
configure:3571: aarch64-linux-android23-clang -c -fPIC  conftest.c >&5
configure:3575: $? = 0
configure:3596: result: o
configure:3600: checking whether we are using the GNU C compiler
configure:3619: aarch64-linux-android23-clang -c -fPIC  conftest.c >&5
configure:3619: $? = 0
configure:3628: result: yes
configure:3637: checking whether aarch64-linux-android23-clang accepts -g
configure:3657: aarch64-linux-android23-clang -c -g  conftest.c >&5
configure:3657: $? = 0
configure:3698: result: yes
configure:3715: checking for aarch64-linux-android23-clang option to accept ISO C89
configure:3778: aarch64-linux-android23-clang  -c -fPIC  conftest.c >&5
conftest.c:17:14: warning: a function definition without a prototype is deprecated in all versions of C and is not supported in C2x [-Wdeprecated-non-prototype]
static char *e (p, i)
             ^
1 warning generated.
configure:3778: $? = 0
configure:3791: result: none needed
configure:3816: checking whether aarch64-linux-android23-clang understands -c and -o together
configure:3838: aarch64-linux-android23-clang -c conftest.c -o conftest2.o
configure:3841: $? = 0
configure:3838: aarch64-linux-android23-clang -c conftest.c -o conftest2.o
configure:3841: $? = 0
configure:3853: result: yes
configure:3872: checking dependency style of aarch64-linux-android23-clang
configure:3983: result: gcc3
configure:4007: checking dependency style of aarch64-linux-android23-clang
configure:4116: result: gcc3
configure:4131: checking for aarch64-linux-android23-clang option to accept ISO C99
configure:4280: aarch64-linux-android23-clang  -c -fPIC  conftest.c >&5
configure:4280: $? = 0
configure:4293: result: none needed
configure:4338: checking build system type
configure:4352: result: x86_64-pc-linux-gnu
configure:4372: checking host system type
configure:4385: result: aarch64-unknown-linux-android
configure:4426: checking how to print strings
configure:4453: result: printf
configure:4474: checking for a sed that does not truncate output
configure:4538: result: /usr/bin/sed
configure:4556: checking for grep that handles long lines and -e
configure:4614: result: /usr/bin/grep
configure:4619: checking for egrep
configure:4681: result: /usr/bin/grep -E
configure:4686: checking for fgrep
configure:4748: result: /usr/bin/grep -F
configure:4783: checking for ld used by aarch64-linux-android23-clang
configure:4850: result: /home/ak/Android/Sdk/ndk/26.0.10792818/toolchains/llvm/prebuilt/linux-x86_64/bin/ld
configure:4857: checking if the linker (/home/ak/Android/Sdk/ndk/26.0.10792818/toolchains/llvm/prebuilt/linux-x86_64/bin/ld) is GNU ld
configure:4872: result: yes
configure:4884: checking for BSD- or MS-compatible name lister (nm)
configure:4938: result: no
configure:4952: checking for aarch64-linux-android-dumpbin
configure:4982: result: no
configure:4952: checking for aarch64-linux-android-link
configure:4982: result: no
configure:4996: checking for dumpbin
configure:5026: result: no
configure:4996: checking for link
configure:5012: found /usr/bin/link
configure:5023: result: link -dump
configure:5039: WARNING: using cross tools not prefixed with host triplet
configure:5068: checking the name lister (nm) interface
configure:5075: aarch64-linux-android23-clang -c -fPIC  conftest.c >&5
configure:5078: nm "conftest.o"
configure:5081: output
0000000000000000 b $d.0
0000000000000000 n $d.1
0000000000000000 B some_variable
configure:5082: result: BSD nm
configure:5085: checking whether ln -s works
configure:5089: result: yes
configure:5097: checking the maximum length of command line arguments
configure:5228: result: 1572864
configure:5276: checking how to convert x86_64-pc-linux-gnu file names to aarch64-unknown-linux-android format
configure:5316: result: func_convert_file_noop
configure:5323: checking how to convert x86_64-pc-linux-gnu file names to toolchain format
configure:5343: result: func_convert_file_noop
configure:5350: checking for /home/ak/Android/Sdk/ndk/26.0.10792818/toolchains/llvm/prebuilt/linux-x86_64/bin/ld option to reload object files
configure:5357: result: -r
configure:5391: checking for aarch64-linux-android-objdump
configure:5421: result: no
configure:5431: checking for objdump
configure:5447: found /usr/bin/objdump
configure:5458: result: objdump
configure:5490: checking how to recognize dependent libraries
configure:5690: result: pass_all
configure:5735: checking for aarch64-linux-android-dlltool
configure:5765: result: no
configure:5775: checking for dlltool
configure:5805: result: no
configure:5835: checking how to associate runtime and link libraries
configure:5862: result: printf %s\n
configure:5879: checking for aarch64-linux-android-ar
configure:5906: result: llvm-ar
configure:5987: checking for archiver @FILE support
configure:6004: aarch64-linux-android23-clang -c -fPIC  conftest.c >&5
configure:6004: $? = 0
configure:6007: llvm-ar cr libconftest.a @conftest.lst >&5
configure:6010: $? = 0
configure:6015: llvm-ar cr libconftest.a @conftest.lst >&5
llvm-ar: error: conftest.o: No such file or directory
configure:6018: $? = 1
configure:6017: result: @
configure:6035: checking for aarch64-linux-android-strip
configure:6062: result: strip
configure:6134: checking for aarch64-linux-android-ranlib
configure:6161: result: llvm-ranlib
configure:6303: checking command to parse nm output from aarch64-linux-android23-clang object
configure:6456: aarch64-linux-android23-clang -c -fPIC  conftest.c >&5
configure:6459: $? = 0
configure:6463: nm conftest.o | sed -n -e 's/^.*[	 ]\([ABCDGIRSTW][ABCDGIRSTW]*\)[	 ][	 ]*\([_A-Za-z][_A-Za-z0-9]*\)$/\1 \2 \2/p' | sed '/ __gnu_lto/d' > conftest.nm
configure:6529: aarch64-linux-android23-clang -o conftest -fPIC   conftest.c conftstm.o >&5
configure:6532: $? = 0
configure:6570: result: ok
configure:6617: checking for sysroot
configure:6647: result: no
configure:6654: checking for a working dd
configure:6692: result: /usr/bin/dd
configure:6696: checking how to truncate binary pipes
configure:6711: result: /usr/bin/dd bs=4096 count=1
configure:7000: checking for aarch64-linux-android-mt
configure:7030: result: no
configure:7040: checking for mt
configure:7056: found /usr/bin/mt
configure:7067: result: mt
configure:7090: checking if mt is a manifest tool
configure:7096: mt '-?'
configure:7104: result: no
configure:7781: checking how to run the C preprocessor
configure:7812: aarch64-linux-android23-clang -E  conftest.c
configure:7812: $? = 0
configure:7826: aarch64-linux-android23-clang -E  conftest.c
conftest.c:11:10: fatal error: 'ac_nonexistent.h' file not found
#include <ac_nonexistent.h>
         ^~~~~~~~~~~~~~~~~~
1 error generated.
configure:7826: $? = 1
configure: failed program was:
| /* confdefs.h */
| #define PACKAGE_NAME "vo-amrwbenc"
| #define PACKAGE_TARNAME "vo-amrwbenc"
| #define PACKAGE_VERSION "0.1.3"
| #define PACKAGE_STRING "vo-amrwbenc 0.1.3"
| #define PACKAGE_BUGREPORT "http://sourceforge.net/projects/opencore-amr/"
| #define PACKAGE_URL ""
| #define PACKAGE "vo-amrwbenc"
| #define VERSION "0.1.3"
| /* end confdefs.h.  */
| #include <ac_nonexistent.h>
configure:7851: result: aarch64-linux-android23-clang -E
configure:7871: aarch64-linux-android23-clang -E  conftest.c
configure:7871: $? = 0
configure:7885: aarch64-linux-android23-clang -E  conftest.c
conftest.c:11:10: fatal error: 'ac_nonexistent.h' file not found
#include <ac_nonexistent.h>
         ^~~~~~~~~~~~~~~~~~
1 error generated.
configure:7885: $? = 1
configure: failed program was:
| /* confdefs.h */
| #define PACKAGE_NAME "vo-amrwbenc"
| #define PACKAGE_TARNAME "vo-amrwbenc"
| #define PACKAGE_VERSION "0.1.3"
| #define PACKAGE_STRING "vo-amrwbenc 0.1.3"
| #define PACKAGE_BUGREPORT "http://sourceforge.net/projects/opencore-amr/"
| #define PACKAGE_URL ""
| #define PACKAGE "vo-amrwbenc"
| #define VERSION "0.1.3"
| /* end confdefs.h.  */
| #include <ac_nonexistent.h>
configure:7914: checking for ANSI C header files
configure:7934: aarch64-linux-android23-clang -c -fPIC  conftest.c >&5
configure:7934: $? = 0
configure:8018: result: yes
configure:8031: checking for sys/types.h
configure:8031: aarch64-linux-android23-clang -c -fPIC  conftest.c >&5
configure:8031: $? = 0
configure:8031: result: yes
configure:8031: checking for sys/stat.h
configure:8031: aarch64-linux-android23-clang -c -fPIC  conftest.c >&5
configure:8031: $? = 0
configure:8031: result: yes
configure:8031: checking for stdlib.h
configure:8031: aarch64-linux-android23-clang -c -fPIC  conftest.c >&5
configure:8031: $? = 0
configure:8031: result: yes
configure:8031: checking for string.h
configure:8031: aarch64-linux-android23-clang -c -fPIC  conftest.c >&5
configure:8031: $? = 0
configure:8031: result: yes
configure:8031: checking for memory.h
configure:8031: aarch64-linux-android23-clang -c -fPIC  conftest.c >&5
configure:8031: $? = 0
configure:8031: result: yes
configure:8031: checking for strings.h
configure:8031: aarch64-linux-android23-clang -c -fPIC  conftest.c >&5
configure:8031: $? = 0
configure:8031: result: yes
configure:8031: checking for inttypes.h
configure:8031: aarch64-linux-android23-clang -c -fPIC  conftest.c >&5
configure:8031: $? = 0
configure:8031: result: yes
configure:8031: checking for stdint.h
configure:8031: aarch64-linux-android23-clang -c -fPIC  conftest.c >&5
configure:8031: $? = 0
configure:8031: result: yes
configure:8031: checking for unistd.h
configure:8031: aarch64-linux-android23-clang -c -fPIC  conftest.c >&5
configure:8031: $? = 0
configure:8031: result: yes
configure:8045: checking for dlfcn.h
configure:8045: aarch64-linux-android23-clang -c -fPIC  conftest.c >&5
configure:8045: $? = 0
configure:8045: result: yes
configure:8301: checking for objdir
configure:8316: result: .libs
configure:8580: checking if aarch64-linux-android23-clang supports -fno-rtti -fno-exceptions
configure:8598: aarch64-linux-android23-clang -c -fPIC  -fno-rtti -fno-exceptions conftest.c >&5
configure:8602: $? = 0
configure:8615: result: yes
configure:8979: checking for aarch64-linux-android23-clang option to produce PIC
configure:8986: result: -fPIC -DPIC
configure:8994: checking if aarch64-linux-android23-clang PIC flag -fPIC -DPIC works
configure:9012: aarch64-linux-android23-clang -c -fPIC  -fPIC -DPIC -DPIC conftest.c >&5
configure:9016: $? = 0
configure:9029: result: yes
configure:9058: checking if aarch64-linux-android23-clang static flag -static works
configure:9086: result: yes
configure:9101: checking if aarch64-linux-android23-clang supports -c -o file.o
configure:9122: aarch64-linux-android23-clang -c -fPIC  -o out/conftest2.o conftest.c >&5
configure:9126: $? = 0
configure:9148: result: yes
configure:9156: checking if aarch64-linux-android23-clang supports -c -o file.o
configure:9203: result: yes
configure:9236: checking whether the aarch64-linux-android23-clang linker (/home/ak/Android/Sdk/ndk/26.0.10792818/toolchains/llvm/prebuilt/linux-x86_64/bin/ld) supports shared libraries
configure:10499: result: yes
configure:10739: checking dynamic linker characteristics
configure:11569: result: Android linker
configure:11691: checking how to hardcode library paths into programs
configure:11716: result: immediate
configure:12264: checking whether stripping libraries is possible
configure:12269: result: yes
configure:12304: checking if libtool supports shared libraries
configure:12306: result: yes
configure:12309: checking whether to build shared libraries
configure:12334: result: no
configure:12337: checking whether to build static libraries
configure:12341: result: yes
configure:9297: checking that generated files are newer than configure
configure:9303: result: done
configure:9346: creating ./config.status

## ---------------------- ##
## Running config.status. ##
## ---------------------- ##

This file was extended by vo-amrwbenc config.status 0.1.3, which was
generated by GNU Autoconf 2.69.  Invocation command line was

  CONFIG_FILES    = 
  CONFIG_HEADERS  = 
  CONFIG_LINKS    = 
  CONFIG_COMMANDS = 
  $ ./config.status 

on mx

config.status:1019: creating Makefile
config.status:1019: creating vo-amrwbenc.pc
config.status:1191: executing depfiles commands
config.status:1268: cd .       && sed -e '/# am--include-marker/d' Makefile         | make -f - am--depfiles
make[1]: Entering directory '/home/ak/org/libbaresip-android/vo-amrwbenc'
make[1]: Nothing to be done for 'am--depfiles'.
make[1]: Leaving directory '/home/ak/org/libbaresip-android/vo-amrwbenc'
config.status:1273: $? = 0
config.status:1191: executing libtool commands

## ---------------- ##
## Cache variables. ##
## ---------------- ##

ac_cv_build=x86_64-pc-linux-gnu
ac_cv_c_compiler_gnu=yes
ac_cv_env_CCASFLAGS_set=
ac_cv_env_CCASFLAGS_value=
ac_cv_env_CCAS_set=
ac_cv_env_CCAS_value=
ac_cv_env_CC_set=set
ac_cv_env_CC_value=aarch64-linux-android23-clang
ac_cv_env_CFLAGS_set=set
ac_cv_env_CFLAGS_value=-fPIC
ac_cv_env_CPPFLAGS_set=
ac_cv_env_CPPFLAGS_value=
ac_cv_env_CPP_set=
ac_cv_env_CPP_value=
ac_cv_env_LDFLAGS_set=
ac_cv_env_LDFLAGS_value=
ac_cv_env_LIBS_set=
ac_cv_env_LIBS_value=
ac_cv_env_LT_SYS_LIBRARY_PATH_set=
ac_cv_env_LT_SYS_LIBRARY_PATH_value=
ac_cv_env_build_alias_set=
ac_cv_env_build_alias_value=
ac_cv_env_host_alias_set=set
ac_cv_env_host_alias_value=aarch64-linux-android
ac_cv_env_target_alias_set=
ac_cv_env_target_alias_value=
ac_cv_header_dlfcn_h=yes
ac_cv_header_inttypes_h=yes
ac_cv_header_memory_h=yes
ac_cv_header_stdc=yes
ac_cv_header_stdint_h=yes
ac_cv_header_stdlib_h=yes
ac_cv_header_string_h=yes
ac_cv_header_strings_h=yes
ac_cv_header_sys_stat_h=yes
ac_cv_header_sys_types_h=yes
ac_cv_header_unistd_h=yes
ac_cv_host=aarch64-unknown-linux-android
ac_cv_objext=o
ac_cv_path_EGREP='/usr/bin/grep -E'
ac_cv_path_FGREP='/usr/bin/grep -F'
ac_cv_path_GREP=/usr/bin/grep
ac_cv_path_SED=/usr/bin/sed
ac_cv_path_install='/usr/bin/install -c'
ac_cv_path_lt_DD=/usr/bin/dd
ac_cv_path_mkdir=/usr/bin/mkdir
ac_cv_prog_AR=llvm-ar
ac_cv_prog_AWK=gawk
ac_cv_prog_CC=aarch64-linux-android23-clang
ac_cv_prog_CPP='aarch64-linux-android23-clang -E'
ac_cv_prog_RANLIB=llvm-ranlib
ac_cv_prog_STRIP=strip
ac_cv_prog_ac_ct_DUMPBIN='link -dump'
ac_cv_prog_ac_ct_MANIFEST_TOOL=mt
ac_cv_prog_ac_ct_OBJDUMP=objdump
ac_cv_prog_ac_ct_STRIP=strip
ac_cv_prog_cc_c89=
ac_cv_prog_cc_c99=
ac_cv_prog_cc_g=yes
ac_cv_prog_make_make_set=yes
am_cv_CCAS_dependencies_compiler_type=gcc3
am_cv_CC_dependencies_compiler_type=gcc3
am_cv_make_support_nested_variables=yes
am_cv_prog_cc_c_o=yes
am_cv_prog_tar_ustar=gnutar
lt_cv_ar_at_file=@
lt_cv_deplibs_check_method=pass_all
lt_cv_file_magic_cmd='$MAGIC_CMD'
lt_cv_file_magic_test_file=
lt_cv_ld_reload_flag=-r
lt_cv_nm_interface='BSD nm'
lt_cv_objdir=.libs
lt_cv_path_LD=/home/ak/Android/Sdk/ndk/26.0.10792818/toolchains/llvm/prebuilt/linux-x86_64/bin/ld
lt_cv_path_NM=no
lt_cv_path_mainfest_tool=no
lt_cv_prog_compiler_c_o=yes
lt_cv_prog_compiler_pic='-fPIC -DPIC'
lt_cv_prog_compiler_pic_works=yes
lt_cv_prog_compiler_rtti_exceptions=yes
lt_cv_prog_compiler_static_works=yes
lt_cv_prog_gnu_ld=yes
lt_cv_sharedlib_from_linklib_cmd='printf %s\n'
lt_cv_sys_global_symbol_pipe='sed -n -e '\''s/^.*[	 ]\([ABCDGIRSTW][ABCDGIRSTW]*\)[	 ][	 ]*\([_A-Za-z][_A-Za-z0-9]*\)$/\1 \2 \2/p'\'' | sed '\''/ __gnu_lto/d'\'''
lt_cv_sys_global_symbol_to_c_name_address='sed -n -e '\''s/^: \(.*\) .*$/  {"\1", (void *) 0},/p'\'' -e '\''s/^[ABCDGIRSTW][ABCDGIRSTW]* .* \(.*\)$/  {"\1", (void *) \&\1},/p'\'''
lt_cv_sys_global_symbol_to_c_name_address_lib_prefix='sed -n -e '\''s/^: \(.*\) .*$/  {"\1", (void *) 0},/p'\'' -e '\''s/^[ABCDGIRSTW][ABCDGIRSTW]* .* \(lib.*\)$/  {"\1", (void *) \&\1},/p'\'' -e '\''s/^[ABCDGIRSTW][ABCDGIRSTW]* .* \(.*\)$/  {"lib\1", (void *) \&\1},/p'\'''
lt_cv_sys_global_symbol_to_cdecl='sed -n -e '\''s/^T .* \(.*\)$/extern int \1();/p'\'' -e '\''s/^[ABCDGIRSTW][ABCDGIRSTW]* .* \(.*\)$/extern char \1;/p'\'''
lt_cv_sys_global_symbol_to_import=
lt_cv_sys_max_cmd_len=1572864
lt_cv_to_host_file_cmd=func_convert_file_noop
lt_cv_to_tool_file_cmd=func_convert_file_noop
lt_cv_truncate_bin='/usr/bin/dd bs=4096 count=1'

## ----------------- ##
## Output variables. ##
## ----------------- ##

ACLOCAL='${SHELL} '\''/home/ak/org/libbaresip-android/vo-amrwbenc/missing'\'' aclocal-1.16'
AMDEPBACKSLASH='\'
AMDEP_FALSE='#'
AMDEP_TRUE=''
AMTAR='$${TAR-tar}'
AM_BACKSLASH='\'
AM_DEFAULT_V='$(AM_DEFAULT_VERBOSITY)'
AM_DEFAULT_VERBOSITY='0'
AM_V='$(V)'
AR='llvm-ar'
ARMV5E_FALSE=''
ARMV5E_TRUE='#'
ARMV7NEON_FALSE=''
ARMV7NEON_TRUE='#'
AUTOCONF='${SHELL} '\''/home/ak/org/libbaresip-android/vo-amrwbenc/missing'\'' autoconf'
AUTOHEADER='${SHELL} '\''/home/ak/org/libbaresip-android/vo-amrwbenc/missing'\'' autoheader'
AUTOMAKE='${SHELL} '\''/home/ak/org/libbaresip-android/vo-amrwbenc/missing'\'' automake-1.16'
AWK='gawk'
CC='aarch64-linux-android23-clang'
CCAS='aarch64-linux-android23-clang'
CCASDEPMODE='depmode=gcc3'
CCASFLAGS='-fPIC'
CCDEPMODE='depmode=gcc3'
CFLAGS='-fPIC'
CPP='aarch64-linux-android23-clang -E'
CPPFLAGS=''
CYGPATH_W='echo'
DEFS='-DPACKAGE_NAME=\"vo-amrwbenc\" -DPACKAGE_TARNAME=\"vo-amrwbenc\" -DPACKAGE_VERSION=\"0.1.3\" -DPACKAGE_STRING=\"vo-amrwbenc\ 0.1.3\" -DPACKAGE_BUGREPORT=\"http://sourceforge.net/projects/opencore-amr/\" -DPACKAGE_URL=\"\" -DPACKAGE=\"vo-amrwbenc\" -DVERSION=\"0.1.3\" -DSTDC_HEADERS=1 -DHAVE_SYS_TYPES_H=1 -DHAVE_SYS_STAT_H=1 -DHAVE_STDLIB_H=1 -DHAVE_STRING_H=1 -DHAVE_MEMORY_H=1 -DHAVE_STRINGS_H=1 -DHAVE_INTTYPES_H=1 -DHAVE_STDINT_H=1 -DHAVE_UNISTD_H=1 -DHAVE_DLFCN_H=1 -DLT_OBJDIR=\".libs/\"'
DEPDIR='.deps'
DLLTOOL='false'
DSYMUTIL=''
DUMPBIN=':'
ECHO_C=''
ECHO_N='-n'
ECHO_T=''
EGREP='/usr/bin/grep -E'
EXAMPLE_FALSE=''
EXAMPLE_TRUE='#'
EXEEXT=''
FGREP='/usr/bin/grep -F'
GREP='/usr/bin/grep'
INSTALL_DATA='${INSTALL} -m 644'
INSTALL_PROGRAM='${INSTALL}'
INSTALL_SCRIPT='${INSTALL}'
INSTALL_STRIP_PROGRAM='$(install_sh) -c -s'
LD='/home/ak/Android/Sdk/ndk/26.0.10792818/toolchains/llvm/prebuilt/linux-x86_64/bin/ld'
LDFLAGS=''
LIBOBJS=''
LIBS=''
LIBTOOL='$(SHELL) $(top_builddir)/libtool'
LIPO=''
LN_S='ln -s'
LTLIBOBJS=''
LT_SYS_LIBRARY_PATH=''
MAINT='#'
MAINTAINER_MODE_FALSE=''
MAINTAINER_MODE_TRUE='#'
MAKEINFO='${SHELL} '\''/home/ak/org/libbaresip-android/vo-amrwbenc/missing'\'' makeinfo'
MANIFEST_TOOL=':'
MKDIR_P='/usr/bin/mkdir -p'
NM='nm'
NMEDIT=''
OBJDUMP='objdump'
OBJEXT='o'
OTOOL64=''
OTOOL=''
PACKAGE='vo-amrwbenc'
PACKAGE_BUGREPORT='http://sourceforge.net/projects/opencore-amr/'
PACKAGE_NAME='vo-amrwbenc'
PACKAGE_STRING='vo-amrwbenc 0.1.3'
PACKAGE_TARNAME='vo-amrwbenc'
PACKAGE_URL=''
PACKAGE_VERSION='0.1.3'
PATH_SEPARATOR=':'
RANLIB='llvm-ranlib'
SED='/usr/bin/sed'
SET_MAKE=''
SHELL='/bin/bash'
STRIP='strip'
VERSION='0.1.3'
VO_AMRWBENC_VERSION='0:4:0'
ac_ct_AR=''
ac_ct_CC=''
ac_ct_DUMPBIN='link -dump'
am__EXEEXT_FALSE=''
am__EXEEXT_TRUE='#'
am__fastdepCCAS_FALSE='#'
am__fastdepCCAS_TRUE=''
am__fastdepCC_FALSE='#'
am__fastdepCC_TRUE=''
am__include='include'
am__isrc=''
am__leading_dot='.'
am__nodep='_no'
am__quote=''
am__tar='tar --format=ustar -chf - "$$tardir"'
am__untar='tar -xf -'
bindir='${exec_prefix}/bin'
build='x86_64-pc-linux-gnu'
build_alias=''
build_cpu='x86_64'
build_os='linux-gnu'
build_vendor='pc'
datadir='${datarootdir}'
datarootdir='${prefix}/share'
docdir='${datarootdir}/doc/${PACKAGE_TARNAME}'
dvidir='${docdir}'
exec_prefix='${prefix}'
host='aarch64-unknown-linux-android'
host_alias='aarch64-linux-android'
host_cpu='aarch64'
host_os='linux-android'
host_vendor='unknown'
htmldir='${docdir}'
includedir='${prefix}/include'
infodir='${datarootdir}/info'
install_sh='${SHELL} /home/ak/org/libbaresip-android/vo-amrwbenc/install-sh'
libdir='${exec_prefix}/lib'
libexecdir='${exec_prefix}/libexec'
localedir='${datarootdir}/locale'
localstatedir='${prefix}/var'
mandir='${datarootdir}/man'
mkdir_p='$(MKDIR_P)'
oldincludedir='/usr/include'
pdfdir='${docdir}'
prefix='/home/ak/org/libbaresip-android/vo-amrwbenc'
program_transform_name='s,x,x,'
psdir='${docdir}'
runstatedir='${localstatedir}/run'
sbindir='${exec_prefix}/sbin'
sharedstatedir='${prefix}/com'
sysconfdir='${prefix}/etc'
target_alias=''

## ----------- ##
## confdefs.h. ##
## ----------- ##

/* confdefs.h */
#define PACKAGE_NAME "vo-amrwbenc"
#define PACKAGE_TARNAME "vo-amrwbenc"
#define PACKAGE_VERSION "0.1.3"
#define PACKAGE_STRING "vo-amrwbenc 0.1.3"
#define PACKAGE_BUGREPORT "http://sourceforge.net/projects/opencore-amr/"
#define PACKAGE_URL ""
#define PACKAGE "vo-amrwbenc"
#define VERSION "0.1.3"
#define STDC_HEADERS 1
#define HAVE_SYS_TYPES_H 1
#define HAVE_SYS_STAT_H 1
#define HAVE_STDLIB_H 1
#define HAVE_STRING_H 1
#define HAVE_MEMORY_H 1
#define HAVE_STRINGS_H 1
#define HAVE_INTTYPES_H 1
#define HAVE_STDINT_H 1
#define HAVE_UNISTD_H 1
#define HAVE_DLFCN_H 1
#define LT_OBJDIR ".libs/"

configure: exit 0
