This file contains any messages produced by compilers while
running configure, to aid debugging if configure makes a mistake.

It was created by g722_1 configure 0.2.0, which was
generated by GNU Autoconf 2.69.  Invocation command line was

  $ ./configure --host=aarch64-linux-android --disable-shared CFLAGS=-fPIC

## --------- ##
## Platform. ##
## --------- ##

hostname = mx
uname -m = x86_64
uname -r = 4.19.0-6-amd64
uname -s = Linux
uname -v = #1 SMP Debian 4.19.67-2+deb10u2 (2019-11-11)

/usr/bin/uname -p = unknown
/bin/uname -X     = unknown

/bin/arch              = x86_64
/usr/bin/arch -k       = unknown
/usr/convex/getsysinfo = unknown
/usr/bin/hostinfo      = unknown
/bin/machine           = unknown
/usr/bin/oslevel       = unknown
/bin/universe          = unknown

PATH: .
PATH: /home/ak/Android/Sdk/ndk/26.0.10792818/toolchains/llvm/prebuilt/linux-x86_64/bin
PATH: /usr/bin
PATH: /bin
PATH: /usr/local/bin
PATH: /opt/homebrew/bin


## ----------- ##
## Core tests. ##
## ----------- ##

configure:2684: checking for a BSD-compatible install
configure:2752: result: /usr/bin/install -c
configure:2763: checking whether build environment is sane
configure:2818: result: yes
configure:2870: checking for aarch64-linux-android-strip
configure:2900: result: no
configure:2910: checking for strip
configure:2926: found /usr/bin/strip
configure:2937: result: strip
configure:2962: checking for a thread-safe mkdir -p
configure:3001: result: /usr/bin/mkdir -p
configure:3008: checking for gawk
configure:3024: found /usr/bin/gawk
configure:3035: result: gawk
configure:3046: checking whether make sets $(MAKE)
configure:3068: result: yes
configure:3097: checking whether make supports nested variables
configure:3114: result: yes
configure:3245: checking build system type
configure:3259: result: x86_64-pc-linux-gnu
configure:3279: checking host system type
configure:3292: result: aarch64-unknown-linux-android
configure:3321: checking for aarch64-linux-android-gcc
configure:3348: result: aarch64-linux-android23-clang --sysroot /home/ak/Android/Sdk/ndk/26.0.10792818/toolchains/llvm/prebuilt/linux-x86_64/sysroot
configure:3617: checking for C compiler version
configure:3626: aarch64-linux-android23-clang --sysroot /home/ak/Android/Sdk/ndk/26.0.10792818/toolchains/llvm/prebuilt/linux-x86_64/sysroot --version >&5
Android (10087095, +pgo, +bolt, +lto, -mlgo, based on r487747c) clang version 17.0.2 (https://android.googlesource.com/toolchain/llvm-project d9f89f4d16663d5012e5c09495f3b30ece3d2362)
Target: aarch64-unknown-linux-android23
Thread model: posix
InstalledDir: /home/ak/Android/Sdk/ndk/26.0.10792818/toolchains/llvm/prebuilt/linux-x86_64/bin
configure:3637: $? = 0
configure:3626: aarch64-linux-android23-clang --sysroot /home/ak/Android/Sdk/ndk/26.0.10792818/toolchains/llvm/prebuilt/linux-x86_64/sysroot -v >&5
Android (10087095, +pgo, +bolt, +lto, -mlgo, based on r487747c) clang version 17.0.2 (https://android.googlesource.com/toolchain/llvm-project d9f89f4d16663d5012e5c09495f3b30ece3d2362)
Target: aarch64-unknown-linux-android23
Thread model: posix
InstalledDir: /home/ak/Android/Sdk/ndk/26.0.10792818/toolchains/llvm/prebuilt/linux-x86_64/bin
configure:3637: $? = 0
configure:3626: aarch64-linux-android23-clang --sysroot /home/ak/Android/Sdk/ndk/26.0.10792818/toolchains/llvm/prebuilt/linux-x86_64/sysroot -V >&5
clang-17: error: argument to '-V' is missing (expected 1 value)
clang-17: error: no input files
configure:3637: $? = 1
configure:3626: aarch64-linux-android23-clang --sysroot /home/ak/Android/Sdk/ndk/26.0.10792818/toolchains/llvm/prebuilt/linux-x86_64/sysroot -qversion >&5
clang-17: error: unknown argument '-qversion'; did you mean '--version'?
clang-17: error: no input files
configure:3637: $? = 1
configure:3657: checking whether the C compiler works
configure:3679: aarch64-linux-android23-clang --sysroot /home/ak/Android/Sdk/ndk/26.0.10792818/toolchains/llvm/prebuilt/linux-x86_64/sysroot -fPIC   conftest.c  >&5
configure:3683: $? = 0
configure:3731: result: yes
configure:3734: checking for C compiler default output file name
configure:3736: result: a.out
configure:3742: checking for suffix of executables
configure:3749: aarch64-linux-android23-clang --sysroot /home/ak/Android/Sdk/ndk/26.0.10792818/toolchains/llvm/prebuilt/linux-x86_64/sysroot -o conftest -fPIC   conftest.c  >&5
configure:3753: $? = 0
configure:3775: result: 
configure:3797: checking whether we are cross compiling
configure:3805: aarch64-linux-android23-clang --sysroot /home/ak/Android/Sdk/ndk/26.0.10792818/toolchains/llvm/prebuilt/linux-x86_64/sysroot -o conftest -fPIC   conftest.c  >&5
configure:3809: $? = 0
configure:3816: ./conftest
./configure: line 3818: ./conftest: cannot execute binary file: Exec format error
configure:3820: $? = 126
configure:3808: result: yes
configure:3813: checking for suffix of object files
configure:3835: aarch64-linux-android23-clang --sysroot /home/ak/Android/Sdk/ndk/26.0.10792818/toolchains/llvm/prebuilt/linux-x86_64/sysroot -c -fPIC  conftest.c >&5
configure:3839: $? = 0
configure:3860: result: o
configure:3864: checking whether we are using the GNU C compiler
configure:3883: aarch64-linux-android23-clang --sysroot /home/ak/Android/Sdk/ndk/26.0.10792818/toolchains/llvm/prebuilt/linux-x86_64/sysroot -c -fPIC  conftest.c >&5
configure:3883: $? = 0
configure:3892: result: yes
configure:3901: checking whether aarch64-linux-android23-clang --sysroot /home/ak/Android/Sdk/ndk/26.0.10792818/toolchains/llvm/prebuilt/linux-x86_64/sysroot accepts -g
configure:3921: aarch64-linux-android23-clang --sysroot /home/ak/Android/Sdk/ndk/26.0.10792818/toolchains/llvm/prebuilt/linux-x86_64/sysroot -c -g  conftest.c >&5
configure:3921: $? = 0
configure:3962: result: yes
configure:3979: checking for aarch64-linux-android23-clang --sysroot /home/ak/Android/Sdk/ndk/26.0.10792818/toolchains/llvm/prebuilt/linux-x86_64/sysroot option to accept ISO C89
configure:4042: aarch64-linux-android23-clang --sysroot /home/ak/Android/Sdk/ndk/26.0.10792818/toolchains/llvm/prebuilt/linux-x86_64/sysroot  -c -fPIC  conftest.c >&5
conftest.c:17:14: warning: a function definition without a prototype is deprecated in all versions of C and is not supported in C2x [-Wdeprecated-non-prototype]
static char *e (p, i)
             ^
1 warning generated.
configure:4042: $? = 0
configure:4055: result: none needed
configure:4080: checking whether aarch64-linux-android23-clang --sysroot /home/ak/Android/Sdk/ndk/26.0.10792818/toolchains/llvm/prebuilt/linux-x86_64/sysroot understands -c and -o together
configure:4102: aarch64-linux-android23-clang --sysroot /home/ak/Android/Sdk/ndk/26.0.10792818/toolchains/llvm/prebuilt/linux-x86_64/sysroot -c conftest.c -o conftest2.o
configure:4105: $? = 0
configure:4102: aarch64-linux-android23-clang --sysroot /home/ak/Android/Sdk/ndk/26.0.10792818/toolchains/llvm/prebuilt/linux-x86_64/sysroot -c conftest.c -o conftest2.o
configure:4105: $? = 0
configure:4117: result: yes
configure:4137: checking whether make supports the include directive
configure:4152: make -f confmf.GNU && cat confinc.out
make[1]: Entering directory '/home/ak/org/libbaresip-android/g7221'
make[1]: Leaving directory '/home/ak/org/libbaresip-android/g7221'
this is the am__doit target
configure:4155: $? = 0
configure:4174: result: yes (GNU style)
configure:4199: checking dependency style of aarch64-linux-android23-clang --sysroot /home/ak/Android/Sdk/ndk/26.0.10792818/toolchains/llvm/prebuilt/linux-x86_64/sysroot
configure:4310: result: gcc3
configure:4339: checking for aarch64-linux-android-g++
configure:4369: result: no
configure:4339: checking for aarch64-linux-android-c++
configure:4369: result: no
configure:4339: checking for aarch64-linux-android-gpp
configure:4369: result: no
configure:4339: checking for aarch64-linux-android-aCC
configure:4369: result: no
configure:4339: checking for aarch64-linux-android-CC
configure:4369: result: no
configure:4339: checking for aarch64-linux-android-cxx
configure:4369: result: no
configure:4339: checking for aarch64-linux-android-cc++
configure:4369: result: no
configure:4339: checking for aarch64-linux-android-cl.exe
configure:4369: result: no
configure:4339: checking for aarch64-linux-android-FCC
configure:4369: result: no
configure:4339: checking for aarch64-linux-android-KCC
configure:4369: result: no
configure:4339: checking for aarch64-linux-android-RCC
configure:4369: result: no
configure:4339: checking for aarch64-linux-android-xlC_r
configure:4369: result: no
configure:4339: checking for aarch64-linux-android-xlC
configure:4369: result: no
configure:4383: checking for g++
configure:4399: found /usr/bin/g++
configure:4410: result: g++
configure:4426: WARNING: using cross tools not prefixed with host triplet
configure:4437: checking for C++ compiler version
configure:4446: g++ --version >&5
g++ (Debian 8.3.0-6) 8.3.0
Copyright (C) 2018 Free Software Foundation, Inc.
This is free software; see the source for copying conditions.  There is NO
warranty; not even for MERCHANTABILITY or FITNESS FOR A PARTICULAR PURPOSE.

configure:4457: $? = 0
configure:4446: g++ -v >&5
Using built-in specs.
COLLECT_GCC=g++
COLLECT_LTO_WRAPPER=/usr/lib/gcc/x86_64-linux-gnu/8/lto-wrapper
OFFLOAD_TARGET_NAMES=nvptx-none
OFFLOAD_TARGET_DEFAULT=1
Target: x86_64-linux-gnu
Configured with: ../src/configure -v --with-pkgversion='Debian 8.3.0-6' --with-bugurl=file:///usr/share/doc/gcc-8/README.Bugs --enable-languages=c,ada,c++,go,brig,d,fortran,objc,obj-c++ --prefix=/usr --with-gcc-major-version-only --program-suffix=-8 --program-prefix=x86_64-linux-gnu- --enable-shared --enable-linker-build-id --libexecdir=/usr/lib --without-included-gettext --enable-threads=posix --libdir=/usr/lib --enable-nls --enable-bootstrap --enable-clocale=gnu --enable-libstdcxx-debug --enable-libstdcxx-time=yes --with-default-libstdcxx-abi=new --enable-gnu-unique-object --disable-vtable-verify --enable-libmpx --enable-plugin --enable-default-pie --with-system-zlib --with-target-system-zlib --enable-objc-gc=auto --enable-multiarch --disable-werror --with-arch-32=i686 --with-abi=m64 --with-multilib-list=m32,m64,mx32 --enable-multilib --with-tune=generic --enable-offload-targets=nvptx-none --without-cuda-driver --enable-checking=release --build=x86_64-linux-gnu --host=x86_64-linux-gnu --target=x86_64-linux-gnu
Thread model: posix
gcc version 8.3.0 (Debian 8.3.0-6) 
configure:4457: $? = 0
configure:4446: g++ -V >&5
g++: error: unrecognized command line option '-V'
g++: fatal error: no input files
compilation terminated.
configure:4457: $? = 1
configure:4446: g++ -qversion >&5
g++: error: unrecognized command line option '-qversion'; did you mean '--version'?
g++: fatal error: no input files
compilation terminated.
configure:4457: $? = 1
configure:4461: checking whether we are using the GNU C++ compiler
configure:4480: g++ -c   conftest.cpp >&5
configure:4480: $? = 0
configure:4489: result: yes
configure:4498: checking whether g++ accepts -g
configure:4518: g++ -c -g  conftest.cpp >&5
configure:4518: $? = 0
configure:4559: result: yes
configure:4584: checking dependency style of g++
configure:4695: result: gcc3
configure:4716: checking how to run the C preprocessor
configure:4747: aarch64-linux-android23-clang --sysroot /home/ak/Android/Sdk/ndk/26.0.10792818/toolchains/llvm/prebuilt/linux-x86_64/sysroot -E  conftest.c
configure:4747: $? = 0
configure:4761: aarch64-linux-android23-clang --sysroot /home/ak/Android/Sdk/ndk/26.0.10792818/toolchains/llvm/prebuilt/linux-x86_64/sysroot -E  conftest.c
conftest.c:11:10: fatal error: 'ac_nonexistent.h' file not found
#include <ac_nonexistent.h>
         ^~~~~~~~~~~~~~~~~~
1 error generated.
configure:4761: $? = 1
configure: failed program was:
| /* confdefs.h */
| #define PACKAGE_NAME "g722_1"
| #define PACKAGE_TARNAME "g722_1"
| #define PACKAGE_VERSION "0.2.0"
| #define PACKAGE_STRING "g722_1 0.2.0"
| #define PACKAGE_BUGREPORT ""
| #define PACKAGE_URL ""
| #define PACKAGE "g722_1"
| #define VERSION "0.2.0"
| /* end confdefs.h.  */
| #include <ac_nonexistent.h>
configure:4786: result: aarch64-linux-android23-clang --sysroot /home/ak/Android/Sdk/ndk/26.0.10792818/toolchains/llvm/prebuilt/linux-x86_64/sysroot -E
configure:4806: aarch64-linux-android23-clang --sysroot /home/ak/Android/Sdk/ndk/26.0.10792818/toolchains/llvm/prebuilt/linux-x86_64/sysroot -E  conftest.c
configure:4806: $? = 0
configure:4820: aarch64-linux-android23-clang --sysroot /home/ak/Android/Sdk/ndk/26.0.10792818/toolchains/llvm/prebuilt/linux-x86_64/sysroot -E  conftest.c
conftest.c:11:10: fatal error: 'ac_nonexistent.h' file not found
#include <ac_nonexistent.h>
         ^~~~~~~~~~~~~~~~~~
1 error generated.
configure:4820: $? = 1
configure: failed program was:
| /* confdefs.h */
| #define PACKAGE_NAME "g722_1"
| #define PACKAGE_TARNAME "g722_1"
| #define PACKAGE_VERSION "0.2.0"
| #define PACKAGE_STRING "g722_1 0.2.0"
| #define PACKAGE_BUGREPORT ""
| #define PACKAGE_URL ""
| #define PACKAGE "g722_1"
| #define VERSION "0.2.0"
| /* end confdefs.h.  */
| #include <ac_nonexistent.h>
configure:4849: checking for grep that handles long lines and -e
configure:4907: result: /usr/bin/grep
configure:4912: checking for egrep
configure:4974: result: /usr/bin/grep -E
configure:4980: checking whether aarch64-linux-android23-clang --sysroot /home/ak/Android/Sdk/ndk/26.0.10792818/toolchains/llvm/prebuilt/linux-x86_64/sysroot needs -traditional
conftest.c:11:10: fatal error: 'sgtty.h' file not found
#include <sgtty.h>
         ^~~~~~~~~
1 error generated.
configure:5014: result: no
configure:5067: checking how to print strings
configure:5094: result: printf
configure:5115: checking for a sed that does not truncate output
configure:5179: result: /usr/bin/sed
configure:5197: checking for fgrep
configure:5259: result: /usr/bin/grep -F
configure:5294: checking for ld used by aarch64-linux-android23-clang --sysroot /home/ak/Android/Sdk/ndk/26.0.10792818/toolchains/llvm/prebuilt/linux-x86_64/sysroot
configure:5361: result: /home/ak/Android/Sdk/ndk/26.0.10792818/toolchains/llvm/prebuilt/linux-x86_64/bin/ld
configure:5368: checking if the linker (/home/ak/Android/Sdk/ndk/26.0.10792818/toolchains/llvm/prebuilt/linux-x86_64/bin/ld) is GNU ld
configure:5383: result: yes
configure:5395: checking for BSD- or MS-compatible name lister (nm)
configure:5449: result: no
configure:5463: checking for aarch64-linux-android-dumpbin
configure:5493: result: no
configure:5463: checking for aarch64-linux-android-link
configure:5493: result: no
configure:5507: checking for dumpbin
configure:5537: result: no
configure:5507: checking for link
configure:5523: found /usr/bin/link
configure:5534: result: link -dump
configure:5579: checking the name lister (nm) interface
configure:5586: aarch64-linux-android23-clang --sysroot /home/ak/Android/Sdk/ndk/26.0.10792818/toolchains/llvm/prebuilt/linux-x86_64/sysroot -c -fPIC  conftest.c >&5
configure:5589: nm "conftest.o"
configure:5592: output
0000000000000000 b $d.0
0000000000000000 n $d.1
0000000000000000 B some_variable
configure:5593: result: BSD nm
configure:5596: checking whether ln -s works
configure:5600: result: yes
configure:5608: checking the maximum length of command line arguments
configure:5739: result: 1572864
configure:5787: checking how to convert x86_64-pc-linux-gnu file names to aarch64-unknown-linux-android format
configure:5827: result: func_convert_file_noop
configure:5834: checking how to convert x86_64-pc-linux-gnu file names to toolchain format
configure:5854: result: func_convert_file_noop
configure:5861: checking for /home/ak/Android/Sdk/ndk/26.0.10792818/toolchains/llvm/prebuilt/linux-x86_64/bin/ld option to reload object files
configure:5868: result: -r
configure:5902: checking for aarch64-linux-android-objdump
configure:5932: result: no
configure:5942: checking for objdump
configure:5958: found /usr/bin/objdump
configure:5969: result: objdump
configure:6001: checking how to recognize dependent libraries
configure:6201: result: pass_all
configure:6246: checking for aarch64-linux-android-dlltool
configure:6276: result: no
configure:6286: checking for dlltool
configure:6316: result: no
configure:6346: checking how to associate runtime and link libraries
configure:6373: result: printf %s\n
configure:6389: checking for aarch64-linux-android-ar
configure:6416: result: llvm-ar
configure:6497: checking for archiver @FILE support
configure:6514: aarch64-linux-android23-clang --sysroot /home/ak/Android/Sdk/ndk/26.0.10792818/toolchains/llvm/prebuilt/linux-x86_64/sysroot -c -fPIC  conftest.c >&5
configure:6514: $? = 0
configure:6517: llvm-ar cr libconftest.a @conftest.lst >&5
configure:6520: $? = 0
configure:6525: llvm-ar cr libconftest.a @conftest.lst >&5
llvm-ar: error: conftest.o: No such file or directory
configure:6528: $? = 1
configure:6527: result: @
configure:6545: checking for aarch64-linux-android-strip
configure:6572: result: strip
configure:6644: checking for aarch64-linux-android-ranlib
configure:6671: result: llvm-ranlib
configure:6813: checking command to parse nm output from aarch64-linux-android23-clang --sysroot /home/ak/Android/Sdk/ndk/26.0.10792818/toolchains/llvm/prebuilt/linux-x86_64/sysroot object
configure:6966: aarch64-linux-android23-clang --sysroot /home/ak/Android/Sdk/ndk/26.0.10792818/toolchains/llvm/prebuilt/linux-x86_64/sysroot -c -fPIC  conftest.c >&5
configure:6969: $? = 0
configure:6973: nm conftest.o | sed -n -e 's/^.*[	 ]\([ABCDGIRSTW][ABCDGIRSTW]*\)[	 ][	 ]*\([_A-Za-z][_A-Za-z0-9]*\)$/\1 \2 \2/p' | sed '/ __gnu_lto/d' > conftest.nm
configure:7039: aarch64-linux-android23-clang --sysroot /home/ak/Android/Sdk/ndk/26.0.10792818/toolchains/llvm/prebuilt/linux-x86_64/sysroot -o conftest -fPIC   conftest.c conftstm.o >&5
configure:7042: $? = 0
configure:7080: result: ok
configure:7127: checking for sysroot
configure:7157: result: no
configure:7164: checking for a working dd
configure:7202: result: /usr/bin/dd
configure:7206: checking how to truncate binary pipes
configure:7221: result: /usr/bin/dd bs=4096 count=1
configure:7510: checking for aarch64-linux-android-mt
configure:7540: result: no
configure:7550: checking for mt
configure:7566: found /usr/bin/mt
configure:7577: result: mt
configure:7600: checking if mt is a manifest tool
configure:7606: mt '-?'
configure:7614: result: no
configure:8286: checking for ANSI C header files
configure:8306: aarch64-linux-android23-clang --sysroot /home/ak/Android/Sdk/ndk/26.0.10792818/toolchains/llvm/prebuilt/linux-x86_64/sysroot -c -fPIC  conftest.c >&5
configure:8306: $? = 0
configure:8390: result: yes
configure:8403: checking for sys/types.h
configure:8403: aarch64-linux-android23-clang --sysroot /home/ak/Android/Sdk/ndk/26.0.10792818/toolchains/llvm/prebuilt/linux-x86_64/sysroot -c -fPIC  conftest.c >&5
configure:8403: $? = 0
configure:8403: result: yes
configure:8403: checking for sys/stat.h
configure:8403: aarch64-linux-android23-clang --sysroot /home/ak/Android/Sdk/ndk/26.0.10792818/toolchains/llvm/prebuilt/linux-x86_64/sysroot -c -fPIC  conftest.c >&5
configure:8403: $? = 0
configure:8403: result: yes
configure:8403: checking for stdlib.h
configure:8403: aarch64-linux-android23-clang --sysroot /home/ak/Android/Sdk/ndk/26.0.10792818/toolchains/llvm/prebuilt/linux-x86_64/sysroot -c -fPIC  conftest.c >&5
configure:8403: $? = 0
configure:8403: result: yes
configure:8403: checking for string.h
configure:8403: aarch64-linux-android23-clang --sysroot /home/ak/Android/Sdk/ndk/26.0.10792818/toolchains/llvm/prebuilt/linux-x86_64/sysroot -c -fPIC  conftest.c >&5
configure:8403: $? = 0
configure:8403: result: yes
configure:8403: checking for memory.h
configure:8403: aarch64-linux-android23-clang --sysroot /home/ak/Android/Sdk/ndk/26.0.10792818/toolchains/llvm/prebuilt/linux-x86_64/sysroot -c -fPIC  conftest.c >&5
configure:8403: $? = 0
configure:8403: result: yes
configure:8403: checking for strings.h
configure:8403: aarch64-linux-android23-clang --sysroot /home/ak/Android/Sdk/ndk/26.0.10792818/toolchains/llvm/prebuilt/linux-x86_64/sysroot -c -fPIC  conftest.c >&5
configure:8403: $? = 0
configure:8403: result: yes
configure:8403: checking for inttypes.h
configure:8403: aarch64-linux-android23-clang --sysroot /home/ak/Android/Sdk/ndk/26.0.10792818/toolchains/llvm/prebuilt/linux-x86_64/sysroot -c -fPIC  conftest.c >&5
configure:8403: $? = 0
configure:8403: result: yes
configure:8403: checking for stdint.h
configure:8403: aarch64-linux-android23-clang --sysroot /home/ak/Android/Sdk/ndk/26.0.10792818/toolchains/llvm/prebuilt/linux-x86_64/sysroot -c -fPIC  conftest.c >&5
configure:8403: $? = 0
configure:8403: result: yes
configure:8403: checking for unistd.h
configure:8403: aarch64-linux-android23-clang --sysroot /home/ak/Android/Sdk/ndk/26.0.10792818/toolchains/llvm/prebuilt/linux-x86_64/sysroot -c -fPIC  conftest.c >&5
configure:8403: $? = 0
configure:8403: result: yes
configure:8417: checking for dlfcn.h
configure:8417: aarch64-linux-android23-clang --sysroot /home/ak/Android/Sdk/ndk/26.0.10792818/toolchains/llvm/prebuilt/linux-x86_64/sysroot -c -fPIC  conftest.c >&5
configure:8417: $? = 0
configure:8417: result: yes
configure:8684: checking for objdir
configure:8699: result: .libs
configure:8959: checking if aarch64-linux-android23-clang --sysroot /home/ak/Android/Sdk/ndk/26.0.10792818/toolchains/llvm/prebuilt/linux-x86_64/sysroot supports -fno-rtti -fno-exceptions
configure:8977: aarch64-linux-android23-clang --sysroot /home/ak/Android/Sdk/ndk/26.0.10792818/toolchains/llvm/prebuilt/linux-x86_64/sysroot -c -fPIC  -fno-rtti -fno-exceptions conftest.c >&5
configure:8981: $? = 0
configure:8994: result: yes
configure:9358: checking for aarch64-linux-android23-clang --sysroot /home/ak/Android/Sdk/ndk/26.0.10792818/toolchains/llvm/prebuilt/linux-x86_64/sysroot option to produce PIC
configure:9365: result: -fPIC -DPIC
configure:9373: checking if aarch64-linux-android23-clang --sysroot /home/ak/Android/Sdk/ndk/26.0.10792818/toolchains/llvm/prebuilt/linux-x86_64/sysroot PIC flag -fPIC -DPIC works
configure:9391: aarch64-linux-android23-clang --sysroot /home/ak/Android/Sdk/ndk/26.0.10792818/toolchains/llvm/prebuilt/linux-x86_64/sysroot -c -fPIC  -fPIC -DPIC -DPIC conftest.c >&5
configure:9395: $? = 0
configure:9408: result: yes
configure:9437: checking if aarch64-linux-android23-clang --sysroot /home/ak/Android/Sdk/ndk/26.0.10792818/toolchains/llvm/prebuilt/linux-x86_64/sysroot static flag -static works
configure:9465: result: yes
configure:9480: checking if aarch64-linux-android23-clang --sysroot /home/ak/Android/Sdk/ndk/26.0.10792818/toolchains/llvm/prebuilt/linux-x86_64/sysroot supports -c -o file.o
configure:9501: aarch64-linux-android23-clang --sysroot /home/ak/Android/Sdk/ndk/26.0.10792818/toolchains/llvm/prebuilt/linux-x86_64/sysroot -c -fPIC  -o out/conftest2.o conftest.c >&5
configure:9505: $? = 0
configure:9527: result: yes
configure:9535: checking if aarch64-linux-android23-clang --sysroot /home/ak/Android/Sdk/ndk/26.0.10792818/toolchains/llvm/prebuilt/linux-x86_64/sysroot supports -c -o file.o
configure:9582: result: yes
configure:9615: checking whether the aarch64-linux-android23-clang --sysroot /home/ak/Android/Sdk/ndk/26.0.10792818/toolchains/llvm/prebuilt/linux-x86_64/sysroot linker (/home/ak/Android/Sdk/ndk/26.0.10792818/toolchains/llvm/prebuilt/linux-x86_64/bin/ld) supports shared libraries
configure:10878: result: yes
configure:11118: checking dynamic linker characteristics
configure:11948: result: Android linker
configure:12070: checking how to hardcode library paths into programs
configure:12095: result: immediate
configure:12643: checking whether stripping libraries is possible
configure:12648: result: yes
configure:12683: checking if libtool supports shared libraries
configure:12685: result: yes
configure:12688: checking whether to build shared libraries
configure:12713: result: no
configure:12716: checking whether to build static libraries
configure:12720: result: yes
configure:9519: checking how to run the C++ preprocessor
configure:9546: g++ -E  conftest.cpp
configure:9546: $? = 0
configure:9560: g++ -E  conftest.cpp
conftest.cpp:23:10: fatal error: ac_nonexistent.h: No such file or directory
 #include <ac_nonexistent.h>
          ^~~~~~~~~~~~~~~~~~
compilation terminated.
configure:9560: $? = 1
configure: failed program was:
| /* confdefs.h */
| #define PACKAGE_NAME "g722_1"
| #define PACKAGE_TARNAME "g722_1"
| #define PACKAGE_VERSION "0.2.0"
| #define PACKAGE_STRING "g722_1 0.2.0"
| #define PACKAGE_BUGREPORT ""
| #define PACKAGE_URL ""
| #define PACKAGE "g722_1"
| #define VERSION "0.2.0"
| #define STDC_HEADERS 1
| #define HAVE_SYS_TYPES_H 1
| #define HAVE_SYS_STAT_H 1
| #define HAVE_STDLIB_H 1
| #define HAVE_STRING_H 1
| #define HAVE_MEMORY_H 1
| #define HAVE_STRINGS_H 1
| #define HAVE_INTTYPES_H 1
| #define HAVE_STDINT_H 1
| #define HAVE_UNISTD_H 1
| #define HAVE_DLFCN_H 1
| #define LT_OBJDIR ".libs/"
| /* end confdefs.h.  */
| #include <ac_nonexistent.h>
configure:9585: result: g++ -E
configure:9605: g++ -E  conftest.cpp
configure:9605: $? = 0
configure:9619: g++ -E  conftest.cpp
conftest.cpp:23:10: fatal error: ac_nonexistent.h: No such file or directory
 #include <ac_nonexistent.h>
          ^~~~~~~~~~~~~~~~~~
compilation terminated.
configure:9619: $? = 1
configure: failed program was:
| /* confdefs.h */
| #define PACKAGE_NAME "g722_1"
| #define PACKAGE_TARNAME "g722_1"
| #define PACKAGE_VERSION "0.2.0"
| #define PACKAGE_STRING "g722_1 0.2.0"
| #define PACKAGE_BUGREPORT ""
| #define PACKAGE_URL ""
| #define PACKAGE "g722_1"
| #define VERSION "0.2.0"
| #define STDC_HEADERS 1
| #define HAVE_SYS_TYPES_H 1
| #define HAVE_SYS_STAT_H 1
| #define HAVE_STDLIB_H 1
| #define HAVE_STRING_H 1
| #define HAVE_MEMORY_H 1
| #define HAVE_STRINGS_H 1
| #define HAVE_INTTYPES_H 1
| #define HAVE_STDINT_H 1
| #define HAVE_UNISTD_H 1
| #define HAVE_DLFCN_H 1
| #define LT_OBJDIR ".libs/"
| /* end confdefs.h.  */
| #include <ac_nonexistent.h>
configure:9781: checking for ld used by g++
configure:9848: result: /home/ak/Android/Sdk/ndk/26.0.10792818/toolchains/llvm/prebuilt/linux-x86_64/bin/ld
configure:9855: checking if the linker (/home/ak/Android/Sdk/ndk/26.0.10792818/toolchains/llvm/prebuilt/linux-x86_64/bin/ld) is GNU ld
configure:9870: result: yes
configure:9925: checking whether the g++ linker (/home/ak/Android/Sdk/ndk/26.0.10792818/toolchains/llvm/prebuilt/linux-x86_64/bin/ld) supports shared libraries
configure:10998: result: yes
configure:11034: g++ -c -g -O2  conftest.cpp >&5
configure:11037: $? = 0
configure:11518: checking for g++ option to produce PIC
configure:11525: result: -fPIC -DPIC
configure:11533: checking if g++ PIC flag -fPIC -DPIC works
configure:11551: g++ -c -g -O2  -fPIC -DPIC -DPIC conftest.cpp >&5
configure:11555: $? = 0
configure:11568: result: yes
configure:11591: checking if g++ static flag -static works
configure:11619: result: yes
configure:11631: checking if g++ supports -c -o file.o
configure:11652: g++ -c -g -O2  -o out/conftest2.o conftest.cpp >&5
configure:11656: $? = 0
configure:11678: result: yes
configure:11683: checking if g++ supports -c -o file.o
configure:11730: result: yes
configure:11760: checking whether the g++ linker (/home/ak/Android/Sdk/ndk/26.0.10792818/toolchains/llvm/prebuilt/linux-x86_64/bin/ld) supports shared libraries
configure:11803: result: yes
configure:11944: checking dynamic linker characteristics
configure:12701: result: Android linker
configure:12766: checking how to hardcode library paths into programs
configure:12791: result: immediate
configure:11691: checking for C compiler vendor
configure:11715: aarch64-linux-android23-clang --sysroot /home/ak/Android/Sdk/ndk/26.0.10792818/toolchains/llvm/prebuilt/linux-x86_64/sysroot -c -fPIC  conftest.c >&5
conftest.c:29:7: error: use of undeclared identifier 'thisisanerror'
      thisisanerror;
      ^
1 error generated.
configure:11715: $? = 1
configure: failed program was:
| /* confdefs.h */
| #define PACKAGE_NAME "g722_1"
| #define PACKAGE_TARNAME "g722_1"
| #define PACKAGE_VERSION "0.2.0"
| #define PACKAGE_STRING "g722_1 0.2.0"
| #define PACKAGE_BUGREPORT ""
| #define PACKAGE_URL ""
| #define PACKAGE "g722_1"
| #define VERSION "0.2.0"
| #define STDC_HEADERS 1
| #define HAVE_SYS_TYPES_H 1
| #define HAVE_SYS_STAT_H 1
| #define HAVE_STDLIB_H 1
| #define HAVE_STRING_H 1
| #define HAVE_MEMORY_H 1
| #define HAVE_STRINGS_H 1
| #define HAVE_INTTYPES_H 1
| #define HAVE_STDINT_H 1
| #define HAVE_UNISTD_H 1
| #define HAVE_DLFCN_H 1
| #define LT_OBJDIR ".libs/"
| /* end confdefs.h.  */
| 
| int
| main ()
| {
| 
| #if !(defined(__ICC) || defined(__ECC) || defined(__INTEL_COMPILER))
|       thisisanerror;
| #endif
| 
|   ;
|   return 0;
| }
configure:11715: aarch64-linux-android23-clang --sysroot /home/ak/Android/Sdk/ndk/26.0.10792818/toolchains/llvm/prebuilt/linux-x86_64/sysroot -c -fPIC  conftest.c >&5
conftest.c:29:7: error: use of undeclared identifier 'thisisanerror'
      thisisanerror;
      ^
1 error generated.
configure:11715: $? = 1
configure: failed program was:
| /* confdefs.h */
| #define PACKAGE_NAME "g722_1"
| #define PACKAGE_TARNAME "g722_1"
| #define PACKAGE_VERSION "0.2.0"
| #define PACKAGE_STRING "g722_1 0.2.0"
| #define PACKAGE_BUGREPORT ""
| #define PACKAGE_URL ""
| #define PACKAGE "g722_1"
| #define VERSION "0.2.0"
| #define STDC_HEADERS 1
| #define HAVE_SYS_TYPES_H 1
| #define HAVE_SYS_STAT_H 1
| #define HAVE_STDLIB_H 1
| #define HAVE_STRING_H 1
| #define HAVE_MEMORY_H 1
| #define HAVE_STRINGS_H 1
| #define HAVE_INTTYPES_H 1
| #define HAVE_STDINT_H 1
| #define HAVE_UNISTD_H 1
| #define HAVE_DLFCN_H 1
| #define LT_OBJDIR ".libs/"
| /* end confdefs.h.  */
| 
| int
| main ()
| {
| 
| #if !(defined(__xlc__) || defined(__xlC__) || defined(__IBMC__) || defined(__IBMCPP__))
|       thisisanerror;
| #endif
| 
|   ;
|   return 0;
| }
configure:11715: aarch64-linux-android23-clang --sysroot /home/ak/Android/Sdk/ndk/26.0.10792818/toolchains/llvm/prebuilt/linux-x86_64/sysroot -c -fPIC  conftest.c >&5
conftest.c:29:7: error: use of undeclared identifier 'thisisanerror'
      thisisanerror;
      ^
1 error generated.
configure:11715: $? = 1
configure: failed program was:
| /* confdefs.h */
| #define PACKAGE_NAME "g722_1"
| #define PACKAGE_TARNAME "g722_1"
| #define PACKAGE_VERSION "0.2.0"
| #define PACKAGE_STRING "g722_1 0.2.0"
| #define PACKAGE_BUGREPORT ""
| #define PACKAGE_URL ""
| #define PACKAGE "g722_1"
| #define VERSION "0.2.0"
| #define STDC_HEADERS 1
| #define HAVE_SYS_TYPES_H 1
| #define HAVE_SYS_STAT_H 1
| #define HAVE_STDLIB_H 1
| #define HAVE_STRING_H 1
| #define HAVE_MEMORY_H 1
| #define HAVE_STRINGS_H 1
| #define HAVE_INTTYPES_H 1
| #define HAVE_STDINT_H 1
| #define HAVE_UNISTD_H 1
| #define HAVE_DLFCN_H 1
| #define LT_OBJDIR ".libs/"
| /* end confdefs.h.  */
| 
| int
| main ()
| {
| 
| #if !(defined(__PATHCC__) || defined(__PATHSCALE__))
|       thisisanerror;
| #endif
| 
|   ;
|   return 0;
| }
configure:11715: aarch64-linux-android23-clang --sysroot /home/ak/Android/Sdk/ndk/26.0.10792818/toolchains/llvm/prebuilt/linux-x86_64/sysroot -c -fPIC  conftest.c >&5
configure:11715: $? = 0
configure:11722: result: gnu
configure:12502: checking for an ANSI C-conforming const
configure:12568: aarch64-linux-android23-clang --sysroot /home/ak/Android/Sdk/ndk/26.0.10792818/toolchains/llvm/prebuilt/linux-x86_64/sysroot -c -fPIC  conftest.c >&5
configure:12568: $? = 0
configure:12575: result: yes
configure:12583: checking for inline
configure:12599: aarch64-linux-android23-clang --sysroot /home/ak/Android/Sdk/ndk/26.0.10792818/toolchains/llvm/prebuilt/linux-x86_64/sysroot -c -fPIC  conftest.c >&5
configure:12599: $? = 0
configure:12607: result: inline
configure:12625: checking for working volatile
configure:12644: aarch64-linux-android23-clang --sysroot /home/ak/Android/Sdk/ndk/26.0.10792818/toolchains/llvm/prebuilt/linux-x86_64/sysroot -c -fPIC  conftest.c >&5
configure:12644: $? = 0
configure:12651: result: yes
configure:12660: checking for long long
configure:12660: aarch64-linux-android23-clang --sysroot /home/ak/Android/Sdk/ndk/26.0.10792818/toolchains/llvm/prebuilt/linux-x86_64/sysroot -c -fPIC  conftest.c >&5
configure:12660: $? = 0
configure:12660: aarch64-linux-android23-clang --sysroot /home/ak/Android/Sdk/ndk/26.0.10792818/toolchains/llvm/prebuilt/linux-x86_64/sysroot -c -fPIC  conftest.c >&5
conftest.c:59:24: error: expected expression
if (sizeof ((long long)))
                       ^
1 error generated.
configure:12660: $? = 1
configure: failed program was:
| /* confdefs.h */
| #define PACKAGE_NAME "g722_1"
| #define PACKAGE_TARNAME "g722_1"
| #define PACKAGE_VERSION "0.2.0"
| #define PACKAGE_STRING "g722_1 0.2.0"
| #define PACKAGE_BUGREPORT ""
| #define PACKAGE_URL ""
| #define PACKAGE "g722_1"
| #define VERSION "0.2.0"
| #define STDC_HEADERS 1
| #define HAVE_SYS_TYPES_H 1
| #define HAVE_SYS_STAT_H 1
| #define HAVE_STDLIB_H 1
| #define HAVE_STRING_H 1
| #define HAVE_MEMORY_H 1
| #define HAVE_STRINGS_H 1
| #define HAVE_INTTYPES_H 1
| #define HAVE_STDINT_H 1
| #define HAVE_UNISTD_H 1
| #define HAVE_DLFCN_H 1
| #define LT_OBJDIR ".libs/"
| /* end confdefs.h.  */
| #include <stdio.h>
| #ifdef HAVE_SYS_TYPES_H
| # include <sys/types.h>
| #endif
| #ifdef HAVE_SYS_STAT_H
| # include <sys/stat.h>
| #endif
| #ifdef STDC_HEADERS
| # include <stdlib.h>
| # include <stddef.h>
| #else
| # ifdef HAVE_STDLIB_H
| #  include <stdlib.h>
| # endif
| #endif
| #ifdef HAVE_STRING_H
| # if !defined STDC_HEADERS && defined HAVE_MEMORY_H
| #  include <memory.h>
| # endif
| # include <string.h>
| #endif
| #ifdef HAVE_STRINGS_H
| # include <strings.h>
| #endif
| #ifdef HAVE_INTTYPES_H
| # include <inttypes.h>
| #endif
| #ifdef HAVE_STDINT_H
| # include <stdint.h>
| #endif
| #ifdef HAVE_UNISTD_H
| # include <unistd.h>
| #endif
| int
| main ()
| {
| if (sizeof ((long long)))
| 	    return 0;
|   ;
|   return 0;
| }
configure:12660: result: yes
configure:12670: checking for long double
configure:12670: aarch64-linux-android23-clang --sysroot /home/ak/Android/Sdk/ndk/26.0.10792818/toolchains/llvm/prebuilt/linux-x86_64/sysroot -c -fPIC  conftest.c >&5
configure:12670: $? = 0
configure:12670: aarch64-linux-android23-clang --sysroot /home/ak/Android/Sdk/ndk/26.0.10792818/toolchains/llvm/prebuilt/linux-x86_64/sysroot -c -fPIC  conftest.c >&5
conftest.c:60:26: error: expected expression
if (sizeof ((long double)))
                         ^
1 error generated.
configure:12670: $? = 1
configure: failed program was:
| /* confdefs.h */
| #define PACKAGE_NAME "g722_1"
| #define PACKAGE_TARNAME "g722_1"
| #define PACKAGE_VERSION "0.2.0"
| #define PACKAGE_STRING "g722_1 0.2.0"
| #define PACKAGE_BUGREPORT ""
| #define PACKAGE_URL ""
| #define PACKAGE "g722_1"
| #define VERSION "0.2.0"
| #define STDC_HEADERS 1
| #define HAVE_SYS_TYPES_H 1
| #define HAVE_SYS_STAT_H 1
| #define HAVE_STDLIB_H 1
| #define HAVE_STRING_H 1
| #define HAVE_MEMORY_H 1
| #define HAVE_STRINGS_H 1
| #define HAVE_INTTYPES_H 1
| #define HAVE_STDINT_H 1
| #define HAVE_UNISTD_H 1
| #define HAVE_DLFCN_H 1
| #define LT_OBJDIR ".libs/"
| #define HAVE_LONG_LONG 1
| /* end confdefs.h.  */
| #include <stdio.h>
| #ifdef HAVE_SYS_TYPES_H
| # include <sys/types.h>
| #endif
| #ifdef HAVE_SYS_STAT_H
| # include <sys/stat.h>
| #endif
| #ifdef STDC_HEADERS
| # include <stdlib.h>
| # include <stddef.h>
| #else
| # ifdef HAVE_STDLIB_H
| #  include <stdlib.h>
| # endif
| #endif
| #ifdef HAVE_STRING_H
| # if !defined STDC_HEADERS && defined HAVE_MEMORY_H
| #  include <memory.h>
| # endif
| # include <string.h>
| #endif
| #ifdef HAVE_STRINGS_H
| # include <strings.h>
| #endif
| #ifdef HAVE_INTTYPES_H
| # include <inttypes.h>
| #endif
| #ifdef HAVE_STDINT_H
| # include <stdint.h>
| #endif
| #ifdef HAVE_UNISTD_H
| # include <unistd.h>
| #endif
| int
| main ()
| {
| if (sizeof ((long double)))
| 	    return 0;
|   ;
|   return 0;
| }
configure:12670: result: yes
configure:12681: checking return type of signal handlers
configure:12699: aarch64-linux-android23-clang --sysroot /home/ak/Android/Sdk/ndk/26.0.10792818/toolchains/llvm/prebuilt/linux-x86_64/sysroot -c -fPIC  conftest.c >&5
conftest.c:31:8: error: indirection requires pointer operand ('void' invalid)
return *(signal (0, 0)) (0) == 1;
       ^~~~~~~~~~~~~~~~~~~~
1 error generated.
configure:12699: $? = 1
configure: failed program was:
| /* confdefs.h */
| #define PACKAGE_NAME "g722_1"
| #define PACKAGE_TARNAME "g722_1"
| #define PACKAGE_VERSION "0.2.0"
| #define PACKAGE_STRING "g722_1 0.2.0"
| #define PACKAGE_BUGREPORT ""
| #define PACKAGE_URL ""
| #define PACKAGE "g722_1"
| #define VERSION "0.2.0"
| #define STDC_HEADERS 1
| #define HAVE_SYS_TYPES_H 1
| #define HAVE_SYS_STAT_H 1
| #define HAVE_STDLIB_H 1
| #define HAVE_STRING_H 1
| #define HAVE_MEMORY_H 1
| #define HAVE_STRINGS_H 1
| #define HAVE_INTTYPES_H 1
| #define HAVE_STDINT_H 1
| #define HAVE_UNISTD_H 1
| #define HAVE_DLFCN_H 1
| #define LT_OBJDIR ".libs/"
| #define HAVE_LONG_LONG 1
| #define HAVE_LONG_DOUBLE 1
| /* end confdefs.h.  */
| #include <sys/types.h>
| #include <signal.h>
| 
| int
| main ()
| {
| return *(signal (0, 0)) (0) == 1;
|   ;
|   return 0;
| }
configure:12706: result: void
configure:12776: checking for error_at_line
configure:12792: aarch64-linux-android23-clang --sysroot /home/ak/Android/Sdk/ndk/26.0.10792818/toolchains/llvm/prebuilt/linux-x86_64/sysroot -o conftest -fPIC   conftest.c  >&5
configure:12792: $? = 0
configure:12800: result: yes
configure:12813: checking for vprintf
configure:12813: aarch64-linux-android23-clang --sysroot /home/ak/Android/Sdk/ndk/26.0.10792818/toolchains/llvm/prebuilt/linux-x86_64/sysroot -o conftest -fPIC   conftest.c  >&5
conftest.c:49:6: warning: incompatible redeclaration of library function 'vprintf' [-Wincompatible-library-redeclaration]
char vprintf ();
     ^
conftest.c:49:6: note: 'vprintf' is a builtin with type 'int (const char *, __builtin_va_list)'
1 warning generated.
configure:12813: $? = 0
configure:12813: result: yes
configure:12819: checking for _doprnt
configure:12819: aarch64-linux-android23-clang --sysroot /home/ak/Android/Sdk/ndk/26.0.10792818/toolchains/llvm/prebuilt/linux-x86_64/sysroot -o conftest -fPIC   conftest.c  >&5
ld.lld: error: undefined symbol: _doprnt
>>> referenced by conftest.c
>>>               /tmp/conftest-3684d6.o:(main)
clang-17: error: linker command failed with exit code 1 (use -v to see invocation)
configure:12819: $? = 1
configure: failed program was:
| /* confdefs.h */
| #define PACKAGE_NAME "g722_1"
| #define PACKAGE_TARNAME "g722_1"
| #define PACKAGE_VERSION "0.2.0"
| #define PACKAGE_STRING "g722_1 0.2.0"
| #define PACKAGE_BUGREPORT ""
| #define PACKAGE_URL ""
| #define PACKAGE "g722_1"
| #define VERSION "0.2.0"
| #define STDC_HEADERS 1
| #define HAVE_SYS_TYPES_H 1
| #define HAVE_SYS_STAT_H 1
| #define HAVE_STDLIB_H 1
| #define HAVE_STRING_H 1
| #define HAVE_MEMORY_H 1
| #define HAVE_STRINGS_H 1
| #define HAVE_INTTYPES_H 1
| #define HAVE_STDINT_H 1
| #define HAVE_UNISTD_H 1
| #define HAVE_DLFCN_H 1
| #define LT_OBJDIR ".libs/"
| #define HAVE_LONG_LONG 1
| #define HAVE_LONG_DOUBLE 1
| #define RETSIGTYPE void
| #define HAVE_VPRINTF 1
| /* end confdefs.h.  */
| /* Define _doprnt to an innocuous variant, in case <limits.h> declares _doprnt.
|    For example, HP-UX 11i <limits.h> declares gettimeofday.  */
| #define _doprnt innocuous__doprnt
| 
| /* System header to define __stub macros and hopefully few prototypes,
|     which can conflict with char _doprnt (); below.
|     Prefer <limits.h> to <assert.h> if __STDC__ is defined, since
|     <limits.h> exists even on freestanding compilers.  */
| 
| #ifdef __STDC__
| # include <limits.h>
| #else
| # include <assert.h>
| #endif
| 
| #undef _doprnt
| 
| /* Override any GCC internal prototype to avoid an error.
|    Use char because int might match the return type of a GCC
|    builtin and then its argument prototype would still apply.  */
| #ifdef __cplusplus
| extern "C"
| #endif
| char _doprnt ();
| /* The GNU C library defines this for functions which it implements
|     to always fail with ENOSYS.  Some functions are actually named
|     something starting with __ and the normal name is an alias.  */
| #if defined __stub__doprnt || defined __stub____doprnt
| choke me
| #endif
| 
| int
| main ()
| {
| return _doprnt ();
|   ;
|   return 0;
| }
configure:12819: result: no
configure:12832: checking for stdlib.h
configure:12832: result: yes
configure:12842: checking for GNU libc compatible malloc
configure:12876: result: yes
configure:12897: checking for working memcmp
configure:12950: result: no
configure:12961: checking for stdlib.h
configure:12961: result: yes
configure:12971: checking for GNU libc compatible realloc
configure:13005: result: no
configure:13029: checking sys/select.h usability
configure:13029: aarch64-linux-android23-clang --sysroot /home/ak/Android/Sdk/ndk/26.0.10792818/toolchains/llvm/prebuilt/linux-x86_64/sysroot -c -fPIC  conftest.c >&5
configure:13029: $? = 0
configure:13029: result: yes
configure:13029: checking sys/select.h presence
configure:13029: aarch64-linux-android23-clang --sysroot /home/ak/Android/Sdk/ndk/26.0.10792818/toolchains/llvm/prebuilt/linux-x86_64/sysroot -E  conftest.c
configure:13029: $? = 0
configure:13029: result: yes
configure:13029: checking for sys/select.h
configure:13029: result: yes
configure:13029: checking sys/socket.h usability
configure:13029: aarch64-linux-android23-clang --sysroot /home/ak/Android/Sdk/ndk/26.0.10792818/toolchains/llvm/prebuilt/linux-x86_64/sysroot -c -fPIC  conftest.c >&5
configure:13029: $? = 0
configure:13029: result: yes
configure:13029: checking sys/socket.h presence
configure:13029: aarch64-linux-android23-clang --sysroot /home/ak/Android/Sdk/ndk/26.0.10792818/toolchains/llvm/prebuilt/linux-x86_64/sysroot -E  conftest.c
configure:13029: $? = 0
configure:13029: result: yes
configure:13029: checking for sys/socket.h
configure:13029: result: yes
configure:13039: checking types of arguments for select
configure:13067: aarch64-linux-android23-clang --sysroot /home/ak/Android/Sdk/ndk/26.0.10792818/toolchains/llvm/prebuilt/linux-x86_64/sysroot -c -fPIC  conftest.c >&5
configure:13067: $? = 0
configure:13078: result: int,fd_set *,struct timeval *
configure:13102: checking for lrint
configure:13128: aarch64-linux-android23-clang --sysroot /home/ak/Android/Sdk/ndk/26.0.10792818/toolchains/llvm/prebuilt/linux-x86_64/sysroot -o conftest -lm   conftest.c  >&5
conftest.c:48:22: warning: ignoring return value of function declared with const attribute [-Wunused-value]
if (!lrint(3.14159)) lrint(2.7183);
                     ^~~~~ ~~~~~~
1 warning generated.
configure:13128: $? = 0
configure:13140: result: yes
configure:13149: checking for lrintf
configure:13175: aarch64-linux-android23-clang --sysroot /home/ak/Android/Sdk/ndk/26.0.10792818/toolchains/llvm/prebuilt/linux-x86_64/sysroot -o conftest -lm   conftest.c  >&5
conftest.c:49:23: warning: ignoring return value of function declared with const attribute [-Wunused-value]
if (!lrintf(3.14159)) lrintf(2.7183);
                      ^~~~~~ ~~~~~~
1 warning generated.
configure:13175: $? = 0
configure:13187: result: yes
configure:13196: checking for llrint
configure:13222: aarch64-linux-android23-clang --sysroot /home/ak/Android/Sdk/ndk/26.0.10792818/toolchains/llvm/prebuilt/linux-x86_64/sysroot -o conftest -lm   conftest.c  >&5
configure:13222: $? = 0
configure:13234: result: yes
configure:13243: checking for llrintf
configure:13269: aarch64-linux-android23-clang --sysroot /home/ak/Android/Sdk/ndk/26.0.10792818/toolchains/llvm/prebuilt/linux-x86_64/sysroot -o conftest -lm   conftest.c  >&5
configure:13269: $? = 0
configure:13281: result: yes
configure:13300: checking C99 struct flexible array support
configure:13326: aarch64-linux-android23-clang --sysroot /home/ak/Android/Sdk/ndk/26.0.10792818/toolchains/llvm/prebuilt/linux-x86_64/sysroot -o conftest -fPIC   conftest.c  >&5
configure:13326: $? = 0
configure:13335: result: yes
configure:13341: checking for memmove
configure:13341: aarch64-linux-android23-clang --sysroot /home/ak/Android/Sdk/ndk/26.0.10792818/toolchains/llvm/prebuilt/linux-x86_64/sysroot -o conftest -fPIC   conftest.c  >&5
conftest.c:64:6: warning: incompatible redeclaration of library function 'memmove' [-Wincompatible-library-redeclaration]
char memmove ();
     ^
conftest.c:64:6: note: 'memmove' is a builtin with type 'void *(void *, const void *, unsigned long)'
1 warning generated.
configure:13341: $? = 0
configure:13341: result: yes
configure:13352: checking for memset
configure:13352: aarch64-linux-android23-clang --sysroot /home/ak/Android/Sdk/ndk/26.0.10792818/toolchains/llvm/prebuilt/linux-x86_64/sysroot -o conftest -fPIC   conftest.c  >&5
conftest.c:65:6: warning: incompatible redeclaration of library function 'memset' [-Wincompatible-library-redeclaration]
char memset ();
     ^
conftest.c:65:6: note: 'memset' is a builtin with type 'void *(void *, int, unsigned long)'
1 warning generated.
configure:13352: $? = 0
configure:13352: result: yes
configure:13363: checking for select
configure:13363: aarch64-linux-android23-clang --sysroot /home/ak/Android/Sdk/ndk/26.0.10792818/toolchains/llvm/prebuilt/linux-x86_64/sysroot -o conftest -fPIC   conftest.c  >&5
configure:13363: $? = 0
configure:13363: result: yes
configure:13374: checking for strcasecmp
configure:13374: aarch64-linux-android23-clang --sysroot /home/ak/Android/Sdk/ndk/26.0.10792818/toolchains/llvm/prebuilt/linux-x86_64/sysroot -o conftest -fPIC   conftest.c  >&5
conftest.c:67:6: warning: incompatible redeclaration of library function 'strcasecmp' [-Wincompatible-library-redeclaration]
char strcasecmp ();
     ^
conftest.c:67:6: note: 'strcasecmp' is a builtin with type 'int (const char *, const char *)'
1 warning generated.
configure:13374: $? = 0
configure:13374: result: yes
configure:13385: checking for strchr
configure:13385: aarch64-linux-android23-clang --sysroot /home/ak/Android/Sdk/ndk/26.0.10792818/toolchains/llvm/prebuilt/linux-x86_64/sysroot -o conftest -fPIC   conftest.c  >&5
conftest.c:68:6: warning: incompatible redeclaration of library function 'strchr' [-Wincompatible-library-redeclaration]
char strchr ();
     ^
conftest.c:68:6: note: 'strchr' is a builtin with type 'char *(const char *, int)'
1 warning generated.
configure:13385: $? = 0
configure:13385: result: yes
configure:13396: checking for strdup
configure:13396: aarch64-linux-android23-clang --sysroot /home/ak/Android/Sdk/ndk/26.0.10792818/toolchains/llvm/prebuilt/linux-x86_64/sysroot -o conftest -fPIC   conftest.c  >&5
conftest.c:69:6: warning: incompatible redeclaration of library function 'strdup' [-Wincompatible-library-redeclaration]
char strdup ();
     ^
conftest.c:69:6: note: 'strdup' is a builtin with type 'char *(const char *)'
1 warning generated.
configure:13396: $? = 0
configure:13396: result: yes
configure:13407: checking for strerror
configure:13407: aarch64-linux-android23-clang --sysroot /home/ak/Android/Sdk/ndk/26.0.10792818/toolchains/llvm/prebuilt/linux-x86_64/sysroot -o conftest -fPIC   conftest.c  >&5
conftest.c:70:6: warning: incompatible redeclaration of library function 'strerror' [-Wincompatible-library-redeclaration]
char strerror ();
     ^
conftest.c:70:6: note: 'strerror' is a builtin with type 'char *(int)'
1 warning generated.
configure:13407: $? = 0
configure:13407: result: yes
configure:13418: checking for strstr
configure:13418: aarch64-linux-android23-clang --sysroot /home/ak/Android/Sdk/ndk/26.0.10792818/toolchains/llvm/prebuilt/linux-x86_64/sysroot -o conftest -fPIC   conftest.c  >&5
conftest.c:71:6: warning: incompatible redeclaration of library function 'strstr' [-Wincompatible-library-redeclaration]
char strstr ();
     ^
conftest.c:71:6: note: 'strstr' is a builtin with type 'char *(const char *, const char *)'
1 warning generated.
configure:13418: $? = 0
configure:13418: result: yes
configure:13429: checking for strtol
configure:13429: aarch64-linux-android23-clang --sysroot /home/ak/Android/Sdk/ndk/26.0.10792818/toolchains/llvm/prebuilt/linux-x86_64/sysroot -o conftest -fPIC   conftest.c  >&5
conftest.c:72:6: warning: incompatible redeclaration of library function 'strtol' [-Wincompatible-library-redeclaration]
char strtol ();
     ^
conftest.c:72:6: note: 'strtol' is a builtin with type 'long (const char *, char **, int)'
1 warning generated.
configure:13429: $? = 0
configure:13429: result: yes
configure:13440: checking for gettimeofday
configure:13440: aarch64-linux-android23-clang --sysroot /home/ak/Android/Sdk/ndk/26.0.10792818/toolchains/llvm/prebuilt/linux-x86_64/sysroot -o conftest -fPIC   conftest.c  >&5
configure:13440: $? = 0
configure:13440: result: yes
configure:13450: checking for ANSI C header files
configure:13554: result: yes
configure:13562: checking for sys/wait.h that is POSIX.1 compatible
configure:13588: aarch64-linux-android23-clang --sysroot /home/ak/Android/Sdk/ndk/26.0.10792818/toolchains/llvm/prebuilt/linux-x86_64/sysroot -c -fPIC  conftest.c >&5
configure:13588: $? = 0
configure:13595: result: yes
configure:13603: checking whether time.h and sys/time.h may both be included
configure:13623: aarch64-linux-android23-clang --sysroot /home/ak/Android/Sdk/ndk/26.0.10792818/toolchains/llvm/prebuilt/linux-x86_64/sysroot -c -fPIC  conftest.c >&5
configure:13623: $? = 0
configure:13630: result: yes
configure:13642: checking socket.h usability
configure:13642: aarch64-linux-android23-clang --sysroot /home/ak/Android/Sdk/ndk/26.0.10792818/toolchains/llvm/prebuilt/linux-x86_64/sysroot -c -fPIC  conftest.c >&5
conftest.c:87:10: fatal error: 'socket.h' file not found
#include <socket.h>
         ^~~~~~~~~~
1 error generated.
configure:13642: $? = 1
configure: failed program was:
| /* confdefs.h */
| #define PACKAGE_NAME "g722_1"
| #define PACKAGE_TARNAME "g722_1"
| #define PACKAGE_VERSION "0.2.0"
| #define PACKAGE_STRING "g722_1 0.2.0"
| #define PACKAGE_BUGREPORT ""
| #define PACKAGE_URL ""
| #define PACKAGE "g722_1"
| #define VERSION "0.2.0"
| #define STDC_HEADERS 1
| #define HAVE_SYS_TYPES_H 1
| #define HAVE_SYS_STAT_H 1
| #define HAVE_STDLIB_H 1
| #define HAVE_STRING_H 1
| #define HAVE_MEMORY_H 1
| #define HAVE_STRINGS_H 1
| #define HAVE_INTTYPES_H 1
| #define HAVE_STDINT_H 1
| #define HAVE_UNISTD_H 1
| #define HAVE_DLFCN_H 1
| #define LT_OBJDIR ".libs/"
| #define HAVE_LONG_LONG 1
| #define HAVE_LONG_DOUBLE 1
| #define RETSIGTYPE void
| #define HAVE_VPRINTF 1
| #define HAVE_STDLIB_H 1
| #define HAVE_MALLOC 1
| #define HAVE_STDLIB_H 1
| #define HAVE_REALLOC 0
| #define realloc rpl_realloc
| #define HAVE_SYS_SELECT_H 1
| #define HAVE_SYS_SOCKET_H 1
| #define SELECT_TYPE_ARG1 int
| #define SELECT_TYPE_ARG234 (fd_set *)
| #define SELECT_TYPE_ARG5 (struct timeval *)
| #define HAVE_LRINT 1
| #define HAVE_LRINTF 1
| #define HAVE_LLRINT 1
| #define HAVE_LLRINTF 1
| #define HAVE_MEMMOVE 1
| #define HAVE_MEMSET 1
| #define HAVE_SELECT 1
| #define HAVE_STRCASECMP 1
| #define HAVE_STRCHR 1
| #define HAVE_STRDUP 1
| #define HAVE_STRERROR 1
| #define HAVE_STRSTR 1
| #define HAVE_STRTOL 1
| #define HAVE_GETTIMEOFDAY 1
| #define STDC_HEADERS 1
| #define HAVE_SYS_WAIT_H 1
| #define TIME_WITH_SYS_TIME 1
| /* end confdefs.h.  */
| #include <stdio.h>
| #ifdef HAVE_SYS_TYPES_H
| # include <sys/types.h>
| #endif
| #ifdef HAVE_SYS_STAT_H
| # include <sys/stat.h>
| #endif
| #ifdef STDC_HEADERS
| # include <stdlib.h>
| # include <stddef.h>
| #else
| # ifdef HAVE_STDLIB_H
| #  include <stdlib.h>
| # endif
| #endif
| #ifdef HAVE_STRING_H
| # if !defined STDC_HEADERS && defined HAVE_MEMORY_H
| #  include <memory.h>
| # endif
| # include <string.h>
| #endif
| #ifdef HAVE_STRINGS_H
| # include <strings.h>
| #endif
| #ifdef HAVE_INTTYPES_H
| # include <inttypes.h>
| #endif
| #ifdef HAVE_STDINT_H
| # include <stdint.h>
| #endif
| #ifdef HAVE_UNISTD_H
| # include <unistd.h>
| #endif
| #include <socket.h>
configure:13642: result: no
configure:13642: checking socket.h presence
configure:13642: aarch64-linux-android23-clang --sysroot /home/ak/Android/Sdk/ndk/26.0.10792818/toolchains/llvm/prebuilt/linux-x86_64/sysroot -E  conftest.c
conftest.c:54:10: fatal error: 'socket.h' file not found
#include <socket.h>
         ^~~~~~~~~~
1 error generated.
configure:13642: $? = 1
configure: failed program was:
| /* confdefs.h */
| #define PACKAGE_NAME "g722_1"
| #define PACKAGE_TARNAME "g722_1"
| #define PACKAGE_VERSION "0.2.0"
| #define PACKAGE_STRING "g722_1 0.2.0"
| #define PACKAGE_BUGREPORT ""
| #define PACKAGE_URL ""
| #define PACKAGE "g722_1"
| #define VERSION "0.2.0"
| #define STDC_HEADERS 1
| #define HAVE_SYS_TYPES_H 1
| #define HAVE_SYS_STAT_H 1
| #define HAVE_STDLIB_H 1
| #define HAVE_STRING_H 1
| #define HAVE_MEMORY_H 1
| #define HAVE_STRINGS_H 1
| #define HAVE_INTTYPES_H 1
| #define HAVE_STDINT_H 1
| #define HAVE_UNISTD_H 1
| #define HAVE_DLFCN_H 1
| #define LT_OBJDIR ".libs/"
| #define HAVE_LONG_LONG 1
| #define HAVE_LONG_DOUBLE 1
| #define RETSIGTYPE void
| #define HAVE_VPRINTF 1
| #define HAVE_STDLIB_H 1
| #define HAVE_MALLOC 1
| #define HAVE_STDLIB_H 1
| #define HAVE_REALLOC 0
| #define realloc rpl_realloc
| #define HAVE_SYS_SELECT_H 1
| #define HAVE_SYS_SOCKET_H 1
| #define SELECT_TYPE_ARG1 int
| #define SELECT_TYPE_ARG234 (fd_set *)
| #define SELECT_TYPE_ARG5 (struct timeval *)
| #define HAVE_LRINT 1
| #define HAVE_LRINTF 1
| #define HAVE_LLRINT 1
| #define HAVE_LLRINTF 1
| #define HAVE_MEMMOVE 1
| #define HAVE_MEMSET 1
| #define HAVE_SELECT 1
| #define HAVE_STRCASECMP 1
| #define HAVE_STRCHR 1
| #define HAVE_STRDUP 1
| #define HAVE_STRERROR 1
| #define HAVE_STRSTR 1
| #define HAVE_STRTOL 1
| #define HAVE_GETTIMEOFDAY 1
| #define STDC_HEADERS 1
| #define HAVE_SYS_WAIT_H 1
| #define TIME_WITH_SYS_TIME 1
| /* end confdefs.h.  */
| #include <socket.h>
configure:13642: result: no
configure:13642: checking for socket.h
configure:13642: result: no
configure:13654: checking for inttypes.h
configure:13654: result: yes
configure:13666: checking for stdint.h
configure:13666: result: yes
configure:13678: checking for unistd.h
configure:13678: result: yes
configure:13690: checking for stdlib.h
configure:13690: result: yes
configure:13702: checking for string.h
configure:13702: result: yes
configure:13714: checking for strings.h
configure:13714: result: yes
configure:13726: checking malloc.h usability
configure:13726: aarch64-linux-android23-clang --sysroot /home/ak/Android/Sdk/ndk/26.0.10792818/toolchains/llvm/prebuilt/linux-x86_64/sysroot -c -fPIC  conftest.c >&5
configure:13726: $? = 0
configure:13726: result: yes
configure:13726: checking malloc.h presence
configure:13726: aarch64-linux-android23-clang --sysroot /home/ak/Android/Sdk/ndk/26.0.10792818/toolchains/llvm/prebuilt/linux-x86_64/sysroot -E  conftest.c
configure:13726: $? = 0
configure:13726: result: yes
configure:13726: checking for malloc.h
configure:13726: result: yes
configure:13738: checking tgmath.h usability
configure:13738: aarch64-linux-android23-clang --sysroot /home/ak/Android/Sdk/ndk/26.0.10792818/toolchains/llvm/prebuilt/linux-x86_64/sysroot -c -fPIC  conftest.c >&5
configure:13738: $? = 0
configure:13738: result: yes
configure:13738: checking tgmath.h presence
configure:13738: aarch64-linux-android23-clang --sysroot /home/ak/Android/Sdk/ndk/26.0.10792818/toolchains/llvm/prebuilt/linux-x86_64/sysroot -E  conftest.c
configure:13738: $? = 0
configure:13738: result: yes
configure:13738: checking for tgmath.h
configure:13738: result: yes
configure:13750: checking math.h usability
configure:13750: aarch64-linux-android23-clang --sysroot /home/ak/Android/Sdk/ndk/26.0.10792818/toolchains/llvm/prebuilt/linux-x86_64/sysroot -c -fPIC  conftest.c >&5
configure:13750: $? = 0
configure:13750: result: yes
configure:13750: checking math.h presence
configure:13750: aarch64-linux-android23-clang --sysroot /home/ak/Android/Sdk/ndk/26.0.10792818/toolchains/llvm/prebuilt/linux-x86_64/sysroot -E  conftest.c
configure:13750: $? = 0
configure:13750: result: yes
configure:13750: checking for math.h
configure:13750: result: yes
configure:13762: checking float.h usability
configure:13762: aarch64-linux-android23-clang --sysroot /home/ak/Android/Sdk/ndk/26.0.10792818/toolchains/llvm/prebuilt/linux-x86_64/sysroot -c -fPIC  conftest.c >&5
configure:13762: $? = 0
configure:13762: result: yes
configure:13762: checking float.h presence
configure:13762: aarch64-linux-android23-clang --sysroot /home/ak/Android/Sdk/ndk/26.0.10792818/toolchains/llvm/prebuilt/linux-x86_64/sysroot -E  conftest.c
configure:13762: $? = 0
configure:13762: result: yes
configure:13762: checking for float.h
configure:13762: result: yes
configure:13774: checking fcntl.h usability
configure:13774: aarch64-linux-android23-clang --sysroot /home/ak/Android/Sdk/ndk/26.0.10792818/toolchains/llvm/prebuilt/linux-x86_64/sysroot -c -fPIC  conftest.c >&5
configure:13774: $? = 0
configure:13774: result: yes
configure:13774: checking fcntl.h presence
configure:13774: aarch64-linux-android23-clang --sysroot /home/ak/Android/Sdk/ndk/26.0.10792818/toolchains/llvm/prebuilt/linux-x86_64/sysroot -E  conftest.c
configure:13774: $? = 0
configure:13774: result: yes
configure:13774: checking for fcntl.h
configure:13774: result: yes
configure:13786: checking sys/time.h usability
configure:13786: aarch64-linux-android23-clang --sysroot /home/ak/Android/Sdk/ndk/26.0.10792818/toolchains/llvm/prebuilt/linux-x86_64/sysroot -c -fPIC  conftest.c >&5
configure:13786: $? = 0
configure:13786: result: yes
configure:13786: checking sys/time.h presence
configure:13786: aarch64-linux-android23-clang --sysroot /home/ak/Android/Sdk/ndk/26.0.10792818/toolchains/llvm/prebuilt/linux-x86_64/sysroot -E  conftest.c
configure:13786: $? = 0
configure:13786: result: yes
configure:13786: checking for sys/time.h
configure:13786: result: yes
configure:13798: checking for sys/select.h
configure:13798: result: yes
configure:13810: checking sys/ioctl.h usability
configure:13810: aarch64-linux-android23-clang --sysroot /home/ak/Android/Sdk/ndk/26.0.10792818/toolchains/llvm/prebuilt/linux-x86_64/sysroot -c -fPIC  conftest.c >&5
configure:13810: $? = 0
configure:13810: result: yes
configure:13810: checking sys/ioctl.h presence
configure:13810: aarch64-linux-android23-clang --sysroot /home/ak/Android/Sdk/ndk/26.0.10792818/toolchains/llvm/prebuilt/linux-x86_64/sysroot -E  conftest.c
configure:13810: $? = 0
configure:13810: result: yes
configure:13810: checking for sys/ioctl.h
configure:13810: result: yes
configure:13822: checking sys/fcntl.h usability
configure:13822: aarch64-linux-android23-clang --sysroot /home/ak/Android/Sdk/ndk/26.0.10792818/toolchains/llvm/prebuilt/linux-x86_64/sysroot -c -fPIC  conftest.c >&5
configure:13822: $? = 0
configure:13822: result: yes
configure:13822: checking sys/fcntl.h presence
configure:13822: aarch64-linux-android23-clang --sysroot /home/ak/Android/Sdk/ndk/26.0.10792818/toolchains/llvm/prebuilt/linux-x86_64/sysroot -E  conftest.c
configure:13822: $? = 0
configure:13822: result: yes
configure:13822: checking for sys/fcntl.h
configure:13822: result: yes
configure:13834: checking audiofile.h usability
configure:13834: aarch64-linux-android23-clang --sysroot /home/ak/Android/Sdk/ndk/26.0.10792818/toolchains/llvm/prebuilt/linux-x86_64/sysroot -c -fPIC  conftest.c >&5
conftest.c:102:10: fatal error: 'audiofile.h' file not found
#include <audiofile.h>
         ^~~~~~~~~~~~~
1 error generated.
configure:13834: $? = 1
configure: failed program was:
| /* confdefs.h */
| #define PACKAGE_NAME "g722_1"
| #define PACKAGE_TARNAME "g722_1"
| #define PACKAGE_VERSION "0.2.0"
| #define PACKAGE_STRING "g722_1 0.2.0"
| #define PACKAGE_BUGREPORT ""
| #define PACKAGE_URL ""
| #define PACKAGE "g722_1"
| #define VERSION "0.2.0"
| #define STDC_HEADERS 1
| #define HAVE_SYS_TYPES_H 1
| #define HAVE_SYS_STAT_H 1
| #define HAVE_STDLIB_H 1
| #define HAVE_STRING_H 1
| #define HAVE_MEMORY_H 1
| #define HAVE_STRINGS_H 1
| #define HAVE_INTTYPES_H 1
| #define HAVE_STDINT_H 1
| #define HAVE_UNISTD_H 1
| #define HAVE_DLFCN_H 1
| #define LT_OBJDIR ".libs/"
| #define HAVE_LONG_LONG 1
| #define HAVE_LONG_DOUBLE 1
| #define RETSIGTYPE void
| #define HAVE_VPRINTF 1
| #define HAVE_STDLIB_H 1
| #define HAVE_MALLOC 1
| #define HAVE_STDLIB_H 1
| #define HAVE_REALLOC 0
| #define realloc rpl_realloc
| #define HAVE_SYS_SELECT_H 1
| #define HAVE_SYS_SOCKET_H 1
| #define SELECT_TYPE_ARG1 int
| #define SELECT_TYPE_ARG234 (fd_set *)
| #define SELECT_TYPE_ARG5 (struct timeval *)
| #define HAVE_LRINT 1
| #define HAVE_LRINTF 1
| #define HAVE_LLRINT 1
| #define HAVE_LLRINTF 1
| #define HAVE_MEMMOVE 1
| #define HAVE_MEMSET 1
| #define HAVE_SELECT 1
| #define HAVE_STRCASECMP 1
| #define HAVE_STRCHR 1
| #define HAVE_STRDUP 1
| #define HAVE_STRERROR 1
| #define HAVE_STRSTR 1
| #define HAVE_STRTOL 1
| #define HAVE_GETTIMEOFDAY 1
| #define STDC_HEADERS 1
| #define HAVE_SYS_WAIT_H 1
| #define TIME_WITH_SYS_TIME 1
| #define HAVE_INTTYPES_H 1
| #define HAVE_STDINT_H 1
| #define HAVE_UNISTD_H 1
| #define HAVE_STDLIB_H 1
| #define HAVE_STRING_H 1
| #define HAVE_STRINGS_H 1
| #define HAVE_MALLOC_H 1
| #define HAVE_TGMATH_H 1
| #define HAVE_MATH_H 1
| #define HAVE_FLOAT_H 1
| #define HAVE_FCNTL_H 1
| #define HAVE_SYS_TIME_H 1
| #define HAVE_SYS_SELECT_H 1
| #define HAVE_SYS_IOCTL_H 1
| #define HAVE_SYS_FCNTL_H 1
| /* end confdefs.h.  */
| #include <stdio.h>
| #ifdef HAVE_SYS_TYPES_H
| # include <sys/types.h>
| #endif
| #ifdef HAVE_SYS_STAT_H
| # include <sys/stat.h>
| #endif
| #ifdef STDC_HEADERS
| # include <stdlib.h>
| # include <stddef.h>
| #else
| # ifdef HAVE_STDLIB_H
| #  include <stdlib.h>
| # endif
| #endif
| #ifdef HAVE_STRING_H
| # if !defined STDC_HEADERS && defined HAVE_MEMORY_H
| #  include <memory.h>
| # endif
| # include <string.h>
| #endif
| #ifdef HAVE_STRINGS_H
| # include <strings.h>
| #endif
| #ifdef HAVE_INTTYPES_H
| # include <inttypes.h>
| #endif
| #ifdef HAVE_STDINT_H
| # include <stdint.h>
| #endif
| #ifdef HAVE_UNISTD_H
| # include <unistd.h>
| #endif
| #include <audiofile.h>
configure:13834: result: no
configure:13834: checking audiofile.h presence
configure:13834: aarch64-linux-android23-clang --sysroot /home/ak/Android/Sdk/ndk/26.0.10792818/toolchains/llvm/prebuilt/linux-x86_64/sysroot -E  conftest.c
conftest.c:69:10: fatal error: 'audiofile.h' file not found
#include <audiofile.h>
         ^~~~~~~~~~~~~
1 error generated.
configure:13834: $? = 1
configure: failed program was:
| /* confdefs.h */
| #define PACKAGE_NAME "g722_1"
| #define PACKAGE_TARNAME "g722_1"
| #define PACKAGE_VERSION "0.2.0"
| #define PACKAGE_STRING "g722_1 0.2.0"
| #define PACKAGE_BUGREPORT ""
| #define PACKAGE_URL ""
| #define PACKAGE "g722_1"
| #define VERSION "0.2.0"
| #define STDC_HEADERS 1
| #define HAVE_SYS_TYPES_H 1
| #define HAVE_SYS_STAT_H 1
| #define HAVE_STDLIB_H 1
| #define HAVE_STRING_H 1
| #define HAVE_MEMORY_H 1
| #define HAVE_STRINGS_H 1
| #define HAVE_INTTYPES_H 1
| #define HAVE_STDINT_H 1
| #define HAVE_UNISTD_H 1
| #define HAVE_DLFCN_H 1
| #define LT_OBJDIR ".libs/"
| #define HAVE_LONG_LONG 1
| #define HAVE_LONG_DOUBLE 1
| #define RETSIGTYPE void
| #define HAVE_VPRINTF 1
| #define HAVE_STDLIB_H 1
| #define HAVE_MALLOC 1
| #define HAVE_STDLIB_H 1
| #define HAVE_REALLOC 0
| #define realloc rpl_realloc
| #define HAVE_SYS_SELECT_H 1
| #define HAVE_SYS_SOCKET_H 1
| #define SELECT_TYPE_ARG1 int
| #define SELECT_TYPE_ARG234 (fd_set *)
| #define SELECT_TYPE_ARG5 (struct timeval *)
| #define HAVE_LRINT 1
| #define HAVE_LRINTF 1
| #define HAVE_LLRINT 1
| #define HAVE_LLRINTF 1
| #define HAVE_MEMMOVE 1
| #define HAVE_MEMSET 1
| #define HAVE_SELECT 1
| #define HAVE_STRCASECMP 1
| #define HAVE_STRCHR 1
| #define HAVE_STRDUP 1
| #define HAVE_STRERROR 1
| #define HAVE_STRSTR 1
| #define HAVE_STRTOL 1
| #define HAVE_GETTIMEOFDAY 1
| #define STDC_HEADERS 1
| #define HAVE_SYS_WAIT_H 1
| #define TIME_WITH_SYS_TIME 1
| #define HAVE_INTTYPES_H 1
| #define HAVE_STDINT_H 1
| #define HAVE_UNISTD_H 1
| #define HAVE_STDLIB_H 1
| #define HAVE_STRING_H 1
| #define HAVE_STRINGS_H 1
| #define HAVE_MALLOC_H 1
| #define HAVE_TGMATH_H 1
| #define HAVE_MATH_H 1
| #define HAVE_FLOAT_H 1
| #define HAVE_FCNTL_H 1
| #define HAVE_SYS_TIME_H 1
| #define HAVE_SYS_SELECT_H 1
| #define HAVE_SYS_IOCTL_H 1
| #define HAVE_SYS_FCNTL_H 1
| /* end confdefs.h.  */
| #include <audiofile.h>
configure:13834: result: no
configure:13834: checking for audiofile.h
configure:13834: result: no
configure:13887: checking for cos in -lm
configure:13912: aarch64-linux-android23-clang --sysroot /home/ak/Android/Sdk/ndk/26.0.10792818/toolchains/llvm/prebuilt/linux-x86_64/sysroot -o conftest -fPIC   conftest.c -lm   >&5
conftest.c:76:6: warning: incompatible redeclaration of library function 'cos' [-Wincompatible-library-redeclaration]
char cos ();
     ^
conftest.c:76:6: note: 'cos' is a builtin with type 'double (double)'
1 warning generated.
configure:13912: $? = 0
configure:13921: result: yes
configure:13933: checking for library containing sinf
configure:13964: aarch64-linux-android23-clang --sysroot /home/ak/Android/Sdk/ndk/26.0.10792818/toolchains/llvm/prebuilt/linux-x86_64/sysroot -o conftest -fPIC   conftest.c -lm  >&5
conftest.c:77:6: warning: incompatible redeclaration of library function 'sinf' [-Wincompatible-library-redeclaration]
char sinf ();
     ^
conftest.c:77:6: note: 'sinf' is a builtin with type 'float (float)'
1 warning generated.
configure:13964: $? = 0
configure:13981: result: none required
configure:13991: checking for library containing cosf
configure:14022: aarch64-linux-android23-clang --sysroot /home/ak/Android/Sdk/ndk/26.0.10792818/toolchains/llvm/prebuilt/linux-x86_64/sysroot -o conftest -fPIC   conftest.c -lm  >&5
conftest.c:78:6: warning: incompatible redeclaration of library function 'cosf' [-Wincompatible-library-redeclaration]
char cosf ();
     ^
conftest.c:78:6: note: 'cosf' is a builtin with type 'float (float)'
1 warning generated.
configure:14022: $? = 0
configure:14039: result: none required
configure:14049: checking for library containing tanf
configure:14080: aarch64-linux-android23-clang --sysroot /home/ak/Android/Sdk/ndk/26.0.10792818/toolchains/llvm/prebuilt/linux-x86_64/sysroot -o conftest -fPIC   conftest.c -lm  >&5
conftest.c:79:6: warning: incompatible redeclaration of library function 'tanf' [-Wincompatible-library-redeclaration]
char tanf ();
     ^
conftest.c:79:6: note: 'tanf' is a builtin with type 'float (float)'
1 warning generated.
configure:14080: $? = 0
configure:14097: result: none required
configure:14107: checking for library containing asinf
configure:14138: aarch64-linux-android23-clang --sysroot /home/ak/Android/Sdk/ndk/26.0.10792818/toolchains/llvm/prebuilt/linux-x86_64/sysroot -o conftest -fPIC   conftest.c -lm  >&5
conftest.c:80:6: warning: incompatible redeclaration of library function 'asinf' [-Wincompatible-library-redeclaration]
char asinf ();
     ^
conftest.c:80:6: note: 'asinf' is a builtin with type 'float (float)'
1 warning generated.
configure:14138: $? = 0
configure:14155: result: none required
configure:14165: checking for library containing acosf
configure:14196: aarch64-linux-android23-clang --sysroot /home/ak/Android/Sdk/ndk/26.0.10792818/toolchains/llvm/prebuilt/linux-x86_64/sysroot -o conftest -fPIC   conftest.c -lm  >&5
conftest.c:81:6: warning: incompatible redeclaration of library function 'acosf' [-Wincompatible-library-redeclaration]
char acosf ();
     ^
conftest.c:81:6: note: 'acosf' is a builtin with type 'float (float)'
1 warning generated.
configure:14196: $? = 0
configure:14213: result: none required
configure:14223: checking for library containing atanf
configure:14254: aarch64-linux-android23-clang --sysroot /home/ak/Android/Sdk/ndk/26.0.10792818/toolchains/llvm/prebuilt/linux-x86_64/sysroot -o conftest -fPIC   conftest.c -lm  >&5
conftest.c:82:6: warning: incompatible redeclaration of library function 'atanf' [-Wincompatible-library-redeclaration]
char atanf ();
     ^
conftest.c:82:6: note: 'atanf' is a builtin with type 'float (float)'
1 warning generated.
configure:14254: $? = 0
configure:14271: result: none required
configure:14281: checking for library containing atan2f
configure:14312: aarch64-linux-android23-clang --sysroot /home/ak/Android/Sdk/ndk/26.0.10792818/toolchains/llvm/prebuilt/linux-x86_64/sysroot -o conftest -fPIC   conftest.c -lm  >&5
conftest.c:83:6: warning: incompatible redeclaration of library function 'atan2f' [-Wincompatible-library-redeclaration]
char atan2f ();
     ^
conftest.c:83:6: note: 'atan2f' is a builtin with type 'float (float, float)'
1 warning generated.
configure:14312: $? = 0
configure:14329: result: none required
configure:14339: checking for library containing ceilf
configure:14370: aarch64-linux-android23-clang --sysroot /home/ak/Android/Sdk/ndk/26.0.10792818/toolchains/llvm/prebuilt/linux-x86_64/sysroot -o conftest -fPIC   conftest.c -lm  >&5
conftest.c:84:6: warning: incompatible redeclaration of library function 'ceilf' [-Wincompatible-library-redeclaration]
char ceilf ();
     ^
conftest.c:84:6: note: 'ceilf' is a builtin with type 'float (float)'
1 warning generated.
configure:14370: $? = 0
configure:14387: result: none required
configure:14397: checking for library containing floorf
configure:14428: aarch64-linux-android23-clang --sysroot /home/ak/Android/Sdk/ndk/26.0.10792818/toolchains/llvm/prebuilt/linux-x86_64/sysroot -o conftest -fPIC   conftest.c -lm  >&5
conftest.c:85:6: warning: incompatible redeclaration of library function 'floorf' [-Wincompatible-library-redeclaration]
char floorf ();
     ^
conftest.c:85:6: note: 'floorf' is a builtin with type 'float (float)'
1 warning generated.
configure:14428: $? = 0
configure:14445: result: none required
configure:14455: checking for library containing powf
configure:14486: aarch64-linux-android23-clang --sysroot /home/ak/Android/Sdk/ndk/26.0.10792818/toolchains/llvm/prebuilt/linux-x86_64/sysroot -o conftest -fPIC   conftest.c -lm  >&5
conftest.c:86:6: warning: incompatible redeclaration of library function 'powf' [-Wincompatible-library-redeclaration]
char powf ();
     ^
conftest.c:86:6: note: 'powf' is a builtin with type 'float (float, float)'
1 warning generated.
configure:14486: $? = 0
configure:14503: result: none required
configure:14513: checking for library containing expf
configure:14544: aarch64-linux-android23-clang --sysroot /home/ak/Android/Sdk/ndk/26.0.10792818/toolchains/llvm/prebuilt/linux-x86_64/sysroot -o conftest -fPIC   conftest.c -lm  >&5
conftest.c:87:6: warning: incompatible redeclaration of library function 'expf' [-Wincompatible-library-redeclaration]
char expf ();
     ^
conftest.c:87:6: note: 'expf' is a builtin with type 'float (float)'
1 warning generated.
configure:14544: $? = 0
configure:14561: result: none required
configure:14571: checking for library containing logf
configure:14602: aarch64-linux-android23-clang --sysroot /home/ak/Android/Sdk/ndk/26.0.10792818/toolchains/llvm/prebuilt/linux-x86_64/sysroot -o conftest -fPIC   conftest.c -lm  >&5
conftest.c:88:6: warning: incompatible redeclaration of library function 'logf' [-Wincompatible-library-redeclaration]
char logf ();
     ^
conftest.c:88:6: note: 'logf' is a builtin with type 'float (float)'
1 warning generated.
configure:14602: $? = 0
configure:14619: result: none required
configure:14629: checking for library containing log10f
configure:14660: aarch64-linux-android23-clang --sysroot /home/ak/Android/Sdk/ndk/26.0.10792818/toolchains/llvm/prebuilt/linux-x86_64/sysroot -o conftest -fPIC   conftest.c -lm  >&5
conftest.c:89:6: warning: incompatible redeclaration of library function 'log10f' [-Wincompatible-library-redeclaration]
char log10f ();
     ^
conftest.c:89:6: note: 'log10f' is a builtin with type 'float (float)'
1 warning generated.
configure:14660: $? = 0
configure:14677: result: none required
configure:14909: checking if aarch64-unknown-linux-android fails on misaligned memory access
configure:14931: result: no
configure:15108: checking that generated files are newer than configure
configure:15114: result: done
configure:15189: creating ./config.status

## ---------------------- ##
## Running config.status. ##
## ---------------------- ##

This file was extended by g722_1 config.status 0.2.0, which was
generated by GNU Autoconf 2.69.  Invocation command line was

  CONFIG_FILES    = 
  CONFIG_HEADERS  = 
  CONFIG_LINKS    = 
  CONFIG_COMMANDS = 
  $ ./config.status 

on mx

config.status:1248: creating Makefile
config.status:1248: creating doc/Makefile
config.status:1248: creating test-data/Makefile
config.status:1248: creating test-data/local/Makefile
config.status:1248: creating test-data/itu/Makefile
config.status:1248: creating src/Makefile
config.status:1248: creating src/g722_1.h
config.status:1248: creating tests/Makefile
config.status:1248: creating g722_1.pc
config.status:1248: creating g722_1.spec
config.status:1248: creating tests/regression_tests.sh
config.status:1248: creating src/config.h
config.status:1477: executing depfiles commands
config.status:1554: cd src       && sed -e '/# am--include-marker/d' Makefile         | make -f - am--depfiles
make[1]: Entering directory '/home/ak/org/libbaresip-android/g7221/src'
make[1]: Leaving directory '/home/ak/org/libbaresip-android/g7221/src'
config.status:1559: $? = 0
config.status:1554: cd tests       && sed -e '/# am--include-marker/d' Makefile         | make -f - am--depfiles
make[1]: Entering directory '/home/ak/org/libbaresip-android/g7221/tests'
make[1]: Leaving directory '/home/ak/org/libbaresip-android/g7221/tests'
config.status:1559: $? = 0
config.status:1477: executing libtool commands

## ---------------- ##
## Cache variables. ##
## ---------------- ##

ac_cv_build=x86_64-pc-linux-gnu
ac_cv_c99_flexible_array=yes
ac_cv_c99_llrint=yes
ac_cv_c99_llrintf=yes
ac_cv_c99_lrint=yes
ac_cv_c99_lrintf=yes
ac_cv_c_compiler_gnu=yes
ac_cv_c_const=yes
ac_cv_c_inline=inline
ac_cv_c_volatile=yes
ac_cv_cxx_compiler_gnu=yes
ac_cv_env_CCC_set=
ac_cv_env_CCC_value=
ac_cv_env_CC_set=set
ac_cv_env_CC_value='aarch64-linux-android23-clang --sysroot /home/ak/Android/Sdk/ndk/26.0.10792818/toolchains/llvm/prebuilt/linux-x86_64/sysroot'
ac_cv_env_CFLAGS_set=set
ac_cv_env_CFLAGS_value=-fPIC
ac_cv_env_CPPFLAGS_set=
ac_cv_env_CPPFLAGS_value=
ac_cv_env_CPP_set=
ac_cv_env_CPP_value=
ac_cv_env_CXXCPP_set=
ac_cv_env_CXXCPP_value=
ac_cv_env_CXXFLAGS_set=
ac_cv_env_CXXFLAGS_value=
ac_cv_env_CXX_set=
ac_cv_env_CXX_value=
ac_cv_env_LDFLAGS_set=
ac_cv_env_LDFLAGS_value=
ac_cv_env_LIBS_set=
ac_cv_env_LIBS_value=
ac_cv_env_LT_SYS_LIBRARY_PATH_set=
ac_cv_env_LT_SYS_LIBRARY_PATH_value=
ac_cv_env_build_alias_set=
ac_cv_env_build_alias_value=
ac_cv_env_host_alias_set=set
ac_cv_env_host_alias_value=aarch64-linux-android
ac_cv_env_target_alias_set=
ac_cv_env_target_alias_value=
ac_cv_func__doprnt=no
ac_cv_func_gettimeofday=yes
ac_cv_func_malloc_0_nonnull=yes
ac_cv_func_memcmp_working=no
ac_cv_func_memmove=yes
ac_cv_func_memset=yes
ac_cv_func_realloc_0_nonnull=no
ac_cv_func_select=yes
ac_cv_func_select_args='int,fd_set *,struct timeval *'
ac_cv_func_strcasecmp=yes
ac_cv_func_strchr=yes
ac_cv_func_strdup=yes
ac_cv_func_strerror=yes
ac_cv_func_strstr=yes
ac_cv_func_strtol=yes
ac_cv_func_vprintf=yes
ac_cv_header_audiofile_h=no
ac_cv_header_dlfcn_h=yes
ac_cv_header_fcntl_h=yes
ac_cv_header_float_h=yes
ac_cv_header_inttypes_h=yes
ac_cv_header_malloc_h=yes
ac_cv_header_math_h=yes
ac_cv_header_memory_h=yes
ac_cv_header_socket_h=no
ac_cv_header_stdc=yes
ac_cv_header_stdint_h=yes
ac_cv_header_stdlib_h=yes
ac_cv_header_string_h=yes
ac_cv_header_strings_h=yes
ac_cv_header_sys_fcntl_h=yes
ac_cv_header_sys_ioctl_h=yes
ac_cv_header_sys_select_h=yes
ac_cv_header_sys_socket_h=yes
ac_cv_header_sys_stat_h=yes
ac_cv_header_sys_time_h=yes
ac_cv_header_sys_types_h=yes
ac_cv_header_sys_wait_h=yes
ac_cv_header_tgmath_h=yes
ac_cv_header_time=yes
ac_cv_header_unistd_h=yes
ac_cv_host=aarch64-unknown-linux-android
ac_cv_lib_error_at_line=yes
ac_cv_lib_m_cos=yes
ac_cv_misaligned_access_fails_aarch64_unknown_linux_android=no
ac_cv_objext=o
ac_cv_path_EGREP='/usr/bin/grep -E'
ac_cv_path_FGREP='/usr/bin/grep -F'
ac_cv_path_GREP=/usr/bin/grep
ac_cv_path_SED=/usr/bin/sed
ac_cv_path_install='/usr/bin/install -c'
ac_cv_path_lt_DD=/usr/bin/dd
ac_cv_path_mkdir=/usr/bin/mkdir
ac_cv_prog_AR=llvm-ar
ac_cv_prog_AWK=gawk
ac_cv_prog_CC='aarch64-linux-android23-clang --sysroot /home/ak/Android/Sdk/ndk/26.0.10792818/toolchains/llvm/prebuilt/linux-x86_64/sysroot'
ac_cv_prog_CPP='aarch64-linux-android23-clang --sysroot /home/ak/Android/Sdk/ndk/26.0.10792818/toolchains/llvm/prebuilt/linux-x86_64/sysroot -E'
ac_cv_prog_CXXCPP='g++ -E'
ac_cv_prog_RANLIB=llvm-ranlib
ac_cv_prog_STRIP=strip
ac_cv_prog_ac_ct_CXX=g++
ac_cv_prog_ac_ct_DUMPBIN='link -dump'
ac_cv_prog_ac_ct_MANIFEST_TOOL=mt
ac_cv_prog_ac_ct_OBJDUMP=objdump
ac_cv_prog_ac_ct_STRIP=strip
ac_cv_prog_cc_c89=
ac_cv_prog_cc_g=yes
ac_cv_prog_cxx_g=yes
ac_cv_prog_gcc_traditional=no
ac_cv_prog_make_make_set=yes
ac_cv_search_acosf='none required'
ac_cv_search_asinf='none required'
ac_cv_search_atan2f='none required'
ac_cv_search_atanf='none required'
ac_cv_search_ceilf='none required'
ac_cv_search_cosf='none required'
ac_cv_search_expf='none required'
ac_cv_search_floorf='none required'
ac_cv_search_log10f='none required'
ac_cv_search_logf='none required'
ac_cv_search_powf='none required'
ac_cv_search_sinf='none required'
ac_cv_search_tanf='none required'
ac_cv_type_long_double=yes
ac_cv_type_long_long=yes
ac_cv_type_signal=void
am_cv_CC_dependencies_compiler_type=gcc3
am_cv_CXX_dependencies_compiler_type=gcc3
am_cv_make_support_nested_variables=yes
am_cv_prog_cc_c_o=yes
ax_cv_c_compiler_vendor=gnu
lt_cv_ar_at_file=@
lt_cv_deplibs_check_method=pass_all
lt_cv_file_magic_cmd='$MAGIC_CMD'
lt_cv_file_magic_test_file=
lt_cv_ld_reload_flag=-r
lt_cv_nm_interface='BSD nm'
lt_cv_objdir=.libs
lt_cv_path_LD=/home/ak/Android/Sdk/ndk/26.0.10792818/toolchains/llvm/prebuilt/linux-x86_64/bin/ld
lt_cv_path_LDCXX=/home/ak/Android/Sdk/ndk/26.0.10792818/toolchains/llvm/prebuilt/linux-x86_64/bin/ld
lt_cv_path_NM=no
lt_cv_path_mainfest_tool=no
lt_cv_prog_compiler_c_o=yes
lt_cv_prog_compiler_c_o_CXX=yes
lt_cv_prog_compiler_pic='-fPIC -DPIC'
lt_cv_prog_compiler_pic_CXX='-fPIC -DPIC'
lt_cv_prog_compiler_pic_works=yes
lt_cv_prog_compiler_pic_works_CXX=yes
lt_cv_prog_compiler_rtti_exceptions=yes
lt_cv_prog_compiler_static_works=yes
lt_cv_prog_compiler_static_works_CXX=yes
lt_cv_prog_gnu_ld=yes
lt_cv_prog_gnu_ldcxx=yes
lt_cv_sharedlib_from_linklib_cmd='printf %s\n'
lt_cv_sys_global_symbol_pipe='sed -n -e '\''s/^.*[	 ]\([ABCDGIRSTW][ABCDGIRSTW]*\)[	 ][	 ]*\([_A-Za-z][_A-Za-z0-9]*\)$/\1 \2 \2/p'\'' | sed '\''/ __gnu_lto/d'\'''
lt_cv_sys_global_symbol_to_c_name_address='sed -n -e '\''s/^: \(.*\) .*$/  {"\1", (void *) 0},/p'\'' -e '\''s/^[ABCDGIRSTW][ABCDGIRSTW]* .* \(.*\)$/  {"\1", (void *) \&\1},/p'\'''
lt_cv_sys_global_symbol_to_c_name_address_lib_prefix='sed -n -e '\''s/^: \(.*\) .*$/  {"\1", (void *) 0},/p'\'' -e '\''s/^[ABCDGIRSTW][ABCDGIRSTW]* .* \(lib.*\)$/  {"\1", (void *) \&\1},/p'\'' -e '\''s/^[ABCDGIRSTW][ABCDGIRSTW]* .* \(.*\)$/  {"lib\1", (void *) \&\1},/p'\'''
lt_cv_sys_global_symbol_to_cdecl='sed -n -e '\''s/^T .* \(.*\)$/extern int \1();/p'\'' -e '\''s/^[ABCDGIRSTW][ABCDGIRSTW]* .* \(.*\)$/extern char \1;/p'\'''
lt_cv_sys_global_symbol_to_import=
lt_cv_sys_max_cmd_len=1572864
lt_cv_to_host_file_cmd=func_convert_file_noop
lt_cv_to_tool_file_cmd=func_convert_file_noop
lt_cv_truncate_bin='/usr/bin/dd bs=4096 count=1'

## ----------------- ##
## Output variables. ##
## ----------------- ##

ACLOCAL='${SHELL} '\''/home/ak/org/libbaresip-android/g7221/config/missing'\'' aclocal-1.16'
AMDEPBACKSLASH='\'
AMDEP_FALSE='#'
AMDEP_TRUE=''
AMTAR='$${TAR-tar}'
AM_BACKSLASH='\'
AM_DEFAULT_V='$(AM_DEFAULT_VERBOSITY)'
AM_DEFAULT_VERBOSITY='1'
AM_V='$(V)'
AR='llvm-ar'
AUTOCONF='${SHELL} '\''/home/ak/org/libbaresip-android/g7221/config/missing'\'' autoconf'
AUTOHEADER='${SHELL} '\''/home/ak/org/libbaresip-android/g7221/config/missing'\'' autoheader'
AUTOMAKE='${SHELL} '\''/home/ak/org/libbaresip-android/g7221/config/missing'\'' automake-1.16'
AWK='gawk'
CC='aarch64-linux-android23-clang --sysroot /home/ak/Android/Sdk/ndk/26.0.10792818/toolchains/llvm/prebuilt/linux-x86_64/sysroot'
CCDEPMODE='depmode=gcc3'
CC_FOR_BUILD='gcc'
CFLAGS='-fPIC'
COMP_VENDOR_CFLAGS='-DNDEBUG -std=gnu99 -ffast-math -Wall -Wunused-variable -Wwrite-strings -Wstrict-prototypes -Wmissing-prototypes'
COMP_VENDOR_LDFLAGS=''
COND_DOC_FALSE=''
COND_DOC_TRUE='#'
COND_MMX_FALSE=''
COND_MMX_TRUE='#'
COND_SSE2_FALSE=''
COND_SSE2_TRUE='#'
COND_SSE3_FALSE=''
COND_SSE3_TRUE='#'
COND_SSE4A_FALSE=''
COND_SSE4A_TRUE='#'
COND_SSE4_1_FALSE=''
COND_SSE4_1_TRUE='#'
COND_SSE4_2_FALSE=''
COND_SSE4_2_TRUE='#'
COND_SSE5_FALSE=''
COND_SSE5_TRUE='#'
COND_SSE_FALSE=''
COND_SSE_TRUE='#'
COND_TESTDATA_FALSE=''
COND_TESTDATA_TRUE='#'
COND_TESTS_FALSE=''
COND_TESTS_TRUE='#'
CPP='aarch64-linux-android23-clang --sysroot /home/ak/Android/Sdk/ndk/26.0.10792818/toolchains/llvm/prebuilt/linux-x86_64/sysroot -E'
CPPFLAGS=''
CXX='g++'
CXXCPP='g++ -E'
CXXDEPMODE='depmode=gcc3'
CXXFLAGS='-g -O2'
CYGPATH_W='echo'
DEFS='-DHAVE_CONFIG_H'
DEPDIR='.deps'
DLLTOOL='false'
DSYMUTIL=''
DUMPBIN=':'
ECHO_C=''
ECHO_N='-n'
ECHO_T=''
EGREP='/usr/bin/grep -E'
EXEEXT=''
FGREP='/usr/bin/grep -F'
G722_1_LT_AGE='0'
G722_1_LT_CURRENT='0'
G722_1_LT_REVISION='2'
G722_1_USE_FIXED_POINT='#undef G722_1_USE_FIXED_POINT'
G722_1_VECTORS_FOR_TESTS='floating'
GREP='/usr/bin/grep'
INSERT_INTTYPES_HEADER='#include <inttypes.h>'
INSERT_MATH_HEADER='#include <math.h>'
INSERT_STDINT_HEADER='#include <stdint.h>'
INSERT_TGMATH_HEADER='#include <tgmath.h>'
INSTALL_DATA='${INSTALL} -m 644'
INSTALL_PROGRAM='${INSTALL}'
INSTALL_SCRIPT='${INSTALL}'
INSTALL_STRIP_PROGRAM='$(install_sh) -c -s'
LD='/home/ak/Android/Sdk/ndk/26.0.10792818/toolchains/llvm/prebuilt/linux-x86_64/bin/ld'
LDFLAGS=''
LIBOBJS=' ${LIBOBJDIR}memcmp$U.o ${LIBOBJDIR}realloc$U.o'
LIBS='-lm '
LIBTOOL='$(SHELL) $(top_builddir)/libtool'
LIPO=''
LN_S='ln -s'
LTLIBOBJS=' ${LIBOBJDIR}memcmp$U.lo ${LIBOBJDIR}realloc$U.lo'
LT_SYS_LIBRARY_PATH=''
MAKEINFO='${SHELL} '\''/home/ak/org/libbaresip-android/g7221/config/missing'\'' makeinfo'
MANIFEST_TOOL=':'
MKDIR_P='/usr/bin/mkdir -p'
NM='nm'
NMEDIT=''
OBJDUMP='objdump'
OBJEXT='o'
OTOOL64=''
OTOOL=''
PACKAGE='g722_1'
PACKAGE_BUGREPORT=''
PACKAGE_NAME='g722_1'
PACKAGE_STRING='g722_1 0.2.0'
PACKAGE_TARNAME='g722_1'
PACKAGE_URL=''
PACKAGE_VERSION='0.2.0'
PATH_SEPARATOR=':'
RANLIB='llvm-ranlib'
SED='/usr/bin/sed'
SET_MAKE=''
SHELL='/bin/bash'
STRIP='strip'
TESTLIBS=''
VERSION='0.2.0'
ac_ct_AR=''
ac_ct_CC=''
ac_ct_CXX='g++'
ac_ct_DUMPBIN='link -dump'
am__EXEEXT_FALSE=''
am__EXEEXT_TRUE='#'
am__fastdepCC_FALSE='#'
am__fastdepCC_TRUE=''
am__fastdepCXX_FALSE='#'
am__fastdepCXX_TRUE=''
am__include='include'
am__isrc=''
am__leading_dot='.'
am__nodep='_no'
am__quote=''
am__tar='$${TAR-tar} chof - "$$tardir"'
am__untar='$${TAR-tar} xf -'
bindir='${exec_prefix}/bin'
build='x86_64-pc-linux-gnu'
build_alias=''
build_cpu='x86_64'
build_os='linux-gnu'
build_vendor='pc'
datadir='${datarootdir}'
datarootdir='${prefix}/share'
docdir='${datarootdir}/doc/${PACKAGE_TARNAME}'
dvidir='${docdir}'
exec_prefix='${prefix}'
host='aarch64-unknown-linux-android'
host_alias='aarch64-linux-android'
host_cpu='aarch64'
host_os='linux-android'
host_vendor='unknown'
htmldir='${docdir}'
includedir='${prefix}/include'
infodir='${datarootdir}/info'
install_sh='${SHELL} /home/ak/org/libbaresip-android/g7221/config/install-sh'
libdir='${exec_prefix}/lib'
libexecdir='${exec_prefix}/libexec'
localedir='${datarootdir}/locale'
localstatedir='${prefix}/var'
mandir='${datarootdir}/man'
mkdir_p='$(MKDIR_P)'
oldincludedir='/usr/include'
pdfdir='${docdir}'
prefix='/usr/local'
program_transform_name='s,x,x,'
psdir='${docdir}'
runstatedir='${localstatedir}/run'
sbindir='${exec_prefix}/sbin'
sharedstatedir='${prefix}/com'
sysconfdir='${prefix}/etc'
target_alias=''

## ----------- ##
## confdefs.h. ##
## ----------- ##

/* confdefs.h */
#define PACKAGE_NAME "g722_1"
#define PACKAGE_TARNAME "g722_1"
#define PACKAGE_VERSION "0.2.0"
#define PACKAGE_STRING "g722_1 0.2.0"
#define PACKAGE_BUGREPORT ""
#define PACKAGE_URL ""
#define PACKAGE "g722_1"
#define VERSION "0.2.0"
#define STDC_HEADERS 1
#define HAVE_SYS_TYPES_H 1
#define HAVE_SYS_STAT_H 1
#define HAVE_STDLIB_H 1
#define HAVE_STRING_H 1
#define HAVE_MEMORY_H 1
#define HAVE_STRINGS_H 1
#define HAVE_INTTYPES_H 1
#define HAVE_STDINT_H 1
#define HAVE_UNISTD_H 1
#define HAVE_DLFCN_H 1
#define LT_OBJDIR ".libs/"
#define HAVE_LONG_LONG 1
#define HAVE_LONG_DOUBLE 1
#define RETSIGTYPE void
#define HAVE_VPRINTF 1
#define HAVE_STDLIB_H 1
#define HAVE_MALLOC 1
#define HAVE_STDLIB_H 1
#define HAVE_REALLOC 0
#define realloc rpl_realloc
#define HAVE_SYS_SELECT_H 1
#define HAVE_SYS_SOCKET_H 1
#define SELECT_TYPE_ARG1 int
#define SELECT_TYPE_ARG234 (fd_set *)
#define SELECT_TYPE_ARG5 (struct timeval *)
#define HAVE_LRINT 1
#define HAVE_LRINTF 1
#define HAVE_LLRINT 1
#define HAVE_LLRINTF 1
#define HAVE_MEMMOVE 1
#define HAVE_MEMSET 1
#define HAVE_SELECT 1
#define HAVE_STRCASECMP 1
#define HAVE_STRCHR 1
#define HAVE_STRDUP 1
#define HAVE_STRERROR 1
#define HAVE_STRSTR 1
#define HAVE_STRTOL 1
#define HAVE_GETTIMEOFDAY 1
#define STDC_HEADERS 1
#define HAVE_SYS_WAIT_H 1
#define TIME_WITH_SYS_TIME 1
#define HAVE_INTTYPES_H 1
#define HAVE_STDINT_H 1
#define HAVE_UNISTD_H 1
#define HAVE_STDLIB_H 1
#define HAVE_STRING_H 1
#define HAVE_STRINGS_H 1
#define HAVE_MALLOC_H 1
#define HAVE_TGMATH_H 1
#define HAVE_MATH_H 1
#define HAVE_FLOAT_H 1
#define HAVE_FCNTL_H 1
#define HAVE_SYS_TIME_H 1
#define HAVE_SYS_SELECT_H 1
#define HAVE_SYS_IOCTL_H 1
#define HAVE_SYS_FCNTL_H 1
#define HAVE_LIBM 1
#define HAVE_SINF 1
#define HAVE_COSF 1
#define HAVE_TANF 1
#define HAVE_ASINF 1
#define HAVE_ACOSF 1
#define HAVE_ATANF 1
#define HAVE_ATAN2F 1
#define HAVE_CEILF 1
#define HAVE_FLOORF 1
#define HAVE_POWF 1
#define HAVE_EXPF 1
#define HAVE_LOGF 1
#define HAVE_LOG10F 1

configure: exit 0
